Le chargement a nécessité le package : Matrix

Attachement du package : ‘tidyr’

Les objets suivants sont masqués depuis ‘package:Matrix’:

    expand, pack, unpack

Le chargement a nécessité le package : foreach
Le chargement a nécessité le package : iterators
Le chargement a nécessité le package : parallel
Le chargement a nécessité le package : rngtools
This build of rgl does not include OpenGL functions.  Use
 rglwidget() to display results, e.g. via options(rgl.printRglwidget = TRUE).
Le chargement a nécessité le package : Rcpp
Le chargement a nécessité le package : zigg
Le chargement a nécessité le package : RcppParallel

Attachement du package : ‘RcppParallel’

L'objet suivant est masqué depuis ‘package:Rcpp’:

    LdFlags


Rfast: 2.1.5.1
 ___ __ __ __ __    __ __ __ __ __ _             _               __ __ __ __ __     __ __ __ __ __ __   
|  __ __ __ __  |  |  __ __ __ __ _/            / \             |  __ __ __ __ /   /__ __ _   _ __ __\  
| |           | |  | |                         / _ \            | |                        / /          
| |           | |  | |                        / / \ \           | |                       / /          
| |           | |  | |                       / /   \ \          | |                      / /          
| |__ __ __ __| |  | |__ __ __ __           / /     \ \         | |__ __ __ __ _        / /__/\          
|    __ __ __ __|  |  __ __ __ __|         / /__ _ __\ \        |_ __ __ __ _   |      / ___  /           
|   \              | |                    / _ _ _ _ _ _ \                     | |      \/  / /       
| |\ \             | |                   / /           \ \                    | |         / /          
| | \ \            | |                  / /             \ \                   | |        / /          
| |  \ \           | |                 / /               \ \                  | |       / /          
| |   \ \__ __ _   | |                / /                 \ \     _ __ __ __ _| |      / /          
|_|    \__ __ __\  |_|               /_/                   \_\   /_ __ __ __ ___|      \/             team

Attachement du package : ‘Rfast’

Les objets suivants sont masqués depuis ‘package:robustbase’:

    colMedians, rowMedians

L'objet suivant est masqué depuis ‘package:data.table’:

    transpose

Le chargement a nécessité le package : lattice

Attachement du package : ‘plotly’

L'objet suivant est masqué depuis ‘package:ggplot2’:

    last_plot

L'objet suivant est masqué depuis ‘package:MASS’:

    select

L'objet suivant est masqué depuis ‘package:stats’:

    filter

L'objet suivant est masqué depuis ‘package:graphics’:

    layout


Attachement du package : ‘dplyr’

L'objet suivant est masqué depuis ‘package:Rfast’:

    nth

Les objets suivants sont masqués depuis ‘package:data.table’:

    between, first, last

L'objet suivant est masqué depuis ‘package:MASS’:

    select

Les objets suivants sont masqués depuis ‘package:stats’:

    filter, lag

Les objets suivants sont masqués depuis ‘package:base’:

    intersect, setdiff, setequal, union


Attachement du package : ‘kernlab’

L'objet suivant est masqué depuis ‘package:ggplot2’:

    alpha

Le chargement a nécessité le package : corpcor

Attachement du package : ‘corpcor’

L'objet suivant est masqué depuis ‘package:matrixcalc’:

    is.positive.definite

Loaded glmnet 4.1-8

Loaded mixOmics 6.31.5
Thank you for using mixOmics!
Tutorials: http://mixomics.org
Bookdown vignette: https://mixomicsteam.github.io/Bookdown
Questions, issues: Follow the prompts at http://mixomics.org/contact-us
Cite us:  citation('mixOmics')

[1] "kernel: linear"
[1] "trait: ZN"
                RF_wiser SVR_wiser GBLUP_wiser RKHS_wiser LASSO_wiser
gp_scenario_1      0.560      0.69       0.670       0.70        0.63
gp_scenario_2      0.620      0.67       0.620       0.68        0.60
gp_scenario_3      0.570      0.70       0.710       0.73        0.65
gp_scenario_4      0.710      0.81       0.730       0.81        0.70
gp_scenario_5      0.590      0.74       0.730       0.75        0.68
gp_scenario_6      0.650      0.74       0.680       0.72        0.67
gp_scenario_7      0.590      0.71       0.700       0.73        0.65
gp_scenario_8      0.500      0.69       0.590       0.65        0.67
gp_scenario_9      0.700      0.71       0.640       0.70        0.66
gp_scenario_10     0.530      0.69       0.720       0.72        0.60
gp_scenario_11     0.520      0.68       0.630       0.68        0.60
gp_scenario_12     0.660      0.71       0.620       0.68        0.73
gp_scenario_13     0.640      0.72       0.670       0.72        0.64
gp_scenario_14     0.750      0.76       0.730       0.77        0.78
gp_scenario_15     0.480      0.65       0.620       0.67        0.58
gp_scenario_16     0.560      0.72       0.660       0.71        0.63
gp_scenario_17     0.430      0.66       0.610       0.65        0.56
gp_scenario_18     0.630      0.76       0.690       0.73        0.60
gp_scenario_19     0.570      0.68       0.670       0.70        0.73
gp_scenario_20     0.600      0.72       0.710       0.74        0.64
gp_scenario_21     0.650      0.70       0.680       0.71        0.66
gp_scenario_22     0.600      0.74       0.700       0.74        0.72
gp_scenario_23     0.640      0.77       0.720       0.77        0.67
gp_scenario_24     0.660      0.74       0.700       0.74        0.68
gp_scenario_25     0.550      0.70       0.700       0.72        0.69
gp_scenario_26     0.640      0.68       0.660       0.68        0.65
gp_scenario_27     0.620      0.76       0.720       0.77        0.62
gp_scenario_28     0.610      0.71       0.670       0.72        0.64
gp_scenario_29     0.640      0.72       0.660       0.72        0.58
gp_scenario_30     0.680      0.78       0.730       0.79        0.60
gp_scenario_31     0.580      0.72       0.680       0.72        0.62
gp_scenario_32     0.530      0.61       0.580       0.62        0.57
gp_scenario_33     0.580      0.65       0.570       0.64        0.55
gp_scenario_34     0.700      0.81       0.750       0.81        0.76
gp_scenario_35     0.640      0.70       0.720       0.72        0.58
gp_scenario_36     0.560      0.66       0.630       0.67        0.58
gp_scenario_37     0.670      0.72       0.700       0.73        0.66
gp_scenario_38     0.620      0.72       0.710       0.75        0.70
gp_scenario_39     0.670      0.79       0.760       0.79        0.72
gp_scenario_40     0.490      0.54       0.520       0.54        0.54
gp_scenario_41     0.670      0.76       0.770       0.79        0.66
gp_scenario_42     0.720      0.77       0.710       0.78        0.69
gp_scenario_43     0.640      0.76       0.690       0.76        0.68
gp_scenario_44     0.460      0.60       0.560       0.60        0.55
gp_scenario_45     0.530      0.61       0.540       0.59        0.58
gp_scenario_46     0.590      0.67       0.640       0.69        0.72
gp_scenario_47     0.620      0.74       0.720       0.76        0.64
gp_scenario_48     0.690      0.77       0.710       0.76        0.63
gp_scenario_49     0.620      0.76       0.710       0.77        0.61
gp_scenario_50     0.610      0.68       0.640       0.67        0.56
gp_scenario_51     0.590      0.76       0.710       0.76        0.69
gp_scenario_52     0.600      0.72       0.680       0.72        0.66
gp_scenario_53     0.570      0.70       0.740       0.73        0.62
gp_scenario_54     0.580      0.72       0.680       0.72        0.71
gp_scenario_55     0.700      0.76       0.700       0.74        0.66
gp_scenario_56     0.540      0.68       0.690       0.71        0.59
gp_scenario_57     0.510      0.73       0.700       0.74        0.63
gp_scenario_58     0.570      0.69       0.620       0.68        0.57
gp_scenario_59     0.670      0.78       0.780       0.80        0.71
gp_scenario_60     0.600      0.70       0.650       0.69        0.61
gp_scenario_61     0.490      0.72       0.700       0.73        0.57
gp_scenario_62     0.680      0.73       0.660       0.71        0.68
gp_scenario_63     0.730      0.77       0.740       0.78        0.73
gp_scenario_64     0.550      0.68       0.660       0.69        0.63
gp_scenario_65     0.610      0.73       0.670       0.72        0.64
gp_scenario_66     0.520      0.70       0.660       0.72        0.62
gp_scenario_67     0.770      0.77       0.740       0.78        0.70
gp_scenario_68     0.760      0.85       0.780       0.85        0.71
gp_scenario_69     0.700      0.80       0.750       0.79        0.71
gp_scenario_70     0.340      0.44       0.410       0.43        0.38
gp_scenario_71     0.660      0.74       0.710       0.75        0.71
gp_scenario_72     0.640      0.73       0.700       0.74        0.62
gp_scenario_73     0.470      0.65       0.610       0.64        0.49
gp_scenario_74     0.580      0.75       0.690       0.75        0.69
gp_scenario_75     0.730      0.74       0.700       0.74        0.70
gp_scenario_76     0.580      0.68       0.680       0.69        0.62
gp_scenario_77     0.650      0.75       0.720       0.76        0.65
gp_scenario_78     0.640      0.74       0.740       0.75        0.68
gp_scenario_79     0.540      0.65       0.610       0.66        0.68
gp_scenario_80     0.660      0.74       0.710       0.75        0.67
gp_scenario_81     0.610      0.71       0.670       0.69        0.63
gp_scenario_82     0.600      0.71       0.640       0.70        0.64
gp_scenario_83     0.530      0.73       0.710       0.73        0.63
gp_scenario_84     0.660      0.74       0.730       0.74        0.67
gp_scenario_85     0.510      0.71       0.690       0.72        0.58
gp_scenario_86     0.570      0.74       0.670       0.72        0.54
gp_scenario_87     0.520      0.73       0.720       0.76        0.70
gp_scenario_88     0.590      0.62       0.600       0.62        0.63
gp_scenario_89     0.570      0.72       0.700       0.73        0.63
gp_scenario_90     0.560      0.70       0.660       0.69        0.61
gp_scenario_91     0.730      0.78       0.760       0.79        0.73
gp_scenario_92     0.640      0.69       0.630       0.68        0.64
gp_scenario_93     0.570      0.60       0.620       0.62        0.53
gp_scenario_94     0.510      0.75       0.710       0.74        0.60
gp_scenario_95     0.570      0.72       0.660       0.71        0.61
gp_scenario_96     0.570      0.70       0.690       0.71        0.58
gp_scenario_97     0.560      0.73       0.690       0.74        0.66
gp_scenario_98     0.680      0.74       0.680       0.73        0.69
gp_scenario_99     0.540      0.65       0.600       0.66        0.62
gp_scenario_100    0.500      0.73       0.690       0.73        0.64
pa_median          0.600      0.72       0.690       0.72        0.64
pa_iqr             0.093      0.05       0.052       0.06        0.08
                RF_ls_means SVR_ls_means GBLUP_ls_means RKHS_ls_means
gp_scenario_1          0.42         0.30           0.24          0.30
gp_scenario_2          0.52         0.40           0.35          0.43
gp_scenario_3          0.57         0.50           0.41          0.50
gp_scenario_4          0.38         0.39           0.35          0.41
gp_scenario_5          0.39         0.36           0.29          0.37
gp_scenario_6          0.14         0.33           0.40          0.32
gp_scenario_7          0.50         0.51           0.47          0.49
gp_scenario_8          0.38         0.33           0.29          0.34
gp_scenario_9          0.60         0.50           0.42          0.52
gp_scenario_10         0.51         0.45           0.42          0.44
gp_scenario_11         0.44         0.38           0.32          0.38
gp_scenario_12         0.51         0.30           0.23          0.30
gp_scenario_13         0.41         0.32           0.24          0.33
gp_scenario_14         0.57         0.50           0.43          0.51
gp_scenario_15         0.38         0.43           0.37          0.48
gp_scenario_16         0.38         0.41           0.30          0.42
gp_scenario_17         0.58         0.49           0.48          0.51
gp_scenario_18         0.32         0.28           0.27          0.27
gp_scenario_19         0.62         0.56           0.49          0.55
gp_scenario_20         0.32         0.40           0.32          0.42
gp_scenario_21         0.45         0.31           0.26          0.34
gp_scenario_22         0.54         0.64           0.60          0.59
gp_scenario_23         0.46         0.39           0.28          0.43
gp_scenario_24         0.42         0.35           0.31          0.36
gp_scenario_25         0.36         0.31           0.29          0.31
gp_scenario_26         0.41         0.32           0.29          0.34
gp_scenario_27         0.45         0.48           0.37          0.50
gp_scenario_28         0.46         0.46           0.43          0.47
gp_scenario_29         0.34         0.33           0.26          0.34
gp_scenario_30         0.54         0.51           0.44          0.54
gp_scenario_31         0.49         0.48           0.42          0.48
gp_scenario_32         0.28         0.17           0.12          0.17
gp_scenario_33         0.45         0.56           0.51          0.58
gp_scenario_34         0.38         0.28           0.25          0.35
gp_scenario_35         0.40         0.40           0.38          0.38
gp_scenario_36         0.28         0.20           0.21          0.21
gp_scenario_37         0.38         0.45           0.36          0.45
gp_scenario_38         0.46         0.39           0.43          0.48
gp_scenario_39         0.47         0.49           0.45          0.50
gp_scenario_40         0.40         0.28           0.26          0.32
gp_scenario_41         0.27         0.34           0.30          0.37
gp_scenario_42         0.40         0.44           0.37          0.45
gp_scenario_43         0.52         0.48           0.45          0.50
gp_scenario_44         0.47         0.31           0.23          0.32
gp_scenario_45         0.42         0.37           0.23          0.36
gp_scenario_46         0.47         0.47           0.39          0.50
gp_scenario_47         0.44         0.48           0.40          0.51
gp_scenario_48         0.35         0.28           0.26          0.29
gp_scenario_49         0.40         0.57           0.53          0.56
gp_scenario_50         0.37         0.39           0.31          0.37
gp_scenario_51         0.33         0.32           0.32          0.36
gp_scenario_52         0.53         0.51           0.44          0.49
gp_scenario_53         0.41         0.45           0.51          0.48
gp_scenario_54         0.34         0.36           0.33          0.36
gp_scenario_55         0.35         0.47           0.46          0.46
gp_scenario_56         0.35         0.37           0.45          0.40
gp_scenario_57         0.47         0.42           0.33          0.47
gp_scenario_58         0.40         0.38           0.33          0.39
gp_scenario_59         0.50         0.50           0.49          0.48
gp_scenario_60         0.50         0.38           0.32          0.39
gp_scenario_61         0.57         0.57           0.53          0.51
gp_scenario_62         0.44         0.39           0.37          0.41
gp_scenario_63         0.40         0.44           0.38          0.43
gp_scenario_64         0.36         0.41           0.38          0.44
gp_scenario_65         0.40         0.39           0.34          0.42
gp_scenario_66         0.38         0.43           0.40          0.44
gp_scenario_67         0.25         0.15           0.14          0.15
gp_scenario_68         0.50         0.53           0.40          0.56
gp_scenario_69         0.58         0.62           0.51          0.59
gp_scenario_70         0.51         0.29           0.17          0.31
gp_scenario_71         0.63         0.57           0.44          0.65
gp_scenario_72         0.36         0.33           0.26          0.33
gp_scenario_73         0.47         0.49           0.42          0.49
gp_scenario_74         0.31         0.31           0.27          0.33
gp_scenario_75         0.38         0.25           0.20          0.26
gp_scenario_76         0.37         0.35           0.30          0.34
gp_scenario_77         0.56         0.51           0.47          0.51
gp_scenario_78         0.41         0.49           0.48          0.48
gp_scenario_79         0.49         0.43           0.35          0.45
gp_scenario_80         0.35         0.29           0.23          0.29
gp_scenario_81         0.45         0.33           0.22          0.30
gp_scenario_82         0.38         0.21           0.13          0.23
gp_scenario_83         0.45         0.49           0.44          0.50
gp_scenario_84         0.46         0.59           0.58          0.60
gp_scenario_85         0.47         0.29           0.21          0.31
gp_scenario_86         0.46         0.33           0.21          0.35
gp_scenario_87         0.43         0.44           0.43          0.48
gp_scenario_88         0.34         0.27           0.22          0.27
gp_scenario_89         0.52         0.48           0.40          0.48
gp_scenario_90         0.47         0.43           0.36          0.45
gp_scenario_91         0.47         0.42           0.41          0.47
gp_scenario_92         0.37         0.29           0.27          0.28
gp_scenario_93         0.50         0.46           0.40          0.44
gp_scenario_94         0.41         0.49           0.47          0.48
gp_scenario_95         0.49         0.40           0.31          0.41
gp_scenario_96         0.38         0.36           0.31          0.37
gp_scenario_97         0.55         0.48           0.39          0.50
gp_scenario_98         0.50         0.51           0.40          0.54
gp_scenario_99         0.46         0.35           0.25          0.36
gp_scenario_100        0.31         0.25           0.16          0.24
pa_median              0.44         0.40           0.36          0.42
pa_iqr                 0.11         0.15           0.16          0.15
                LASSO_ls_means RF_blups SVR_blups GBLUP_blups RKHS_blups
gp_scenario_1             0.36     0.41      0.27        0.24       0.30
gp_scenario_2             0.43     0.51      0.41        0.35       0.43
gp_scenario_3             0.50     0.57      0.51        0.42       0.51
gp_scenario_4             0.49     0.39      0.36        0.35       0.42
gp_scenario_5             0.46     0.39      0.36        0.29       0.37
gp_scenario_6             0.22     0.14      0.31        0.40       0.32
gp_scenario_7             0.51     0.51      0.50        0.47       0.49
gp_scenario_8             0.42     0.40      0.33        0.30       0.34
gp_scenario_9             0.57     0.60      0.50        0.42       0.52
gp_scenario_10            0.36     0.55      0.44        0.42       0.45
gp_scenario_11            0.42     0.42      0.36        0.32       0.39
gp_scenario_12            0.42     0.51      0.32        0.23       0.30
gp_scenario_13            0.41     0.43      0.32        0.24       0.33
gp_scenario_14            0.50     0.57      0.51        0.43       0.51
gp_scenario_15            0.44     0.38      0.44        0.38       0.48
gp_scenario_16            0.41     0.38      0.41        0.31       0.43
gp_scenario_17            0.48     0.56      0.48        0.48       0.51
gp_scenario_18            0.42     0.34      0.29        0.28       0.27
gp_scenario_19            0.57     0.62      0.51        0.49       0.54
gp_scenario_20            0.42     0.31      0.39        0.32       0.42
gp_scenario_21            0.37     0.44      0.32        0.27       0.34
gp_scenario_22            0.56     0.55      0.63        0.60       0.60
gp_scenario_23            0.50     0.47      0.40        0.28       0.43
gp_scenario_24            0.45     0.44      0.35        0.31       0.36
gp_scenario_25            0.31     0.39      0.31        0.30       0.31
gp_scenario_26            0.52     0.39      0.32        0.29       0.34
gp_scenario_27            0.50     0.46      0.48        0.37       0.51
gp_scenario_28            0.57     0.47      0.45        0.43       0.47
gp_scenario_29            0.34     0.36      0.33        0.26       0.34
gp_scenario_30            0.42     0.54      0.51        0.45       0.54
gp_scenario_31            0.43     0.49      0.47        0.42       0.48
gp_scenario_32            0.37     0.30      0.17        0.13       0.18
gp_scenario_33            0.50     0.45      0.55        0.51       0.58
gp_scenario_34            0.26     0.37      0.29        0.25       0.35
gp_scenario_35            0.42     0.37      0.40        0.38       0.39
gp_scenario_36            0.13     0.30      0.21        0.21       0.21
gp_scenario_37            0.37     0.33      0.44        0.36       0.45
gp_scenario_38            0.51     0.47      0.40        0.43       0.48
gp_scenario_39            0.51     0.47      0.49        0.45       0.50
gp_scenario_40            0.35     0.36      0.27        0.27       0.32
gp_scenario_41            0.29     0.26      0.34        0.31       0.38
gp_scenario_42            0.37     0.42      0.45        0.37       0.45
gp_scenario_43            0.46     0.53      0.47        0.45       0.50
gp_scenario_44            0.34     0.48      0.31        0.23       0.32
gp_scenario_45            0.42     0.41      0.37        0.23       0.37
gp_scenario_46            0.56     0.49      0.45        0.39       0.50
gp_scenario_47            0.43     0.43      0.49        0.41       0.51
gp_scenario_48            0.25     0.35      0.28        0.26       0.30
gp_scenario_49            0.38     0.42      0.55        0.53       0.56
gp_scenario_50            0.35     0.39      0.38        0.32       0.38
gp_scenario_51            0.36     0.29      0.33        0.32       0.36
gp_scenario_52            0.54     0.53      0.52        0.44       0.49
gp_scenario_53            0.44     0.45      0.44        0.51       0.48
gp_scenario_54            0.46     0.35      0.35        0.34       0.36
gp_scenario_55            0.38     0.33      0.47        0.47       0.46
gp_scenario_56            0.44     0.35      0.38        0.45       0.40
gp_scenario_57            0.36     0.46      0.42        0.33       0.47
gp_scenario_58            0.32     0.37      0.39        0.34       0.39
gp_scenario_59            0.44     0.49      0.46        0.49       0.48
gp_scenario_60            0.51     0.50      0.37        0.32       0.39
gp_scenario_61            0.55     0.54      0.55        0.53       0.51
gp_scenario_62            0.44     0.45      0.36        0.37       0.41
gp_scenario_63            0.43     0.42      0.42        0.38       0.43
gp_scenario_64            0.38     0.36      0.42        0.38       0.45
gp_scenario_65            0.43     0.38      0.37        0.34       0.42
gp_scenario_66            0.43     0.35      0.42        0.41       0.45
gp_scenario_67            0.30     0.26      0.14        0.14       0.16
gp_scenario_68            0.45     0.50      0.52        0.41       0.56
gp_scenario_69            0.58     0.56      0.61        0.51       0.59
gp_scenario_70            0.57     0.51      0.28        0.17       0.31
gp_scenario_71            0.52     0.64      0.58        0.45       0.66
gp_scenario_72            0.45     0.35      0.30        0.26       0.33
gp_scenario_73            0.50     0.47      0.49        0.42       0.49
gp_scenario_74            0.29     0.33      0.30        0.27       0.34
gp_scenario_75            0.36     0.37      0.25        0.21       0.27
gp_scenario_76            0.36     0.37      0.33        0.30       0.34
gp_scenario_77            0.55     0.56      0.51        0.47       0.51
gp_scenario_78            0.40     0.43      0.46        0.48       0.48
gp_scenario_79            0.53     0.53      0.45        0.35       0.45
gp_scenario_80            0.30     0.36      0.29        0.23       0.29
gp_scenario_81            0.34     0.46      0.32        0.22       0.31
gp_scenario_82            0.40     0.37      0.22        0.13       0.23
gp_scenario_83            0.47     0.47      0.45        0.44       0.51
gp_scenario_84            0.50     0.46      0.60        0.58       0.60
gp_scenario_85            0.32     0.46      0.30        0.21       0.31
gp_scenario_86            0.40     0.45      0.35        0.21       0.35
gp_scenario_87            0.38     0.43      0.43        0.43       0.48
gp_scenario_88            0.31     0.34      0.26        0.22       0.27
gp_scenario_89            0.53     0.51      0.46        0.40       0.48
gp_scenario_90            0.45     0.50      0.42        0.36       0.45
gp_scenario_91            0.52     0.47      0.42        0.41       0.47
gp_scenario_92            0.37     0.37      0.26        0.27       0.28
gp_scenario_93            0.38     0.51      0.48        0.41       0.44
gp_scenario_94            0.44     0.42      0.47        0.48       0.48
gp_scenario_95            0.41     0.49      0.41        0.31       0.41
gp_scenario_96            0.35     0.38      0.36        0.31       0.37
gp_scenario_97            0.53     0.56      0.47        0.40       0.50
gp_scenario_98            0.48     0.48      0.53        0.40       0.54
gp_scenario_99            0.36     0.48      0.31        0.25       0.36
gp_scenario_100           0.31     0.29      0.26        0.17       0.24
pa_median                 0.42     0.44      0.40        0.36       0.43
pa_iqr                    0.14     0.12      0.15        0.16       0.15
                LASSO_blups RF_blups_pca SVR_blups_pca GBLUP_blups_pca
gp_scenario_1          0.36        0.200         0.100          0.1300
gp_scenario_2          0.39        0.440         0.330          0.3200
gp_scenario_3          0.50        0.280         0.310          0.2900
gp_scenario_4          0.49        0.210         0.180          0.2100
gp_scenario_5          0.44        0.360         0.330          0.2500
gp_scenario_6          0.25       -0.011         0.270          0.3900
gp_scenario_7          0.50        0.400         0.380          0.3700
gp_scenario_8          0.41        0.410         0.270          0.2100
gp_scenario_9          0.57        0.510         0.380          0.3500
gp_scenario_10         0.37        0.110         0.170          0.2500
gp_scenario_11         0.43        0.320         0.290          0.2600
gp_scenario_12         0.43        0.300         0.069          0.0500
gp_scenario_13         0.41        0.330         0.150          0.1200
gp_scenario_14         0.54        0.420         0.430          0.3600
gp_scenario_15         0.43        0.330         0.370          0.3000
gp_scenario_16         0.42        0.310         0.270          0.1700
gp_scenario_17         0.48        0.570         0.400          0.4300
gp_scenario_18         0.43        0.200         0.160          0.1900
gp_scenario_19         0.57        0.420         0.320          0.3800
gp_scenario_20         0.42        0.200         0.320          0.2500
gp_scenario_21         0.37        0.320         0.160          0.1100
gp_scenario_22         0.57        0.440         0.560          0.5600
gp_scenario_23         0.53        0.380         0.280          0.2000
gp_scenario_24         0.45        0.210         0.097          0.0980
gp_scenario_25         0.27        0.210         0.200          0.2400
gp_scenario_26         0.52        0.230         0.190          0.1900
gp_scenario_27         0.49        0.330         0.350          0.2400
gp_scenario_28         0.57        0.430         0.400          0.4000
gp_scenario_29         0.33        0.300         0.240          0.2100
gp_scenario_30         0.42        0.390         0.330          0.3200
gp_scenario_31         0.42        0.250         0.270          0.2600
gp_scenario_32         0.36        0.190         0.026          0.0240
gp_scenario_33         0.51        0.390         0.440          0.4600
gp_scenario_34         0.27        0.160         0.017          0.0770
gp_scenario_35         0.41        0.350         0.380          0.3500
gp_scenario_36         0.12        0.210         0.120          0.1600
gp_scenario_37         0.35        0.170         0.300          0.2600
gp_scenario_38         0.51        0.230         0.140          0.2600
gp_scenario_39         0.53        0.320         0.420          0.4000
gp_scenario_40         0.37        0.190         0.090          0.1600
gp_scenario_41         0.29        0.110         0.130          0.1500
gp_scenario_42         0.38        0.270         0.300          0.2200
gp_scenario_43         0.44        0.370         0.300          0.3500
gp_scenario_44         0.34        0.450         0.290          0.1900
gp_scenario_45         0.42        0.320         0.270          0.1800
gp_scenario_46         0.56        0.450         0.340          0.2900
gp_scenario_47         0.44        0.390         0.370          0.3200
gp_scenario_48         0.23        0.160         0.098          0.1200
gp_scenario_49         0.37        0.360         0.510          0.4800
gp_scenario_50         0.34        0.110         0.180          0.1500
gp_scenario_51         0.36        0.270         0.270          0.2600
gp_scenario_52         0.55        0.400         0.370          0.3300
gp_scenario_53         0.40        0.110         0.220          0.3900
gp_scenario_54         0.46        0.240         0.260          0.2700
gp_scenario_55         0.37        0.260         0.390          0.3800
gp_scenario_56         0.44        0.220         0.270          0.4000
gp_scenario_57         0.38        0.390         0.300          0.2600
gp_scenario_58         0.33        0.340         0.320          0.3000
gp_scenario_59         0.43        0.400         0.350          0.4100
gp_scenario_60         0.52        0.260         0.130          0.1500
gp_scenario_61         0.55        0.450         0.500          0.4700
gp_scenario_62         0.44        0.250         0.230          0.2800
gp_scenario_63         0.43        0.390         0.360          0.3300
gp_scenario_64         0.38        0.280         0.290          0.2900
gp_scenario_65         0.37        0.180         0.160          0.1600
gp_scenario_66         0.43        0.280         0.350          0.3700
gp_scenario_67         0.28        0.082        -0.062          0.0044
gp_scenario_68         0.46        0.380         0.370          0.3000
gp_scenario_69         0.58        0.480         0.530          0.4100
gp_scenario_70         0.51        0.380         0.130          0.0560
gp_scenario_71         0.52        0.380         0.430          0.3800
gp_scenario_72         0.45        0.091         0.098          0.1100
gp_scenario_73         0.50        0.410         0.410          0.3600
gp_scenario_74         0.29        0.330         0.230          0.1600
gp_scenario_75         0.36        0.220         0.057          0.0850
gp_scenario_76         0.48        0.180         0.160          0.1700
gp_scenario_77         0.55        0.340         0.320          0.3200
gp_scenario_78         0.40        0.320         0.340          0.4100
gp_scenario_79         0.54        0.420         0.380          0.2900
gp_scenario_80         0.31        0.110         0.180          0.1300
gp_scenario_81         0.34        0.210         0.170          0.1300
gp_scenario_82         0.39        0.290         0.120          0.0480
gp_scenario_83         0.48        0.260         0.330          0.3500
gp_scenario_84         0.49        0.330         0.450          0.5000
gp_scenario_85         0.32        0.280         0.160          0.1000
gp_scenario_86         0.40        0.240         0.120          0.0210
gp_scenario_87         0.39        0.480         0.400          0.4100
gp_scenario_88         0.31        0.230         0.150          0.1200
gp_scenario_89         0.54        0.200         0.260          0.2700
gp_scenario_90         0.46        0.370         0.280          0.2500
gp_scenario_91         0.52        0.380         0.300          0.3400
gp_scenario_92         0.35        0.240         0.130          0.2000
gp_scenario_93         0.40        0.380         0.360          0.3000
gp_scenario_94         0.41        0.270         0.380          0.4000
gp_scenario_95         0.39        0.290         0.240          0.2000
gp_scenario_96         0.35        0.240         0.210          0.1800
gp_scenario_97         0.52        0.510         0.360          0.3100
gp_scenario_98         0.49        0.330         0.410          0.3100
gp_scenario_99         0.38        0.170         0.064          0.1400
gp_scenario_100        0.31        0.250         0.230          0.1200
pa_median              0.42        0.300         0.280          0.2600
pa_iqr                 0.12        0.160         0.200          0.1900
                RKHS_blups_pca LASSO_blups_pca
gp_scenario_1            0.130           0.260
gp_scenario_2            0.330           0.420
gp_scenario_3            0.280           0.330
gp_scenario_4            0.210           0.360
gp_scenario_5            0.360           0.340
gp_scenario_6            0.260           0.071
gp_scenario_7            0.340           0.300
gp_scenario_8            0.300           0.350
gp_scenario_9            0.390           0.430
gp_scenario_10           0.170           0.180
gp_scenario_11           0.290           0.410
gp_scenario_12           0.029           0.200
gp_scenario_13           0.190           0.350
gp_scenario_14           0.430           0.400
gp_scenario_15           0.430           0.370
gp_scenario_16           0.270           0.380
gp_scenario_17           0.420           0.440
gp_scenario_18           0.097           0.280
gp_scenario_19           0.340           0.350
gp_scenario_20           0.360           0.220
gp_scenario_21           0.180           0.180
gp_scenario_22           0.450           0.450
gp_scenario_23           0.300           0.390
gp_scenario_24           0.110           0.280
gp_scenario_25           0.170           0.280
gp_scenario_26           0.200           0.350
gp_scenario_27           0.390           0.250
gp_scenario_28           0.410           0.510
gp_scenario_29           0.260           0.230
gp_scenario_30           0.350           0.250
gp_scenario_31           0.260           0.240
gp_scenario_32           0.044           0.240
gp_scenario_33           0.400           0.360
gp_scenario_34           0.110           0.044
gp_scenario_35           0.340           0.400
gp_scenario_36           0.100           0.097
gp_scenario_37           0.290           0.270
gp_scenario_38           0.210           0.330
gp_scenario_39           0.400           0.340
gp_scenario_40           0.150           0.210
gp_scenario_41           0.160           0.160
gp_scenario_42           0.270           0.230
gp_scenario_43           0.300           0.290
gp_scenario_44           0.300           0.470
gp_scenario_45           0.260           0.400
gp_scenario_46           0.390           0.450
gp_scenario_47           0.390           0.370
gp_scenario_48           0.099           0.049
gp_scenario_49           0.530           0.260
gp_scenario_50           0.180           0.180
gp_scenario_51           0.260           0.350
gp_scenario_52           0.280           0.440
gp_scenario_53           0.250           0.290
gp_scenario_54           0.250           0.370
gp_scenario_55           0.380           0.230
gp_scenario_56           0.240           0.310
gp_scenario_57           0.360           0.250
gp_scenario_58           0.330           0.240
gp_scenario_59           0.350           0.340
gp_scenario_60           0.140           0.290
gp_scenario_61           0.440           0.430
gp_scenario_62           0.260           0.310
gp_scenario_63           0.340           0.310
gp_scenario_64           0.310           0.160
gp_scenario_65           0.220           0.230
gp_scenario_66           0.350           0.350
gp_scenario_67          -0.066           0.076
gp_scenario_68           0.440           0.350
gp_scenario_69           0.500           0.490
gp_scenario_70           0.200           0.370
gp_scenario_71           0.460           0.430
gp_scenario_72           0.160           0.230
gp_scenario_73           0.400           0.400
gp_scenario_74           0.300           0.240
gp_scenario_75           0.060           0.210
gp_scenario_76           0.170           0.150
gp_scenario_77           0.280           0.340
gp_scenario_78           0.330           0.220
gp_scenario_79           0.380           0.550
gp_scenario_80           0.190           0.100
gp_scenario_81           0.150           0.220
gp_scenario_82           0.140           0.320
gp_scenario_83           0.370           0.360
gp_scenario_84           0.420           0.300
gp_scenario_85           0.190           0.250
gp_scenario_86           0.110           0.170
gp_scenario_87           0.470           0.380
gp_scenario_88           0.170           0.250
gp_scenario_89           0.250           0.210
gp_scenario_90           0.270           0.340
gp_scenario_91           0.330           0.390
gp_scenario_92           0.170           0.240
gp_scenario_93           0.300           0.260
gp_scenario_94           0.370           0.350
gp_scenario_95           0.220           0.160
gp_scenario_96           0.220           0.230
gp_scenario_97           0.400           0.460
gp_scenario_98           0.410           0.330
gp_scenario_99           0.100           0.260
gp_scenario_100          0.200           0.260
pa_median                0.280           0.300
pa_iqr                   0.180           0.140
                GBLUP_wiser GBLUP_ls_means GBLUP_blups GBLUP_blups_pca
gp_scenario_1          0.85           0.59        0.59          0.5100
gp_scenario_2          0.84           0.49        0.50          0.3400
gp_scenario_3          0.86           0.52        0.53          0.4300
gp_scenario_4          0.81           0.56        0.57          0.4900
gp_scenario_5          0.82           0.60        0.60          0.4200
gp_scenario_6          0.85           0.54        0.54          0.4200
gp_scenario_7          0.84           0.48        0.49          0.3500
gp_scenario_8          0.88           0.62        0.62          0.5100
gp_scenario_9          0.84           0.50        0.51          0.3600
gp_scenario_10         0.82           0.59        0.59          0.5300
gp_scenario_11         0.82           0.50        0.50          0.3600
gp_scenario_12         0.86           0.62        0.62          0.5800
gp_scenario_13         0.86           0.63        0.64          0.5600
gp_scenario_14         0.84           0.49        0.50          0.2600
gp_scenario_15         0.84           0.53        0.54          0.3400
gp_scenario_16         0.85           0.58        0.59          0.5000
gp_scenario_17         0.84           0.44        0.45          0.1900
gp_scenario_18         0.84           0.60        0.60          0.5300
gp_scenario_19         0.84           0.50        0.51          0.3800
gp_scenario_20         0.83           0.54        0.54          0.3900
gp_scenario_21         0.85           0.62        0.62          0.5400
gp_scenario_22         0.85           0.35        0.35          0.0032
gp_scenario_23         0.81           0.57        0.57          0.4600
gp_scenario_24         0.83           0.55        0.56          0.4800
gp_scenario_25         0.82           0.62        0.62          0.5400
gp_scenario_26         0.85           0.59        0.59          0.5200
gp_scenario_27         0.84           0.48        0.49          0.2900
gp_scenario_28         0.84           0.47        0.47          0.2500
gp_scenario_29         0.85           0.63        0.64          0.5400
gp_scenario_30         0.82           0.54        0.54          0.4400
gp_scenario_31         0.85           0.52        0.52          0.4200
gp_scenario_32         0.88           0.68        0.68          0.6100
gp_scenario_33         0.85           0.38        0.38          0.0077
gp_scenario_34         0.83           0.66        0.67          0.6200
gp_scenario_35         0.80           0.51        0.52          0.3600
gp_scenario_36         0.84           0.61        0.61          0.5200
gp_scenario_37         0.82           0.48        0.48          0.3500
gp_scenario_38         0.85           0.55        0.55          0.4900
gp_scenario_39         0.83           0.45        0.46          0.0120
gp_scenario_40         0.85           0.63        0.63          0.5500
gp_scenario_41         0.83           0.60        0.60          0.5200
gp_scenario_42         0.80           0.51        0.51          0.4100
gp_scenario_43         0.86           0.49        0.49          0.3500
gp_scenario_44         0.85           0.62        0.62          0.5000
gp_scenario_45         0.89           0.57        0.57          0.4500
gp_scenario_46         0.83           0.50        0.50          0.3300
gp_scenario_47         0.85           0.51        0.52          0.3600
gp_scenario_48         0.83           0.62        0.62          0.5500
gp_scenario_49         0.82           0.39        0.40          0.0360
gp_scenario_50         0.87           0.64        0.65          0.5900
gp_scenario_51         0.82           0.52        0.53          0.3800
gp_scenario_52         0.82           0.49        0.49          0.3800
gp_scenario_53         0.83           0.53        0.54          0.4500
gp_scenario_54         0.84           0.55        0.55          0.4200
gp_scenario_55         0.86           0.56        0.56          0.4200
gp_scenario_56         0.79           0.49        0.50          0.3800
gp_scenario_57         0.83           0.57        0.57          0.4300
gp_scenario_58         0.86           0.59        0.59          0.4300
gp_scenario_59         0.80           0.46        0.47          0.3300
gp_scenario_60         0.89           0.62        0.63          0.5700
gp_scenario_61         0.83           0.49        0.49          0.3100
gp_scenario_62         0.87           0.60        0.60          0.5300
gp_scenario_63         0.82           0.50        0.50          0.3500
gp_scenario_64         0.86           0.54        0.55          0.4200
gp_scenario_65         0.83           0.58        0.58          0.5000
gp_scenario_66         0.82           0.50        0.51          0.3600
gp_scenario_67         0.83           0.67        0.67          0.6200
gp_scenario_68         0.82           0.50        0.50          0.3300
gp_scenario_69         0.84           0.42        0.43          0.1500
gp_scenario_70         0.86           0.62        0.62          0.5300
gp_scenario_71         0.81           0.44        0.45          0.2400
gp_scenario_72         0.85           0.66        0.67          0.6000
gp_scenario_73         0.86           0.50        0.51          0.3600
gp_scenario_74         0.83           0.57        0.57          0.4100
gp_scenario_75         0.85           0.63        0.63          0.5800
gp_scenario_76         0.87           0.62        0.62          0.5400
gp_scenario_77         0.84           0.49        0.50          0.4000
gp_scenario_78         0.80           0.49        0.50          0.3800
gp_scenario_79         0.86           0.51        0.51          0.2600
gp_scenario_80         0.81           0.62        0.62          0.5200
gp_scenario_81         0.87           0.57        0.58          0.4800
gp_scenario_82         0.83           0.68        0.69          0.6100
gp_scenario_83         0.83           0.46        0.46          0.3000
gp_scenario_84         0.84           0.45        0.45          0.2900
gp_scenario_85         0.81           0.67        0.67          0.6100
gp_scenario_86         0.85           0.58        0.58          0.4900
gp_scenario_87         0.82           0.55        0.56          0.2700
gp_scenario_88         0.86           0.59        0.60          0.5000
gp_scenario_89         0.85           0.50        0.51          0.4100
gp_scenario_90         0.79           0.49        0.50          0.3800
gp_scenario_91         0.83           0.55        0.56          0.4500
gp_scenario_92         0.85           0.61        0.62          0.5300
gp_scenario_93         0.85           0.55        0.56          0.4600
gp_scenario_94         0.82           0.45        0.45          0.2300
gp_scenario_95         0.85           0.56        0.57          0.4600
gp_scenario_96         0.83           0.58        0.58          0.4800
gp_scenario_97         0.80           0.50        0.50          0.3300
gp_scenario_98         0.87           0.52        0.53          0.3800
gp_scenario_99         0.84           0.57        0.57          0.5100
gp_scenario_100        0.85           0.63        0.63          0.5100
h2_median              0.84           0.55        0.56          0.4200
h2_iqr                 0.03           0.10        0.10          0.1700
