Le chargement a nécessité le package : Matrix

Attachement du package : ‘tidyr’

Les objets suivants sont masqués depuis ‘package:Matrix’:

    expand, pack, unpack

Le chargement a nécessité le package : foreach
Le chargement a nécessité le package : iterators
Le chargement a nécessité le package : parallel
Le chargement a nécessité le package : rngtools
This build of rgl does not include OpenGL functions.  Use
 rglwidget() to display results, e.g. via options(rgl.printRglwidget = TRUE).
Le chargement a nécessité le package : Rcpp
Le chargement a nécessité le package : RcppZiggurat
Le chargement a nécessité le package : RcppParallel

Attachement du package : ‘RcppParallel’

L'objet suivant est masqué depuis ‘package:Rcpp’:

    LdFlags


Rfast: 2.1.0
 ___ __ __ __ __    __ __ __ __ __ _             _               __ __ __ __ __     __ __ __ __ __ __   
|  __ __ __ __  |  |  __ __ __ __ _/            / \             |  __ __ __ __ /   /__ __ _   _ __ __\  
| |           | |  | |                         / _ \            | |                        / /          
| |           | |  | |                        / / \ \           | |                       / /          
| |           | |  | |                       / /   \ \          | |                      / /          
| |__ __ __ __| |  | |__ __ __ __           / /     \ \         | |__ __ __ __ _        / /__/\          
|    __ __ __ __|  |  __ __ __ __|         / /__ _ __\ \        |_ __ __ __ _   |      / ___  /           
|   \              | |                    / _ _ _ _ _ _ \                     | |      \/  / /       
| |\ \             | |                   / /           \ \                    | |         / /          
| | \ \            | |                  / /             \ \                   | |        / /          
| |  \ \           | |                 / /               \ \                  | |       / /          
| |   \ \__ __ _   | |                / /                 \ \     _ __ __ __ _| |      / /          
|_|    \__ __ __\  |_|               /_/                   \_\   /_ __ __ __ ___|      \/             team

Attachement du package : ‘Rfast’

Les objets suivants sont masqués depuis ‘package:robustbase’:

    colMedians, rowMedians

L'objet suivant est masqué depuis ‘package:data.table’:

    transpose

Le chargement a nécessité le package : lattice

Attachement du package : ‘plotly’

L'objet suivant est masqué depuis ‘package:ggplot2’:

    last_plot

L'objet suivant est masqué depuis ‘package:MASS’:

    select

L'objet suivant est masqué depuis ‘package:stats’:

    filter

L'objet suivant est masqué depuis ‘package:graphics’:

    layout


Attachement du package : ‘dplyr’

L'objet suivant est masqué depuis ‘package:Rfast’:

    nth

Les objets suivants sont masqués depuis ‘package:data.table’:

    between, first, last

L'objet suivant est masqué depuis ‘package:MASS’:

    select

Les objets suivants sont masqués depuis ‘package:stats’:

    filter, lag

Les objets suivants sont masqués depuis ‘package:base’:

    intersect, setdiff, setequal, union


Attachement du package : ‘kernlab’

L'objet suivant est masqué depuis ‘package:ggplot2’:

    alpha

Le chargement a nécessité le package : corpcor

Attachement du package : ‘corpcor’

L'objet suivant est masqué depuis ‘package:matrixcalc’:

    is.positive.definite

Loaded glmnet 4.1-8

Loaded mixOmics 6.25.1
Thank you for using mixOmics!
Tutorials: http://mixomics.org
Bookdown vignette: https://mixomicsteam.github.io/Bookdown
Questions, issues: Follow the prompts at http://mixomics.org/contact-us
Cite us:  citation('mixOmics')

[1] "kernel: linear"
[1] "trait: YLD"
Growing trees.. Progress: 99%. Estimated remaining time: 0 seconds.
Growing trees.. Progress: 99%. Estimated remaining time: 0 seconds.
Growing trees.. Progress: 98%. Estimated remaining time: 0 seconds.
Growing trees.. Progress: 90%. Estimated remaining time: 3 seconds.
Growing trees.. Progress: 96%. Estimated remaining time: 1 seconds.
Growing trees.. Progress: 93%. Estimated remaining time: 2 seconds.
Growing trees.. Progress: 98%. Estimated remaining time: 0 seconds.
Growing trees.. Progress: 98%. Estimated remaining time: 0 seconds.
Growing trees.. Progress: 96%. Estimated remaining time: 1 seconds.
Growing trees.. Progress: 100%. Estimated remaining time: 0 seconds.
Growing trees.. Progress: 99%. Estimated remaining time: 0 seconds.
Growing trees.. Progress: 96%. Estimated remaining time: 1 seconds.
Growing trees.. Progress: 98%. Estimated remaining time: 0 seconds.
Growing trees.. Progress: 97%. Estimated remaining time: 0 seconds.
Growing trees.. Progress: 93%. Estimated remaining time: 2 seconds.
Growing trees.. Progress: 92%. Estimated remaining time: 2 seconds.
Growing trees.. Progress: 98%. Estimated remaining time: 0 seconds.
Growing trees.. Progress: 100%. Estimated remaining time: 0 seconds.
Growing trees.. Progress: 93%. Estimated remaining time: 2 seconds.
Growing trees.. Progress: 83%. Estimated remaining time: 6 seconds.
Growing trees.. Progress: 95%. Estimated remaining time: 1 seconds.
$opt_results
   whitening_method alpha_ prediction_method   mean_pa white_reg_combination
6          Cholesky    0.1                rf 0.4921662          Cholesky/0.1
12         Cholesky    0.1               svr 0.6259444          Cholesky/0.1
18         Cholesky    0.1             gblup 0.5867140          Cholesky/0.1
24         Cholesky    0.1              rkhs 0.6244982          Cholesky/0.1
30         Cholesky    0.1             lasso 0.5202924          Cholesky/0.1

$opt_alpha_
[1] 0.1

$opt_whitening_method
[1] "Cholesky"

[1] "Execution time for wiser computation of YLD with linear kernel : 1.11"
[1] "x_mat_tilde_mult_xi_test[1:10]: -1.55285831936192e-12, -2.96574525734169e-14, -3.59612174565503e-14, -2.2733551999709e-14, -1.25275601151672e-15"
[1] "mean of x_mat_tilde_mult_xi_test: -4.69489641038737e-14"
[1] "median of x_mat_tilde_mult_xi_test: -1.60850944702287e-14"
                RF_wiser SVR_wiser GBLUP_wiser RKHS_wiser LASSO_wiser
gp_scenario_1       0.53     0.670        0.60       0.66        0.42
gp_scenario_2       0.51     0.580        0.54       0.56        0.43
gp_scenario_3       0.56     0.640        0.57       0.64        0.45
gp_scenario_4       0.59     0.720        0.63       0.71        0.57
gp_scenario_5       0.50     0.670        0.66       0.69        0.60
gp_scenario_6       0.52     0.700        0.64       0.70        0.59
gp_scenario_7       0.54     0.650        0.59       0.64        0.53
gp_scenario_8       0.51     0.640        0.56       0.63        0.62
gp_scenario_9       0.60     0.690        0.65       0.71        0.64
gp_scenario_10      0.55     0.720        0.72       0.73        0.54
gp_scenario_11      0.59     0.630        0.55       0.59        0.54
gp_scenario_12      0.48     0.630        0.58       0.62        0.60
gp_scenario_13      0.55     0.650        0.61       0.66        0.65
gp_scenario_14      0.50     0.700        0.69       0.70        0.51
gp_scenario_15      0.52     0.640        0.61       0.67        0.58
gp_scenario_16      0.44     0.610        0.60       0.62        0.51
gp_scenario_17      0.53     0.670        0.67       0.67        0.56
gp_scenario_18      0.58     0.700        0.62       0.68        0.61
gp_scenario_19      0.55     0.740        0.72       0.77        0.64
gp_scenario_20      0.57     0.700        0.69       0.72        0.60
gp_scenario_21      0.57     0.700        0.68       0.71        0.64
gp_scenario_22      0.54     0.660        0.61       0.65        0.52
gp_scenario_23      0.55     0.650        0.64       0.68        0.55
gp_scenario_24      0.54     0.680        0.62       0.68        0.55
gp_scenario_25      0.56     0.680        0.62       0.68        0.52
gp_scenario_26      0.62     0.710        0.66       0.70        0.61
gp_scenario_27      0.58     0.730        0.71       0.74        0.60
gp_scenario_28      0.49     0.630        0.61       0.64        0.61
gp_scenario_29      0.66     0.690        0.70       0.72        0.65
gp_scenario_30      0.36     0.510        0.44       0.50        0.42
gp_scenario_31      0.52     0.600        0.60       0.63        0.55
gp_scenario_32      0.56     0.650        0.56       0.64        0.60
gp_scenario_33      0.24     0.510        0.49       0.54        0.42
gp_scenario_34      0.54     0.700        0.66       0.71        0.63
gp_scenario_35      0.58     0.690        0.67       0.69        0.49
gp_scenario_36      0.43     0.600        0.63       0.65        0.58
gp_scenario_37      0.69     0.730        0.63       0.71        0.62
gp_scenario_38      0.65     0.790        0.69       0.77        0.52
gp_scenario_39      0.68     0.720        0.63       0.71        0.64
gp_scenario_40      0.32     0.530        0.45       0.51        0.35
gp_scenario_41      0.64     0.760        0.76       0.77        0.70
gp_scenario_42      0.53     0.670        0.62       0.65        0.48
gp_scenario_43      0.52     0.710        0.64       0.71        0.60
gp_scenario_44      0.35     0.570        0.47       0.57        0.43
gp_scenario_45      0.52     0.650        0.63       0.65        0.59
gp_scenario_46      0.53     0.670        0.67       0.68        0.56
gp_scenario_47      0.54     0.670        0.66       0.68        0.60
gp_scenario_48      0.56     0.700        0.57       0.67        0.65
gp_scenario_49      0.47     0.670        0.61       0.68        0.55
gp_scenario_50      0.60     0.710        0.68       0.73        0.67
gp_scenario_51      0.48     0.650        0.61       0.65        0.48
gp_scenario_52      0.59     0.670        0.62       0.66        0.54
gp_scenario_53      0.48     0.610        0.56       0.62        0.54
gp_scenario_54      0.55     0.670        0.63       0.69        0.57
gp_scenario_55      0.64     0.710        0.62       0.69        0.60
gp_scenario_56      0.58     0.640        0.58       0.64        0.63
gp_scenario_57      0.41     0.610        0.58       0.60        0.59
gp_scenario_58      0.56     0.630        0.52       0.60        0.61
gp_scenario_59      0.58     0.770        0.77       0.77        0.60
gp_scenario_60      0.58     0.590        0.52       0.57        0.56
gp_scenario_61      0.51     0.650        0.60       0.65        0.58
gp_scenario_62      0.42     0.530        0.40       0.48        0.46
gp_scenario_63      0.69     0.710        0.62       0.69        0.63
gp_scenario_64      0.56     0.670        0.63       0.67        0.58
gp_scenario_65      0.52     0.730        0.71       0.76        0.62
gp_scenario_66      0.52     0.630        0.61       0.63        0.53
gp_scenario_67      0.61     0.740        0.71       0.74        0.66
gp_scenario_68      0.54     0.670        0.60       0.67        0.61
gp_scenario_69      0.54     0.750        0.68       0.73        0.61
gp_scenario_70      0.46     0.530        0.50       0.55        0.49
gp_scenario_71      0.55     0.690        0.65       0.70        0.62
gp_scenario_72      0.43     0.610        0.60       0.61        0.50
gp_scenario_73      0.49     0.640        0.54       0.61        0.52
gp_scenario_74      0.61     0.760        0.74       0.77        0.70
gp_scenario_75      0.63     0.690        0.62       0.68        0.65
gp_scenario_76      0.56     0.670        0.62       0.66        0.64
gp_scenario_77      0.44     0.650        0.60       0.64        0.53
gp_scenario_78      0.67     0.710        0.66       0.72        0.65
gp_scenario_79      0.56     0.700        0.63       0.69        0.58
gp_scenario_80      0.54     0.690        0.69       0.70        0.62
gp_scenario_81      0.55     0.660        0.59       0.64        0.51
gp_scenario_82      0.57     0.750        0.64       0.73        0.60
gp_scenario_83      0.55     0.670        0.53       0.63        0.62
gp_scenario_84      0.49     0.580        0.57       0.59        0.48
gp_scenario_85      0.58     0.750        0.72       0.76        0.68
gp_scenario_86      0.47     0.640        0.62       0.63        0.57
gp_scenario_87      0.55     0.700        0.58       0.67        0.59
gp_scenario_88      0.60     0.670        0.64       0.66        0.62
gp_scenario_89      0.51     0.600        0.51       0.59        0.46
gp_scenario_90      0.59     0.670        0.60       0.66        0.61
gp_scenario_91      0.51     0.650        0.60       0.64        0.54
gp_scenario_92      0.55     0.600        0.50       0.57        0.58
gp_scenario_93      0.51     0.760        0.76       0.75        0.63
gp_scenario_94      0.62     0.730        0.69       0.74        0.61
gp_scenario_95      0.41     0.600        0.45       0.55        0.63
gp_scenario_96      0.53     0.720        0.62       0.71        0.59
gp_scenario_97      0.50     0.720        0.72       0.74        0.60
gp_scenario_98      0.52     0.620        0.51       0.58        0.50
gp_scenario_99      0.57     0.670        0.62       0.66        0.62
gp_scenario_100     0.51     0.660        0.68       0.69        0.50
pa_median           0.54     0.670        0.62       0.67        0.59
pa_iqr              0.07     0.062        0.08       0.08        0.09
                RF_ls_means SVR_ls_means GBLUP_ls_means RKHS_ls_means
gp_scenario_1         0.400         0.55           0.52          0.53
gp_scenario_2         0.150         0.39           0.39          0.35
gp_scenario_3         0.390         0.49           0.42          0.47
gp_scenario_4         0.330         0.51           0.52          0.53
gp_scenario_5         0.310         0.51           0.51          0.53
gp_scenario_6         0.290         0.45           0.49          0.44
gp_scenario_7         0.280         0.46           0.41          0.45
gp_scenario_8         0.300         0.41           0.35          0.40
gp_scenario_9         0.270         0.55           0.57          0.55
gp_scenario_10        0.430         0.59           0.53          0.58
gp_scenario_11        0.280         0.38           0.38          0.38
gp_scenario_12        0.310         0.47           0.48          0.46
gp_scenario_13        0.340         0.49           0.49          0.51
gp_scenario_14        0.110         0.42           0.45          0.40
gp_scenario_15        0.300         0.55           0.50          0.54
gp_scenario_16        0.130         0.38           0.39          0.39
gp_scenario_17        0.330         0.66           0.66          0.58
gp_scenario_18        0.420         0.48           0.42          0.47
gp_scenario_19        0.210         0.38           0.42          0.37
gp_scenario_20        0.330         0.51           0.51          0.53
gp_scenario_21        0.370         0.54           0.51          0.53
gp_scenario_22        0.470         0.55           0.52          0.56
gp_scenario_23        0.450         0.50           0.51          0.51
gp_scenario_24        0.460         0.57           0.53          0.56
gp_scenario_25        0.410         0.64           0.54          0.62
gp_scenario_26        0.340         0.53           0.48          0.55
gp_scenario_27        0.430         0.57           0.58          0.58
gp_scenario_28        0.330         0.58           0.58          0.57
gp_scenario_29        0.430         0.57           0.56          0.56
gp_scenario_30        0.025         0.34           0.34          0.31
gp_scenario_31        0.470         0.53           0.55          0.52
gp_scenario_32        0.310         0.49           0.53          0.52
gp_scenario_33        0.036         0.31           0.37          0.31
gp_scenario_34        0.230         0.47           0.46          0.48
gp_scenario_35        0.340         0.48           0.43          0.46
gp_scenario_36        0.390         0.54           0.49          0.55
gp_scenario_37        0.400         0.56           0.50          0.58
gp_scenario_38        0.360         0.59           0.60          0.56
gp_scenario_39        0.340         0.46           0.41          0.45
gp_scenario_40        0.160         0.51           0.47          0.48
gp_scenario_41        0.470         0.56           0.59          0.54
gp_scenario_42        0.160         0.45           0.40          0.43
gp_scenario_43        0.370         0.54           0.53          0.54
gp_scenario_44        0.370         0.50           0.39          0.48
gp_scenario_45        0.390         0.54           0.53          0.55
gp_scenario_46        0.260         0.53           0.56          0.51
gp_scenario_47        0.310         0.51           0.53          0.52
gp_scenario_48        0.310         0.55           0.56          0.53
gp_scenario_49        0.280         0.50           0.43          0.48
gp_scenario_50        0.520         0.62           0.59          0.59
gp_scenario_51        0.270         0.52           0.50          0.52
gp_scenario_52        0.260         0.45           0.48          0.46
gp_scenario_53        0.360         0.49           0.44          0.50
gp_scenario_54        0.360         0.51           0.44          0.50
gp_scenario_55        0.370         0.54           0.46          0.53
gp_scenario_56        0.180         0.47           0.50          0.49
gp_scenario_57        0.470         0.58           0.53          0.57
gp_scenario_58        0.190         0.37           0.37          0.39
gp_scenario_59        0.390         0.47           0.46          0.44
gp_scenario_60        0.290         0.53           0.48          0.51
gp_scenario_61        0.420         0.59           0.52          0.57
gp_scenario_62        0.300         0.24           0.19          0.22
gp_scenario_63        0.420         0.42           0.41          0.44
gp_scenario_64        0.310         0.54           0.50          0.54
gp_scenario_65        0.260         0.54           0.53          0.54
gp_scenario_66        0.380         0.53           0.55          0.55
gp_scenario_67        0.200         0.42           0.43          0.42
gp_scenario_68        0.250         0.40           0.34          0.39
gp_scenario_69        0.340         0.56           0.44          0.54
gp_scenario_70        0.450         0.57           0.48          0.57
gp_scenario_71        0.450         0.63           0.58          0.61
gp_scenario_72        0.330         0.44           0.39          0.41
gp_scenario_73        0.330         0.47           0.39          0.46
gp_scenario_74        0.380         0.58           0.59          0.58
gp_scenario_75        0.380         0.49           0.49          0.50
gp_scenario_76        0.300         0.37           0.33          0.37
gp_scenario_77        0.300         0.42           0.47          0.44
gp_scenario_78        0.520         0.62           0.56          0.61
gp_scenario_79        0.290         0.55           0.54          0.52
gp_scenario_80        0.100         0.43           0.51          0.44
gp_scenario_81        0.360         0.51           0.44          0.49
gp_scenario_82        0.420         0.56           0.50          0.56
gp_scenario_83        0.380         0.46           0.36          0.46
gp_scenario_84        0.450         0.60           0.56          0.57
gp_scenario_85        0.200         0.47           0.47          0.49
gp_scenario_86        0.280         0.52           0.49          0.50
gp_scenario_87        0.250         0.44           0.41          0.43
gp_scenario_88        0.320         0.47           0.49          0.47
gp_scenario_89        0.520         0.61           0.54          0.60
gp_scenario_90        0.290         0.46           0.36          0.44
gp_scenario_91        0.190         0.43           0.36          0.43
gp_scenario_92        0.380         0.48           0.47          0.44
gp_scenario_93        0.430         0.60           0.59          0.61
gp_scenario_94        0.460         0.58           0.55          0.59
gp_scenario_95        0.380         0.46           0.42          0.45
gp_scenario_96        0.390         0.54           0.50          0.54
gp_scenario_97        0.430         0.68           0.67          0.67
gp_scenario_98        0.280         0.42           0.40          0.40
gp_scenario_99        0.300         0.49           0.52          0.50
gp_scenario_100       0.370         0.53           0.54          0.52
pa_median             0.340         0.51           0.49          0.51
pa_iqr                0.110         0.09           0.11          0.10
                LASSO_ls_means
gp_scenario_1            0.380
gp_scenario_2            0.170
gp_scenario_3            0.280
gp_scenario_4            0.370
gp_scenario_5            0.340
gp_scenario_6            0.320
gp_scenario_7            0.380
gp_scenario_8            0.340
gp_scenario_9            0.290
gp_scenario_10           0.300
gp_scenario_11           0.320
gp_scenario_12           0.390
gp_scenario_13           0.380
gp_scenario_14           0.011
gp_scenario_15           0.290
gp_scenario_16           0.230
gp_scenario_17           0.150
gp_scenario_18           0.340
gp_scenario_19           0.270
gp_scenario_20           0.410
gp_scenario_21           0.370
gp_scenario_22           0.260
gp_scenario_23           0.400
gp_scenario_24           0.370
gp_scenario_25           0.270
gp_scenario_26           0.370
gp_scenario_27           0.330
gp_scenario_28           0.460
gp_scenario_29           0.380
gp_scenario_30           0.240
gp_scenario_31           0.370
gp_scenario_32           0.400
gp_scenario_33           0.180
gp_scenario_34           0.240
gp_scenario_35           0.310
gp_scenario_36           0.300
gp_scenario_37           0.370
gp_scenario_38           0.300
gp_scenario_39           0.290
gp_scenario_40           0.410
gp_scenario_41           0.460
gp_scenario_42           0.250
gp_scenario_43           0.450
gp_scenario_44           0.230
gp_scenario_45           0.250
gp_scenario_46           0.100
gp_scenario_47           0.310
gp_scenario_48           0.400
gp_scenario_49           0.190
gp_scenario_50           0.460
gp_scenario_51           0.380
gp_scenario_52           0.300
gp_scenario_53           0.310
gp_scenario_54           0.290
gp_scenario_55           0.340
gp_scenario_56           0.260
gp_scenario_57           0.450
gp_scenario_58           0.310
gp_scenario_59           0.260
gp_scenario_60           0.290
gp_scenario_61           0.400
gp_scenario_62           0.270
gp_scenario_63           0.380
gp_scenario_64           0.097
gp_scenario_65           0.380
gp_scenario_66           0.330
gp_scenario_67           0.190
gp_scenario_68           0.340
gp_scenario_69           0.350
gp_scenario_70           0.310
gp_scenario_71           0.360
gp_scenario_72           0.400
gp_scenario_73           0.230
gp_scenario_74           0.420
gp_scenario_75           0.450
gp_scenario_76           0.310
gp_scenario_77           0.280
gp_scenario_78           0.520
gp_scenario_79           0.230
gp_scenario_80           0.340
gp_scenario_81           0.420
gp_scenario_82           0.500
gp_scenario_83           0.260
gp_scenario_84           0.340
gp_scenario_85           0.300
gp_scenario_86           0.320
gp_scenario_87           0.300
gp_scenario_88           0.320
gp_scenario_89              NA
gp_scenario_90           0.410
gp_scenario_91           0.260
gp_scenario_92           0.370
gp_scenario_93           0.400
gp_scenario_94           0.380
gp_scenario_95           0.390
gp_scenario_96           0.320
gp_scenario_97           0.410
gp_scenario_98           0.350
gp_scenario_99           0.260
gp_scenario_100          0.300
pa_median                0.320
pa_iqr                   0.100
                GBLUP_wiser GBLUP_ls_means
gp_scenario_1          0.80           0.69
gp_scenario_2          0.82           0.74
gp_scenario_3          0.83           0.71
gp_scenario_4          0.81           0.75
gp_scenario_5          0.79           0.74
gp_scenario_6          0.82           0.69
gp_scenario_7          0.83           0.74
gp_scenario_8          0.85           0.80
gp_scenario_9          0.79           0.67
gp_scenario_10         0.75           0.72
gp_scenario_11         0.86           0.80
gp_scenario_12         0.85           0.74
gp_scenario_13         0.82           0.71
gp_scenario_14         0.74           0.70
gp_scenario_15         0.79           0.71
gp_scenario_16         0.83           0.79
gp_scenario_17         0.78           0.55
gp_scenario_18         0.83           0.75
gp_scenario_19         0.76           0.74
gp_scenario_20         0.78           0.70
gp_scenario_21         0.82           0.79
gp_scenario_22         0.83           0.72
gp_scenario_23         0.77           0.69
gp_scenario_24         0.82           0.68
gp_scenario_25         0.80           0.67
gp_scenario_26         0.80           0.73
gp_scenario_27         0.84           0.73
gp_scenario_28         0.79           0.72
gp_scenario_29         0.78           0.65
gp_scenario_30         0.82           0.75
gp_scenario_31         0.80           0.67
gp_scenario_32         0.84           0.71
gp_scenario_33         0.82           0.78
gp_scenario_34         0.82           0.70
gp_scenario_35         0.77           0.73
gp_scenario_36         0.81           0.74
gp_scenario_37         0.83           0.73
gp_scenario_38         0.79           0.66
gp_scenario_39         0.83           0.76
gp_scenario_40         0.83           0.72
gp_scenario_41         0.80           0.73
gp_scenario_42         0.84           0.76
gp_scenario_43         0.80           0.73
gp_scenario_44         0.80           0.71
gp_scenario_45         0.84           0.70
gp_scenario_46         0.78           0.67
gp_scenario_47         0.81           0.72
gp_scenario_48         0.84           0.75
gp_scenario_49         0.82           0.71
gp_scenario_50         0.78           0.66
gp_scenario_51         0.81           0.69
gp_scenario_52         0.81           0.74
gp_scenario_53         0.82           0.72
gp_scenario_54         0.81           0.79
gp_scenario_55         0.83           0.74
gp_scenario_56         0.82           0.71
gp_scenario_57         0.80           0.76
gp_scenario_58         0.84           0.74
gp_scenario_59         0.75           0.71
gp_scenario_60         0.87           0.73
gp_scenario_61         0.81           0.67
gp_scenario_62         0.87           0.79
gp_scenario_63         0.82           0.77
gp_scenario_64         0.81           0.70
gp_scenario_65         0.75           0.67
gp_scenario_66         0.83           0.70
gp_scenario_67         0.81           0.77
gp_scenario_68         0.81           0.76
gp_scenario_69         0.79           0.71
gp_scenario_70         0.83           0.73
gp_scenario_71         0.80           0.66
gp_scenario_72         0.84           0.79
gp_scenario_73         0.84           0.74
gp_scenario_74         0.77           0.68
gp_scenario_75         0.83           0.74
gp_scenario_76         0.78           0.79
gp_scenario_77         0.85           0.75
gp_scenario_78         0.81           0.71
gp_scenario_79         0.81           0.63
gp_scenario_80         0.79           0.73
gp_scenario_81         0.82           0.75
gp_scenario_82         0.84           0.73
gp_scenario_83         0.84           0.73
gp_scenario_84         0.85           0.73
gp_scenario_85         0.74           0.70
gp_scenario_86         0.80           0.69
gp_scenario_87         0.85           0.76
gp_scenario_88         0.82           0.74
gp_scenario_89         0.84           0.67
gp_scenario_90         0.81           0.77
gp_scenario_91         0.87           0.78
gp_scenario_92         0.83           0.70
gp_scenario_93         0.73           0.67
gp_scenario_94         0.79           0.67
gp_scenario_95         0.86           0.80
gp_scenario_96         0.80           0.68
gp_scenario_97         0.74           0.62
gp_scenario_98         0.86           0.76
gp_scenario_99         0.85           0.74
gp_scenario_100        0.79           0.73
h2_median              0.82           0.73
h2_iqr                 0.04           0.05
