Le chargement a nécessité le package : Matrix

Attachement du package : ‘tidyr’

Les objets suivants sont masqués depuis ‘package:Matrix’:

    expand, pack, unpack

Le chargement a nécessité le package : foreach
Le chargement a nécessité le package : iterators
Le chargement a nécessité le package : parallel
Le chargement a nécessité le package : rngtools
This build of rgl does not include OpenGL functions.  Use
 rglwidget() to display results, e.g. via options(rgl.printRglwidget = TRUE).
Le chargement a nécessité le package : Rcpp
Le chargement a nécessité le package : RcppZiggurat
Le chargement a nécessité le package : RcppParallel

Attachement du package : ‘RcppParallel’

L'objet suivant est masqué depuis ‘package:Rcpp’:

    LdFlags


Rfast: 2.1.0
 ___ __ __ __ __    __ __ __ __ __ _             _               __ __ __ __ __     __ __ __ __ __ __   
|  __ __ __ __  |  |  __ __ __ __ _/            / \             |  __ __ __ __ /   /__ __ _   _ __ __\  
| |           | |  | |                         / _ \            | |                        / /          
| |           | |  | |                        / / \ \           | |                       / /          
| |           | |  | |                       / /   \ \          | |                      / /          
| |__ __ __ __| |  | |__ __ __ __           / /     \ \         | |__ __ __ __ _        / /__/\          
|    __ __ __ __|  |  __ __ __ __|         / /__ _ __\ \        |_ __ __ __ _   |      / ___  /           
|   \              | |                    / _ _ _ _ _ _ \                     | |      \/  / /       
| |\ \             | |                   / /           \ \                    | |         / /          
| | \ \            | |                  / /             \ \                   | |        / /          
| |  \ \           | |                 / /               \ \                  | |       / /          
| |   \ \__ __ _   | |                / /                 \ \     _ __ __ __ _| |      / /          
|_|    \__ __ __\  |_|               /_/                   \_\   /_ __ __ __ ___|      \/             team

Attachement du package : ‘Rfast’

Les objets suivants sont masqués depuis ‘package:robustbase’:

    colMedians, rowMedians

L'objet suivant est masqué depuis ‘package:data.table’:

    transpose

Le chargement a nécessité le package : lattice

Attachement du package : ‘plotly’

L'objet suivant est masqué depuis ‘package:ggplot2’:

    last_plot

L'objet suivant est masqué depuis ‘package:MASS’:

    select

L'objet suivant est masqué depuis ‘package:stats’:

    filter

L'objet suivant est masqué depuis ‘package:graphics’:

    layout


Attachement du package : ‘dplyr’

L'objet suivant est masqué depuis ‘package:Rfast’:

    nth

Les objets suivants sont masqués depuis ‘package:data.table’:

    between, first, last

L'objet suivant est masqué depuis ‘package:MASS’:

    select

Les objets suivants sont masqués depuis ‘package:stats’:

    filter, lag

Les objets suivants sont masqués depuis ‘package:base’:

    intersect, setdiff, setequal, union


Attachement du package : ‘kernlab’

L'objet suivant est masqué depuis ‘package:ggplot2’:

    alpha

Le chargement a nécessité le package : corpcor

Attachement du package : ‘corpcor’

L'objet suivant est masqué depuis ‘package:matrixcalc’:

    is.positive.definite

Loaded glmnet 4.1-8

Loaded mixOmics 6.25.1
Thank you for using mixOmics!
Tutorials: http://mixomics.org
Bookdown vignette: https://mixomicsteam.github.io/Bookdown
Questions, issues: Follow the prompts at http://mixomics.org/contact-us
Cite us:  citation('mixOmics')

[1] "kernel: linear"
[1] "trait: PH"
                RF_wiser SVR_wiser GBLUP_wiser RKHS_wiser LASSO_wiser
gp_scenario_1       0.61      0.77        0.74      0.760       0.730
gp_scenario_2       0.59      0.69        0.67      0.700       0.580
gp_scenario_3       0.56      0.73        0.71      0.740       0.620
gp_scenario_4       0.76      0.85        0.77      0.840       0.740
gp_scenario_5       0.65      0.76        0.74      0.770       0.710
gp_scenario_6       0.61      0.76        0.72      0.750       0.690
gp_scenario_7       0.74      0.80        0.79      0.800       0.770
gp_scenario_8       0.62      0.75        0.64      0.710       0.710
gp_scenario_9       0.67      0.76        0.69      0.730       0.740
gp_scenario_10      0.65      0.77        0.77      0.780       0.700
gp_scenario_11      0.57      0.71        0.62      0.680       0.540
gp_scenario_12      0.64      0.78        0.72      0.770       0.690
gp_scenario_13      0.70      0.77        0.72      0.760       0.740
gp_scenario_14      0.75      0.82        0.81      0.830       0.770
gp_scenario_15      0.51      0.67        0.67      0.700       0.630
gp_scenario_16      0.64      0.75        0.72      0.740       0.590
gp_scenario_17      0.56      0.66        0.61      0.650       0.640
gp_scenario_18      0.70      0.83        0.78      0.820       0.760
gp_scenario_19      0.63      0.72        0.70      0.740       0.700
gp_scenario_20      0.65      0.77        0.74      0.770       0.740
gp_scenario_21      0.67      0.76        0.74      0.760       0.730
gp_scenario_22      0.62      0.72        0.66      0.710       0.700
gp_scenario_23      0.72      0.81        0.76      0.800       0.760
gp_scenario_24      0.59      0.72        0.68      0.710       0.660
gp_scenario_25      0.58      0.75        0.74      0.750       0.670
gp_scenario_26      0.68      0.76        0.76      0.760       0.720
gp_scenario_27      0.69      0.81        0.77      0.800       0.760
gp_scenario_28      0.63      0.72        0.66      0.710       0.630
gp_scenario_29      0.68      0.79        0.77      0.800       0.730
gp_scenario_30      0.71      0.78        0.72      0.770       0.690
gp_scenario_31      0.70      0.79        0.77      0.800       0.740
gp_scenario_32      0.69      0.77        0.72      0.760       0.710
gp_scenario_33      0.55      0.66        0.60      0.660       0.550
gp_scenario_34      0.71      0.78        0.73      0.780       0.760
gp_scenario_35      0.68      0.76        0.76      0.770       0.670
gp_scenario_36      0.59      0.70        0.68      0.700       0.680
gp_scenario_37      0.73      0.79        0.76      0.800       0.770
gp_scenario_38      0.63      0.77        0.73      0.770       0.700
gp_scenario_39      0.73      0.82        0.82      0.830       0.770
gp_scenario_40      0.57      0.64        0.60      0.660       0.660
gp_scenario_41      0.65      0.77        0.79      0.800       0.690
gp_scenario_42      0.65      0.73        0.70      0.720       0.720
gp_scenario_43      0.73      0.81        0.75      0.800       0.730
gp_scenario_44      0.51      0.65        0.58      0.630       0.530
gp_scenario_45      0.57      0.70        0.66      0.690       0.730
gp_scenario_46      0.64      0.70        0.67      0.710       0.700
gp_scenario_47      0.67      0.74        0.72      0.750       0.680
gp_scenario_48      0.66      0.79        0.75      0.780       0.700
gp_scenario_49      0.67      0.77        0.73      0.760       0.740
gp_scenario_50      0.65      0.79        0.75      0.780       0.690
gp_scenario_51      0.74      0.80        0.76      0.800       0.760
gp_scenario_52      0.71      0.79        0.76      0.800       0.720
gp_scenario_53      0.64      0.77        0.77      0.780       0.710
gp_scenario_54      0.58      0.70        0.68      0.700       0.750
gp_scenario_55      0.64      0.77        0.72      0.760       0.720
gp_scenario_56      0.59      0.64        0.64      0.650       0.610
gp_scenario_57      0.45      0.72        0.72      0.730       0.660
gp_scenario_58      0.68      0.78        0.69      0.740       0.680
gp_scenario_59      0.65      0.80        0.77      0.800       0.780
gp_scenario_60      0.74      0.82        0.77      0.810       0.750
gp_scenario_61      0.62      0.76        0.73      0.760       0.620
gp_scenario_62      0.72      0.78        0.75      0.790       0.750
gp_scenario_63      0.76      0.79        0.76      0.790       0.780
gp_scenario_64      0.55      0.72        0.66      0.710       0.640
gp_scenario_65      0.58      0.74        0.70      0.720       0.640
gp_scenario_66      0.45      0.67        0.62      0.670       0.570
gp_scenario_67      0.77      0.85        0.81      0.840       0.800
gp_scenario_68      0.76      0.85        0.81      0.850       0.810
gp_scenario_69      0.76      0.80        0.77      0.800       0.790
gp_scenario_70      0.46      0.53        0.51      0.530       0.540
gp_scenario_71      0.73      0.75        0.70      0.750       0.690
gp_scenario_72      0.63      0.76        0.75      0.770       0.720
gp_scenario_73      0.46      0.69        0.62      0.650       0.610
gp_scenario_74      0.60      0.80        0.78      0.800       0.700
gp_scenario_75      0.73      0.81        0.79      0.810       0.720
gp_scenario_76      0.69      0.77        0.76      0.770       0.780
gp_scenario_77      0.67      0.82        0.78      0.820       0.730
gp_scenario_78      0.57      0.76        0.73      0.760       0.700
gp_scenario_79      0.53      0.70        0.68      0.710       0.670
gp_scenario_80      0.62      0.74        0.74      0.750       0.650
gp_scenario_81      0.70      0.75        0.72      0.750       0.710
gp_scenario_82      0.67      0.79        0.76      0.800       0.740
gp_scenario_83      0.60      0.78        0.73      0.760       0.670
gp_scenario_84      0.55      0.67        0.66      0.680       0.630
gp_scenario_85      0.66      0.80        0.77      0.810       0.750
gp_scenario_86      0.62      0.72        0.68      0.720       0.620
gp_scenario_87      0.58      0.73        0.68      0.730       0.730
gp_scenario_88      0.62      0.70        0.67      0.690       0.550
gp_scenario_89      0.59      0.74        0.73      0.750       0.700
gp_scenario_90      0.68      0.75        0.72      0.740       0.720
gp_scenario_91      0.71      0.80        0.78      0.790       0.740
gp_scenario_92      0.67      0.72        0.67      0.700       0.660
gp_scenario_93      0.61      0.73        0.69      0.720       0.700
gp_scenario_94      0.54      0.73        0.73      0.750       0.660
gp_scenario_95      0.66      0.76        0.69      0.750       0.690
gp_scenario_96      0.61      0.73        0.67      0.710       0.680
gp_scenario_97      0.57      0.71        0.72      0.730       0.740
gp_scenario_98      0.69      0.78        0.74      0.790       0.730
gp_scenario_99      0.69      0.78        0.73      0.780       0.700
gp_scenario_100     0.68      0.80        0.78      0.810       0.760
pa_median           0.65      0.76        0.73      0.760       0.700
pa_iqr              0.10      0.07        0.08      0.075       0.072
                RF_ls_means SVR_ls_means GBLUP_ls_means RKHS_ls_means
gp_scenario_1          0.31         0.50           0.47          0.49
gp_scenario_2          0.48         0.48           0.46          0.47
gp_scenario_3          0.57         0.57           0.48          0.54
gp_scenario_4          0.40         0.49           0.43          0.50
gp_scenario_5          0.51         0.62           0.60          0.62
gp_scenario_6          0.35         0.55           0.56          0.54
gp_scenario_7          0.53         0.61           0.59          0.61
gp_scenario_8          0.48         0.51           0.44          0.49
gp_scenario_9          0.44         0.72           0.61          0.69
gp_scenario_10         0.53         0.55           0.49          0.55
gp_scenario_11         0.46         0.57           0.51          0.56
gp_scenario_12         0.36         0.56           0.51          0.56
gp_scenario_13         0.44         0.67           0.66          0.64
gp_scenario_14         0.48         0.55           0.56          0.58
gp_scenario_15         0.57         0.62           0.55          0.60
gp_scenario_16         0.45         0.55           0.52          0.54
gp_scenario_17         0.53         0.64           0.61          0.63
gp_scenario_18         0.45         0.59           0.56          0.56
gp_scenario_19         0.49         0.59           0.52          0.59
gp_scenario_20         0.44         0.51           0.47          0.50
gp_scenario_21         0.52         0.52           0.46          0.50
gp_scenario_22         0.36         0.51           0.49          0.51
gp_scenario_23         0.46         0.58           0.49          0.54
gp_scenario_24         0.45         0.60           0.61          0.57
gp_scenario_25         0.44         0.59           0.51          0.57
gp_scenario_26         0.41         0.49           0.45          0.46
gp_scenario_27         0.40         0.39           0.42          0.39
gp_scenario_28         0.49         0.62           0.61          0.62
gp_scenario_29         0.50         0.59           0.62          0.61
gp_scenario_30         0.48         0.68           0.60          0.68
gp_scenario_31         0.46         0.58           0.57          0.58
gp_scenario_32         0.38         0.60           0.54          0.60
gp_scenario_33         0.61         0.66           0.59          0.65
gp_scenario_34         0.43         0.51           0.42          0.49
gp_scenario_35         0.36         0.53           0.50          0.53
gp_scenario_36         0.49         0.55           0.48          0.52
gp_scenario_37         0.60         0.60           0.60          0.61
gp_scenario_38         0.34         0.47           0.43          0.47
gp_scenario_39         0.28         0.56           0.52          0.57
gp_scenario_40         0.37         0.48           0.41          0.48
gp_scenario_41         0.34         0.48           0.48          0.48
gp_scenario_42         0.45         0.60           0.53          0.58
gp_scenario_43         0.48         0.66           0.65          0.66
gp_scenario_44         0.42         0.55           0.47          0.54
gp_scenario_45         0.46         0.53           0.47          0.51
gp_scenario_46         0.47         0.61           0.53          0.61
gp_scenario_47         0.34         0.48           0.46          0.48
gp_scenario_48         0.44         0.51           0.47          0.52
gp_scenario_49         0.49         0.65           0.59          0.63
gp_scenario_50         0.56         0.57           0.51          0.55
gp_scenario_51         0.43         0.57           0.54          0.58
gp_scenario_52         0.61         0.65           0.57          0.64
gp_scenario_53         0.42         0.62           0.58          0.61
gp_scenario_54         0.27         0.47           0.43          0.47
gp_scenario_55         0.39         0.54           0.56          0.56
gp_scenario_56         0.38         0.45           0.42          0.43
gp_scenario_57         0.51         0.67           0.69          0.67
gp_scenario_58         0.35         0.59           0.56          0.59
gp_scenario_59         0.33         0.51           0.41          0.48
gp_scenario_60         0.59         0.63           0.48          0.56
gp_scenario_61         0.44         0.60           0.57          0.59
gp_scenario_62         0.38         0.45           0.48          0.46
gp_scenario_63         0.42         0.57           0.49          0.55
gp_scenario_64         0.37         0.67           0.55          0.65
gp_scenario_65         0.51         0.51           0.45          0.48
gp_scenario_66         0.25         0.59           0.48          0.58
gp_scenario_67         0.37         0.57           0.57          0.56
gp_scenario_68         0.46         0.47           0.36          0.47
gp_scenario_69         0.50         0.54           0.51          0.53
gp_scenario_70         0.43         0.53           0.54          0.52
gp_scenario_71         0.49         0.55           0.51          0.53
gp_scenario_72         0.54         0.57           0.49          0.56
gp_scenario_73         0.42         0.42           0.39          0.41
gp_scenario_74         0.35         0.60           0.54          0.58
gp_scenario_75         0.37         0.50           0.47          0.51
gp_scenario_76         0.35         0.54           0.54          0.52
gp_scenario_77         0.46         0.52           0.45          0.52
gp_scenario_78         0.33         0.55           0.49          0.56
gp_scenario_79         0.57         0.65           0.61          0.65
gp_scenario_80         0.35         0.46           0.47          0.42
gp_scenario_81         0.45         0.38           0.25          0.35
gp_scenario_82         0.55         0.61           0.58          0.62
gp_scenario_83         0.36         0.44           0.39          0.43
gp_scenario_84         0.32         0.51           0.50          0.51
gp_scenario_85         0.45         0.58           0.44          0.53
gp_scenario_86         0.43         0.50           0.42          0.48
gp_scenario_87         0.34         0.45           0.49          0.47
gp_scenario_88         0.56         0.65           0.56          0.61
gp_scenario_89         0.43         0.61           0.56          0.59
gp_scenario_90         0.46         0.59           0.56          0.59
gp_scenario_91         0.58         0.56           0.53          0.54
gp_scenario_92         0.32         0.62           0.56          0.60
gp_scenario_93         0.44         0.66           0.63          0.66
gp_scenario_94         0.29         0.46           0.50          0.47
gp_scenario_95         0.47         0.52           0.42          0.51
gp_scenario_96         0.46         0.55           0.51          0.56
gp_scenario_97         0.35         0.54           0.54          0.56
gp_scenario_98         0.41         0.63           0.51          0.59
gp_scenario_99         0.47         0.51           0.48          0.54
gp_scenario_100        0.40         0.46           0.41          0.44
pa_median              0.44         0.56           0.51          0.55
pa_iqr                 0.12         0.09           0.09          0.09
                LASSO_ls_means RF_blups SVR_blups GBLUP_blups RKHS_blups
gp_scenario_1             0.40     0.34     0.520        0.47       0.49
gp_scenario_2             0.48     0.38     0.400        0.40       0.40
gp_scenario_3             0.57     0.46     0.490        0.41       0.46
gp_scenario_4             0.48     0.24     0.400        0.33       0.38
gp_scenario_5             0.54     0.40     0.510        0.52       0.53
gp_scenario_6             0.52     0.30     0.510        0.54       0.52
gp_scenario_7             0.61     0.47     0.520        0.51       0.52
gp_scenario_8             0.38     0.39     0.480        0.40       0.45
gp_scenario_9             0.53     0.31     0.610        0.53       0.60
gp_scenario_10            0.53     0.41     0.510        0.42       0.49
gp_scenario_11            0.50     0.40     0.560        0.48       0.54
gp_scenario_12            0.36     0.36     0.540        0.49       0.56
gp_scenario_13            0.49     0.31     0.570        0.59       0.54
gp_scenario_14            0.51     0.36     0.450        0.46       0.49
gp_scenario_15            0.56     0.50     0.530        0.47       0.51
gp_scenario_16            0.48     0.50     0.530        0.48       0.51
gp_scenario_17            0.56     0.45     0.570        0.55       0.56
gp_scenario_18            0.47     0.35     0.490        0.46       0.48
gp_scenario_19            0.49     0.25     0.480        0.43       0.49
gp_scenario_20            0.46     0.42     0.470        0.43       0.44
gp_scenario_21            0.40     0.47     0.460        0.41       0.45
gp_scenario_22            0.44     0.45     0.480        0.44       0.47
gp_scenario_23            0.40     0.33     0.480        0.43       0.46
gp_scenario_24            0.42     0.39     0.490        0.52       0.49
gp_scenario_25            0.44     0.40     0.530        0.45       0.51
gp_scenario_26            0.44     0.40     0.440        0.39       0.41
gp_scenario_27            0.43     0.41     0.410        0.40       0.39
gp_scenario_28            0.61     0.32     0.540        0.55       0.54
gp_scenario_29            0.48     0.41     0.540        0.61       0.57
gp_scenario_30            0.52     0.33     0.540        0.48       0.54
gp_scenario_31            0.55     0.28     0.460        0.47       0.46
gp_scenario_32            0.52     0.42     0.610        0.52       0.60
gp_scenario_33            0.60     0.51     0.610        0.55       0.59
gp_scenario_34            0.42     0.34     0.430        0.35       0.42
gp_scenario_35            0.30     0.33     0.480        0.45       0.48
gp_scenario_36            0.48     0.35     0.440        0.41       0.43
gp_scenario_37            0.55     0.50     0.570        0.57       0.58
gp_scenario_38            0.34     0.31     0.420        0.38       0.44
gp_scenario_39            0.44     0.21     0.450        0.43       0.47
gp_scenario_40            0.43     0.38     0.430        0.36       0.42
gp_scenario_41            0.45     0.42     0.460        0.44       0.45
gp_scenario_42            0.46     0.47     0.600        0.48       0.56
gp_scenario_43            0.49     0.28     0.530        0.55       0.51
gp_scenario_44            0.52     0.34     0.460        0.41       0.47
gp_scenario_45            0.40     0.37     0.450        0.43       0.46
gp_scenario_46            0.43     0.42     0.550        0.47       0.56
gp_scenario_47            0.36     0.30     0.390        0.41       0.42
gp_scenario_48            0.43     0.35     0.480        0.43       0.48
gp_scenario_49            0.52     0.39     0.530        0.50       0.53
gp_scenario_50            0.45     0.54     0.520        0.44       0.47
gp_scenario_51            0.41     0.30     0.450        0.43       0.46
gp_scenario_52            0.67     0.51     0.550        0.50       0.55
gp_scenario_53            0.47     0.45     0.610        0.52       0.58
gp_scenario_54            0.37     0.21     0.440        0.40       0.44
gp_scenario_55            0.46     0.39     0.500        0.54       0.53
gp_scenario_56            0.29     0.30     0.370        0.35       0.36
gp_scenario_57            0.53     0.53     0.640        0.67       0.64
gp_scenario_58            0.39     0.29     0.570        0.52       0.56
gp_scenario_59            0.38     0.26     0.420        0.34       0.38
gp_scenario_60            0.36     0.48     0.480        0.36       0.41
gp_scenario_61            0.36     0.39     0.540        0.51       0.54
gp_scenario_62            0.37     0.32     0.410        0.44       0.41
gp_scenario_63            0.51     0.36     0.500        0.43       0.48
gp_scenario_64            0.45     0.35     0.600        0.51       0.59
gp_scenario_65            0.50     0.41     0.420        0.38       0.40
gp_scenario_66            0.40     0.21     0.530        0.42       0.50
gp_scenario_67            0.43     0.45     0.540        0.53       0.52
gp_scenario_68            0.26     0.29     0.400        0.30       0.42
gp_scenario_69            0.46     0.35     0.460        0.46       0.45
gp_scenario_70            0.40     0.36     0.460        0.49       0.47
gp_scenario_71            0.48     0.50     0.510        0.48       0.50
gp_scenario_72            0.46     0.43     0.470        0.42       0.46
gp_scenario_73            0.39     0.33     0.350        0.33       0.35
gp_scenario_74            0.40     0.28     0.570        0.51       0.55
gp_scenario_75            0.53     0.20     0.330        0.33       0.34
gp_scenario_76            0.46     0.28     0.470        0.49       0.46
gp_scenario_77            0.48     0.30     0.390        0.36       0.41
gp_scenario_78            0.28     0.36     0.580        0.50       0.59
gp_scenario_79            0.49     0.54     0.590        0.54       0.58
gp_scenario_80            0.33     0.33     0.360        0.41       0.34
gp_scenario_81            0.43     0.31     0.280        0.16       0.25
gp_scenario_82            0.55     0.45     0.560        0.56       0.57
gp_scenario_83            0.30     0.24     0.320        0.26       0.31
gp_scenario_84            0.51     0.26     0.460        0.47       0.46
gp_scenario_85            0.55     0.44     0.520        0.38       0.47
gp_scenario_86            0.44     0.35     0.450        0.36       0.42
gp_scenario_87            0.51     0.24     0.350        0.42       0.39
gp_scenario_88            0.40     0.49     0.580        0.51       0.55
gp_scenario_89            0.39     0.33     0.460        0.46       0.47
gp_scenario_90            0.49     0.41     0.580        0.52       0.58
gp_scenario_91            0.48     0.41     0.440        0.41       0.41
gp_scenario_92            0.42     0.26     0.570        0.52       0.56
gp_scenario_93            0.48     0.52     0.620        0.59       0.61
gp_scenario_94            0.25     0.26     0.450        0.48       0.46
gp_scenario_95            0.38     0.30     0.410        0.33       0.40
gp_scenario_96            0.48     0.36     0.490        0.48       0.51
gp_scenario_97            0.40     0.23     0.450        0.49       0.50
gp_scenario_98            0.45     0.31     0.530        0.40       0.46
gp_scenario_99            0.52     0.51     0.510        0.45       0.51
gp_scenario_100           0.31     0.42     0.370        0.31       0.35
pa_median                 0.46     0.36     0.480        0.46       0.48
pa_iqr                    0.11     0.11     0.093        0.10       0.10
                LASSO_blups
gp_scenario_1          0.38
gp_scenario_2          0.41
gp_scenario_3          0.46
gp_scenario_4          0.29
gp_scenario_5          0.32
gp_scenario_6          0.41
gp_scenario_7          0.54
gp_scenario_8          0.35
gp_scenario_9          0.44
gp_scenario_10         0.39
gp_scenario_11         0.52
gp_scenario_12         0.43
gp_scenario_13         0.28
gp_scenario_14         0.33
gp_scenario_15         0.49
gp_scenario_16         0.44
gp_scenario_17         0.46
gp_scenario_18         0.40
gp_scenario_19         0.31
gp_scenario_20         0.45
gp_scenario_21         0.37
gp_scenario_22         0.49
gp_scenario_23         0.26
gp_scenario_24         0.34
gp_scenario_25         0.39
gp_scenario_26         0.42
gp_scenario_27         0.40
gp_scenario_28         0.36
gp_scenario_29         0.40
gp_scenario_30         0.30
gp_scenario_31         0.34
gp_scenario_32         0.49
gp_scenario_33         0.54
gp_scenario_34         0.29
gp_scenario_35         0.23
gp_scenario_36         0.43
gp_scenario_37         0.53
gp_scenario_38         0.29
gp_scenario_39         0.25
gp_scenario_40         0.36
gp_scenario_41         0.46
gp_scenario_42         0.29
gp_scenario_43         0.32
gp_scenario_44         0.42
gp_scenario_45         0.32
gp_scenario_46         0.33
gp_scenario_47         0.36
gp_scenario_48         0.42
gp_scenario_49         0.42
gp_scenario_50         0.48
gp_scenario_51         0.27
gp_scenario_52         0.55
gp_scenario_53         0.38
gp_scenario_54         0.30
gp_scenario_55         0.46
gp_scenario_56         0.25
gp_scenario_57         0.43
gp_scenario_58         0.28
gp_scenario_59         0.26
gp_scenario_60         0.30
gp_scenario_61         0.32
gp_scenario_62         0.37
gp_scenario_63         0.32
gp_scenario_64         0.38
gp_scenario_65         0.45
gp_scenario_66         0.35
gp_scenario_67         0.41
gp_scenario_68         0.18
gp_scenario_69         0.39
gp_scenario_70         0.32
gp_scenario_71         0.41
gp_scenario_72         0.33
gp_scenario_73         0.39
gp_scenario_74         0.34
gp_scenario_75         0.35
gp_scenario_76         0.32
gp_scenario_77         0.32
gp_scenario_78         0.25
gp_scenario_79         0.43
gp_scenario_80         0.26
gp_scenario_81         0.34
gp_scenario_82         0.52
gp_scenario_83         0.12
gp_scenario_84         0.35
gp_scenario_85         0.52
gp_scenario_86         0.43
gp_scenario_87         0.40
gp_scenario_88         0.52
gp_scenario_89         0.31
gp_scenario_90         0.43
gp_scenario_91         0.35
gp_scenario_92         0.32
gp_scenario_93         0.40
gp_scenario_94         0.21
gp_scenario_95         0.28
gp_scenario_96         0.32
gp_scenario_97         0.34
gp_scenario_98         0.34
gp_scenario_99         0.49
gp_scenario_100        0.21
pa_median              0.36
pa_iqr                 0.11
                GBLUP_wiser GBLUP_ls_means GBLUP_blups
gp_scenario_1          0.86          0.740        0.70
gp_scenario_2          0.85          0.770        0.75
gp_scenario_3          0.86          0.770        0.75
gp_scenario_4          0.82          0.780        0.76
gp_scenario_5          0.86          0.720        0.70
gp_scenario_6          0.84          0.690        0.64
gp_scenario_7          0.85          0.740        0.71
gp_scenario_8          0.88          0.770        0.74
gp_scenario_9          0.88          0.770        0.75
gp_scenario_10         0.84          0.800        0.78
gp_scenario_11         0.88          0.790        0.77
gp_scenario_12         0.86          0.720        0.68
gp_scenario_13         0.87          0.700        0.67
gp_scenario_14         0.82          0.730        0.71
gp_scenario_15         0.85          0.750        0.73
gp_scenario_16         0.88          0.770        0.74
gp_scenario_17         0.86          0.740        0.72
gp_scenario_18         0.84          0.790        0.77
gp_scenario_19         0.86          0.730        0.70
gp_scenario_20         0.85          0.750        0.72
gp_scenario_21         0.85          0.770        0.75
gp_scenario_22         0.88          0.760        0.74
gp_scenario_23         0.84          0.790        0.77
gp_scenario_24         0.88          0.720        0.69
gp_scenario_25         0.83          0.760        0.73
gp_scenario_26         0.83          0.750        0.72
gp_scenario_27         0.86          0.760        0.73
gp_scenario_28         0.87          0.710        0.68
gp_scenario_29         0.85          0.750        0.72
gp_scenario_30         0.86          0.730        0.72
gp_scenario_31         0.82          0.780        0.76
gp_scenario_32         0.86          0.740        0.71
gp_scenario_33         0.87          0.720        0.69
gp_scenario_34         0.88          0.820        0.79
gp_scenario_35         0.82          0.710        0.68
gp_scenario_36         0.86          0.740        0.72
gp_scenario_37         0.86          0.720        0.68
gp_scenario_38         0.88          0.750        0.72
gp_scenario_39         0.83          0.780        0.76
gp_scenario_40         0.83          0.800        0.77
gp_scenario_41         0.83          0.790        0.76
gp_scenario_42         0.84          0.720        0.68
gp_scenario_43         0.86          0.710        0.69
gp_scenario_44         0.88          0.780        0.76
gp_scenario_45         0.90          0.790        0.77
gp_scenario_46         0.84          0.730        0.70
gp_scenario_47         0.86          0.760        0.74
gp_scenario_48         0.86          0.770        0.74
gp_scenario_49         0.88          0.760        0.74
gp_scenario_50         0.85          0.760        0.73
gp_scenario_51         0.83          0.760        0.75
gp_scenario_52         0.83          0.730        0.71
gp_scenario_53         0.83          0.780        0.76
gp_scenario_54         0.87          0.780        0.74
gp_scenario_55         0.87          0.700        0.66
gp_scenario_56         0.85          0.770        0.74
gp_scenario_57         0.83          0.710        0.67
gp_scenario_58         0.87          0.720        0.68
gp_scenario_59         0.87          0.800        0.78
gp_scenario_60         0.86          0.780        0.76
gp_scenario_61         0.84          0.780        0.76
gp_scenario_62         0.85          0.760        0.74
gp_scenario_63         0.86          0.730        0.71
gp_scenario_64         0.88          0.740        0.71
gp_scenario_65         0.85          0.760        0.74
gp_scenario_66         0.86          0.760        0.74
gp_scenario_67         0.85          0.760        0.73
gp_scenario_68         0.83          0.770        0.75
gp_scenario_69         0.87          0.740        0.72
gp_scenario_70         0.86          0.740        0.70
gp_scenario_71         0.83          0.740        0.70
gp_scenario_72         0.84          0.740        0.72
gp_scenario_73         0.92          0.840        0.82
gp_scenario_74         0.84          0.740        0.71
gp_scenario_75         0.84          0.750        0.73
gp_scenario_76         0.86          0.820        0.81
gp_scenario_77         0.85          0.740        0.71
gp_scenario_78         0.84          0.720        0.67
gp_scenario_79         0.84          0.740        0.71
gp_scenario_80         0.86          0.760        0.74
gp_scenario_81         0.86          0.780        0.76
gp_scenario_82         0.85          0.740        0.71
gp_scenario_83         0.84          0.790        0.77
gp_scenario_84         0.90          0.750        0.72
gp_scenario_85         0.81          0.770        0.75
gp_scenario_86         0.85          0.740        0.71
gp_scenario_87         0.87          0.790        0.78
gp_scenario_88         0.87          0.760        0.73
gp_scenario_89         0.87          0.770        0.75
gp_scenario_90         0.81          0.700        0.66
gp_scenario_91         0.86          0.780        0.76
gp_scenario_92         0.86          0.720        0.69
gp_scenario_93         0.85          0.680        0.64
gp_scenario_94         0.87          0.760        0.73
gp_scenario_95         0.85          0.790        0.77
gp_scenario_96         0.88          0.740        0.71
gp_scenario_97         0.83          0.770        0.74
gp_scenario_98         0.85          0.740        0.72
gp_scenario_99         0.84          0.740        0.71
gp_scenario_100        0.84          0.800        0.78
h2_median              0.86          0.760        0.73
h2_iqr                 0.03          0.032        0.04
