Le chargement a nécessité le package : Matrix

Attachement du package : ‘tidyr’

Les objets suivants sont masqués depuis ‘package:Matrix’:

    expand, pack, unpack

Le chargement a nécessité le package : foreach
Le chargement a nécessité le package : iterators
Le chargement a nécessité le package : parallel
Le chargement a nécessité le package : rngtools
This build of rgl does not include OpenGL functions.  Use
 rglwidget() to display results, e.g. via options(rgl.printRglwidget = TRUE).
Le chargement a nécessité le package : Rcpp
Le chargement a nécessité le package : zigg
Le chargement a nécessité le package : RcppParallel

Attachement du package : ‘RcppParallel’

L'objet suivant est masqué depuis ‘package:Rcpp’:

    LdFlags


Rfast: 2.1.5.1
 ___ __ __ __ __    __ __ __ __ __ _             _               __ __ __ __ __     __ __ __ __ __ __   
|  __ __ __ __  |  |  __ __ __ __ _/            / \             |  __ __ __ __ /   /__ __ _   _ __ __\  
| |           | |  | |                         / _ \            | |                        / /          
| |           | |  | |                        / / \ \           | |                       / /          
| |           | |  | |                       / /   \ \          | |                      / /          
| |__ __ __ __| |  | |__ __ __ __           / /     \ \         | |__ __ __ __ _        / /__/\          
|    __ __ __ __|  |  __ __ __ __|         / /__ _ __\ \        |_ __ __ __ _   |      / ___  /           
|   \              | |                    / _ _ _ _ _ _ \                     | |      \/  / /       
| |\ \             | |                   / /           \ \                    | |         / /          
| | \ \            | |                  / /             \ \                   | |        / /          
| |  \ \           | |                 / /               \ \                  | |       / /          
| |   \ \__ __ _   | |                / /                 \ \     _ __ __ __ _| |      / /          
|_|    \__ __ __\  |_|               /_/                   \_\   /_ __ __ __ ___|      \/             team

Attachement du package : ‘Rfast’

Les objets suivants sont masqués depuis ‘package:robustbase’:

    colMedians, rowMedians

L'objet suivant est masqué depuis ‘package:data.table’:

    transpose

Le chargement a nécessité le package : lattice

Attachement du package : ‘plotly’

L'objet suivant est masqué depuis ‘package:ggplot2’:

    last_plot

L'objet suivant est masqué depuis ‘package:MASS’:

    select

L'objet suivant est masqué depuis ‘package:stats’:

    filter

L'objet suivant est masqué depuis ‘package:graphics’:

    layout


Attachement du package : ‘dplyr’

L'objet suivant est masqué depuis ‘package:Rfast’:

    nth

Les objets suivants sont masqués depuis ‘package:data.table’:

    between, first, last

L'objet suivant est masqué depuis ‘package:MASS’:

    select

Les objets suivants sont masqués depuis ‘package:stats’:

    filter, lag

Les objets suivants sont masqués depuis ‘package:base’:

    intersect, setdiff, setequal, union


Attachement du package : ‘kernlab’

L'objet suivant est masqué depuis ‘package:ggplot2’:

    alpha

Le chargement a nécessité le package : corpcor

Attachement du package : ‘corpcor’

L'objet suivant est masqué depuis ‘package:matrixcalc’:

    is.positive.definite

Loaded glmnet 4.1-8

Loaded mixOmics 6.31.5
Thank you for using mixOmics!
Tutorials: http://mixomics.org
Bookdown vignette: https://mixomicsteam.github.io/Bookdown
Questions, issues: Follow the prompts at http://mixomics.org/contact-us
Cite us:  citation('mixOmics')

[1] "kernel: linear"
[1] "trait: YLD"
                RF_wiser SVR_wiser GBLUP_wiser RKHS_wiser LASSO_wiser
gp_scenario_1       0.53     0.670        0.60       0.66       0.420
gp_scenario_2       0.48     0.590        0.54       0.56       0.440
gp_scenario_3       0.54     0.640        0.57       0.64       0.500
gp_scenario_4       0.59     0.720        0.63       0.71       0.570
gp_scenario_5       0.51     0.670        0.66       0.69       0.600
gp_scenario_6       0.52     0.700        0.64       0.70       0.590
gp_scenario_7       0.53     0.660        0.59       0.64       0.530
gp_scenario_8       0.50     0.640        0.56       0.63       0.620
gp_scenario_9       0.59     0.690        0.65       0.71       0.630
gp_scenario_10      0.54     0.720        0.72       0.73       0.550
gp_scenario_11      0.59     0.630        0.55       0.59       0.540
gp_scenario_12      0.48     0.630        0.58       0.62       0.580
gp_scenario_13      0.57     0.650        0.61       0.66       0.650
gp_scenario_14      0.53     0.700        0.69       0.70       0.510
gp_scenario_15      0.50     0.640        0.61       0.67       0.520
gp_scenario_16      0.44     0.610        0.60       0.62       0.510
gp_scenario_17      0.50     0.670        0.67       0.67       0.560
gp_scenario_18      0.59     0.700        0.62       0.68       0.620
gp_scenario_19      0.53     0.740        0.72       0.77       0.610
gp_scenario_20      0.58     0.700        0.69       0.72       0.600
gp_scenario_21      0.57     0.700        0.68       0.71       0.640
gp_scenario_22      0.51     0.660        0.61       0.65       0.530
gp_scenario_23      0.53     0.650        0.64       0.68       0.550
gp_scenario_24      0.57     0.680        0.62       0.68       0.580
gp_scenario_25      0.56     0.680        0.62       0.68       0.520
gp_scenario_26      0.62     0.710        0.66       0.70       0.610
gp_scenario_27      0.59     0.730        0.71       0.74       0.600
gp_scenario_28      0.52     0.630        0.61       0.64       0.610
gp_scenario_29      0.65     0.690        0.70       0.72       0.650
gp_scenario_30      0.37     0.510        0.44       0.50       0.420
gp_scenario_31      0.52     0.600        0.60       0.63       0.550
gp_scenario_32      0.54     0.650        0.56       0.64       0.600
gp_scenario_33      0.23     0.510        0.49       0.54       0.420
gp_scenario_34      0.55     0.700        0.66       0.71       0.630
gp_scenario_35      0.58     0.700        0.67       0.69       0.520
gp_scenario_36      0.43     0.600        0.63       0.65       0.580
gp_scenario_37      0.69     0.730        0.63       0.71       0.590
gp_scenario_38      0.66     0.790        0.69       0.77       0.500
gp_scenario_39      0.67     0.720        0.63       0.71       0.640
gp_scenario_40      0.32     0.530        0.45       0.51       0.350
gp_scenario_41      0.64     0.760        0.76       0.77       0.700
gp_scenario_42      0.53     0.670        0.62       0.65       0.470
gp_scenario_43      0.51     0.710        0.64       0.71       0.610
gp_scenario_44      0.32     0.570        0.47       0.57       0.420
gp_scenario_45      0.52     0.650        0.63       0.65       0.590
gp_scenario_46      0.53     0.670        0.67       0.68       0.560
gp_scenario_47      0.56     0.670        0.66       0.68       0.600
gp_scenario_48      0.57     0.700        0.57       0.67       0.660
gp_scenario_49      0.48     0.670        0.61       0.68       0.540
gp_scenario_50      0.59     0.710        0.68       0.73       0.680
gp_scenario_51      0.48     0.650        0.61       0.65       0.480
gp_scenario_52      0.56     0.660        0.62       0.66       0.530
gp_scenario_53      0.51     0.610        0.56       0.62       0.530
gp_scenario_54      0.57     0.670        0.63       0.69       0.570
gp_scenario_55      0.66     0.710        0.62       0.69       0.600
gp_scenario_56      0.58     0.640        0.58       0.64       0.630
gp_scenario_57      0.39     0.610        0.58       0.60       0.570
gp_scenario_58      0.56     0.630        0.52       0.60       0.610
gp_scenario_59      0.58     0.770        0.77       0.77       0.610
gp_scenario_60      0.60     0.590        0.52       0.57       0.570
gp_scenario_61      0.51     0.650        0.60       0.65       0.580
gp_scenario_62      0.41     0.530        0.40       0.48       0.440
gp_scenario_63      0.70     0.710        0.62       0.69       0.630
gp_scenario_64      0.58     0.670        0.63       0.67       0.580
gp_scenario_65      0.51     0.730        0.71       0.76       0.580
gp_scenario_66      0.52     0.630        0.61       0.63       0.530
gp_scenario_67      0.61     0.740        0.71       0.74       0.650
gp_scenario_68      0.54     0.670        0.60       0.67       0.600
gp_scenario_69      0.54     0.750        0.68       0.73       0.610
gp_scenario_70      0.45     0.530        0.50       0.55       0.500
gp_scenario_71      0.55     0.690        0.65       0.70       0.620
gp_scenario_72      0.41     0.610        0.60       0.61       0.500
gp_scenario_73      0.48     0.640        0.54       0.61       0.520
gp_scenario_74      0.62     0.760        0.74       0.77       0.690
gp_scenario_75      0.63     0.690        0.62       0.68       0.650
gp_scenario_76      0.56     0.670        0.62       0.66       0.640
gp_scenario_77      0.44     0.650        0.60       0.64       0.520
gp_scenario_78      0.69     0.710        0.66       0.72       0.640
gp_scenario_79      0.55     0.700        0.63       0.69       0.580
gp_scenario_80      0.55     0.690        0.69       0.70       0.630
gp_scenario_81      0.55     0.660        0.59       0.64       0.510
gp_scenario_82      0.59     0.750        0.64       0.73       0.600
gp_scenario_83      0.54     0.670        0.53       0.63       0.620
gp_scenario_84      0.49     0.580        0.57       0.59       0.520
gp_scenario_85      0.59     0.750        0.72       0.76       0.690
gp_scenario_86      0.47     0.640        0.62       0.63       0.570
gp_scenario_87      0.54     0.700        0.58       0.67       0.590
gp_scenario_88      0.59     0.670        0.64       0.66       0.590
gp_scenario_89      0.50     0.600        0.51       0.59       0.460
gp_scenario_90      0.58     0.670        0.60       0.66       0.600
gp_scenario_91      0.51     0.650        0.60       0.64       0.540
gp_scenario_92      0.53     0.600        0.50       0.57       0.590
gp_scenario_93      0.51     0.760        0.76       0.75       0.660
gp_scenario_94      0.63     0.740        0.69       0.74       0.610
gp_scenario_95      0.41     0.600        0.45       0.55       0.590
gp_scenario_96      0.53     0.720        0.62       0.71       0.590
gp_scenario_97      0.50     0.720        0.72       0.74       0.600
gp_scenario_98      0.54     0.620        0.51       0.58       0.500
gp_scenario_99      0.55     0.670        0.62       0.66       0.610
gp_scenario_100     0.51     0.660        0.68       0.69       0.500
pa_median           0.54     0.670        0.62       0.67       0.580
pa_iqr              0.07     0.062        0.08       0.08       0.082
                RF_ls_means SVR_ls_means GBLUP_ls_means RKHS_ls_means
gp_scenario_1         0.400         0.55           0.52          0.53
gp_scenario_2         0.180         0.39           0.39          0.35
gp_scenario_3         0.390         0.49           0.42          0.47
gp_scenario_4         0.350         0.51           0.52          0.53
gp_scenario_5         0.350         0.51           0.51          0.53
gp_scenario_6         0.290         0.45           0.49          0.44
gp_scenario_7         0.270         0.46           0.41          0.45
gp_scenario_8         0.310         0.41           0.35          0.40
gp_scenario_9         0.300         0.55           0.57          0.55
gp_scenario_10        0.460         0.59           0.53          0.58
gp_scenario_11        0.280         0.38           0.38          0.38
gp_scenario_12        0.310         0.47           0.48          0.46
gp_scenario_13        0.340         0.49           0.49          0.51
gp_scenario_14        0.089         0.42           0.45          0.40
gp_scenario_15        0.310         0.55           0.50          0.54
gp_scenario_16        0.130         0.38           0.39          0.39
gp_scenario_17        0.330         0.66           0.66          0.58
gp_scenario_18        0.420         0.48           0.42          0.47
gp_scenario_19        0.230         0.39           0.42          0.37
gp_scenario_20        0.350         0.51           0.51          0.53
gp_scenario_21        0.370         0.54           0.51          0.53
gp_scenario_22        0.480         0.55           0.52          0.56
gp_scenario_23        0.470         0.50           0.51          0.51
gp_scenario_24        0.440         0.57           0.53          0.56
gp_scenario_25        0.430         0.64           0.54          0.62
gp_scenario_26        0.340         0.53           0.48          0.55
gp_scenario_27        0.420         0.57           0.58          0.58
gp_scenario_28        0.320         0.58           0.58          0.57
gp_scenario_29        0.480         0.57           0.56          0.56
gp_scenario_30        0.010         0.34           0.34          0.31
gp_scenario_31        0.470         0.53           0.55          0.52
gp_scenario_32        0.330         0.49           0.53          0.52
gp_scenario_33        0.027         0.31           0.37          0.31
gp_scenario_34        0.210         0.47           0.46          0.48
gp_scenario_35        0.370         0.48           0.43          0.46
gp_scenario_36        0.390         0.54           0.49          0.55
gp_scenario_37        0.390         0.56           0.50          0.58
gp_scenario_38        0.370         0.59           0.60          0.56
gp_scenario_39        0.350         0.46           0.41          0.45
gp_scenario_40        0.150         0.51           0.47          0.48
gp_scenario_41        0.470         0.56           0.59          0.54
gp_scenario_42        0.160         0.45           0.40          0.43
gp_scenario_43        0.330         0.54           0.53          0.54
gp_scenario_44        0.410         0.50           0.39          0.48
gp_scenario_45        0.370         0.54           0.53          0.55
gp_scenario_46        0.260         0.53           0.56          0.51
gp_scenario_47        0.300         0.51           0.53          0.52
gp_scenario_48        0.320         0.55           0.56          0.53
gp_scenario_49        0.300         0.50           0.43          0.48
gp_scenario_50        0.490         0.62           0.59          0.59
gp_scenario_51        0.270         0.52           0.50          0.52
gp_scenario_52        0.270         0.45           0.48          0.46
gp_scenario_53        0.360         0.49           0.44          0.50
gp_scenario_54        0.370         0.51           0.44          0.50
gp_scenario_55        0.400         0.54           0.46          0.53
gp_scenario_56        0.180         0.47           0.50          0.49
gp_scenario_57        0.470         0.58           0.53          0.57
gp_scenario_58        0.210         0.37           0.37          0.39
gp_scenario_59        0.290         0.47           0.46          0.44
gp_scenario_60        0.310         0.53           0.48          0.51
gp_scenario_61        0.420         0.59           0.52          0.57
gp_scenario_62        0.290         0.24           0.19          0.22
gp_scenario_63        0.420         0.42           0.41          0.44
gp_scenario_64        0.310         0.54           0.50          0.54
gp_scenario_65        0.280         0.54           0.53          0.54
gp_scenario_66        0.380         0.53           0.55          0.55
gp_scenario_67        0.220         0.42           0.43          0.42
gp_scenario_68        0.270         0.40           0.34          0.39
gp_scenario_69        0.310         0.56           0.44          0.54
gp_scenario_70        0.390         0.57           0.48          0.57
gp_scenario_71        0.450         0.63           0.58          0.61
gp_scenario_72        0.360         0.44           0.39          0.41
gp_scenario_73        0.300         0.47           0.39          0.46
gp_scenario_74        0.410         0.58           0.59          0.58
gp_scenario_75        0.380         0.49           0.49          0.50
gp_scenario_76        0.300         0.37           0.33          0.37
gp_scenario_77        0.290         0.42           0.47          0.44
gp_scenario_78        0.520         0.62           0.56          0.61
gp_scenario_79        0.270         0.55           0.54          0.52
gp_scenario_80        0.130         0.44           0.51          0.44
gp_scenario_81        0.360         0.51           0.44          0.49
gp_scenario_82        0.420         0.56           0.50          0.56
gp_scenario_83        0.410         0.46           0.36          0.46
gp_scenario_84        0.450         0.60           0.56          0.57
gp_scenario_85        0.180         0.47           0.47          0.49
gp_scenario_86        0.280         0.52           0.49          0.50
gp_scenario_87        0.270         0.44           0.41          0.43
gp_scenario_88        0.350         0.47           0.49          0.47
gp_scenario_89        0.520         0.61           0.54          0.60
gp_scenario_90        0.300         0.46           0.36          0.44
gp_scenario_91        0.190         0.43           0.36          0.43
gp_scenario_92        0.390         0.48           0.47          0.44
gp_scenario_93        0.430         0.60           0.59          0.61
gp_scenario_94        0.450         0.58           0.55          0.59
gp_scenario_95        0.330         0.46           0.42          0.45
gp_scenario_96        0.390         0.54           0.50          0.54
gp_scenario_97        0.430         0.68           0.67          0.67
gp_scenario_98        0.280         0.42           0.40          0.40
gp_scenario_99        0.340         0.49           0.52          0.50
gp_scenario_100       0.340         0.53           0.54          0.52
pa_median             0.340         0.51           0.49          0.51
pa_iqr                0.120         0.09           0.11          0.10
                LASSO_ls_means RF_blups SVR_blups GBLUP_blups RKHS_blups
gp_scenario_1            0.380    0.390      0.54        0.52       0.53
gp_scenario_2            0.120    0.150      0.37        0.39       0.36
gp_scenario_3            0.280    0.360      0.48        0.42       0.48
gp_scenario_4            0.290    0.350      0.51        0.53       0.54
gp_scenario_5            0.360    0.330      0.50        0.50       0.53
gp_scenario_6            0.320    0.310      0.43        0.48       0.44
gp_scenario_7            0.380    0.340      0.46        0.41       0.46
gp_scenario_8            0.340    0.350      0.40        0.36       0.41
gp_scenario_9            0.280    0.290      0.54        0.57       0.55
gp_scenario_10           0.300    0.460      0.56        0.53       0.57
gp_scenario_11           0.320    0.280      0.37        0.39       0.40
gp_scenario_12           0.390    0.300      0.46        0.48       0.47
gp_scenario_13           0.370    0.330      0.49        0.49       0.52
gp_scenario_14           0.011    0.120      0.39        0.44       0.40
gp_scenario_15           0.310    0.320      0.56        0.50       0.55
gp_scenario_16           0.230    0.160      0.37        0.40       0.40
gp_scenario_17           0.140    0.320      0.64        0.66       0.59
gp_scenario_18           0.360    0.410      0.50        0.43       0.48
gp_scenario_19           0.270    0.220      0.37        0.42       0.37
gp_scenario_20           0.410    0.380      0.50        0.50       0.53
gp_scenario_21           0.370    0.390      0.52        0.52       0.54
gp_scenario_22           0.240    0.460      0.54        0.52       0.57
gp_scenario_23           0.450    0.460      0.50        0.50       0.50
gp_scenario_24           0.340    0.450      0.55        0.53       0.56
gp_scenario_25           0.270    0.420      0.64        0.55       0.62
gp_scenario_26           0.370    0.320      0.50        0.48       0.55
gp_scenario_27           0.310    0.430      0.57        0.59       0.58
gp_scenario_28           0.500    0.310      0.56        0.57       0.57
gp_scenario_29           0.390    0.450      0.59        0.56       0.57
gp_scenario_30           0.210    0.043      0.32        0.34       0.31
gp_scenario_31           0.370    0.450      0.52        0.55       0.53
gp_scenario_32           0.420    0.340      0.48        0.53       0.52
gp_scenario_33           0.180    0.056      0.28        0.37       0.31
gp_scenario_34           0.230    0.230      0.46        0.46       0.48
gp_scenario_35           0.260    0.340      0.47        0.43       0.46
gp_scenario_36           0.300    0.420      0.52        0.48       0.55
gp_scenario_37           0.410    0.380      0.57        0.50       0.58
gp_scenario_38           0.300    0.330      0.55        0.60       0.55
gp_scenario_39           0.260    0.350      0.46        0.41       0.45
gp_scenario_40           0.320    0.150      0.51        0.48       0.49
gp_scenario_41           0.460    0.470      0.50        0.58       0.53
gp_scenario_42           0.240    0.160      0.45        0.40       0.43
gp_scenario_43           0.450    0.350      0.53        0.53       0.54
gp_scenario_44           0.250    0.400      0.49        0.40       0.48
gp_scenario_45           0.260    0.400      0.53        0.53       0.56
gp_scenario_46           0.100    0.290      0.51        0.57       0.52
gp_scenario_47           0.350    0.310      0.49        0.52       0.52
gp_scenario_48           0.460    0.310      0.54        0.56       0.53
gp_scenario_49           0.250    0.280      0.51        0.43       0.49
gp_scenario_50              NA    0.490      0.61        0.59       0.65
gp_scenario_51           0.380    0.320      0.50        0.50       0.51
gp_scenario_52           0.300    0.270      0.45        0.48       0.46
gp_scenario_53           0.340    0.370      0.48        0.44       0.51
gp_scenario_54           0.300    0.380      0.49        0.44       0.51
gp_scenario_55           0.340    0.390      0.52        0.46       0.53
gp_scenario_56           0.260    0.170      0.46        0.49       0.48
gp_scenario_57           0.450    0.470      0.58        0.54       0.58
gp_scenario_58           0.310    0.210      0.37        0.37       0.39
gp_scenario_59           0.320    0.350      0.43        0.45       0.43
gp_scenario_60           0.260    0.340      0.53        0.48       0.51
gp_scenario_61           0.400    0.410      0.59        0.52       0.58
gp_scenario_62           0.260    0.250      0.24        0.19       0.23
gp_scenario_63           0.360    0.410      0.40        0.40       0.43
gp_scenario_64           0.190    0.320      0.55        0.51       0.56
gp_scenario_65           0.370    0.280      0.53        0.53       0.54
gp_scenario_66           0.330    0.380      0.53        0.55       0.55
gp_scenario_67           0.190    0.190      0.40        0.42       0.41
gp_scenario_68           0.330    0.280      0.40        0.35       0.40
gp_scenario_69           0.350    0.360      0.52        0.43       0.53
gp_scenario_70           0.320    0.400      0.58        0.48       0.58
gp_scenario_71           0.360    0.450      0.61        0.58       0.62
gp_scenario_72           0.410    0.340      0.43        0.39       0.42
gp_scenario_73           0.210    0.320      0.47        0.40       0.46
gp_scenario_74           0.300    0.410      0.57        0.59       0.59
gp_scenario_75           0.360    0.390      0.49        0.48       0.50
gp_scenario_76           0.310    0.330      0.36        0.33       0.37
gp_scenario_77           0.240    0.300      0.43        0.47       0.44
gp_scenario_78              NA    0.540      0.61        0.56       0.61
gp_scenario_79           0.220    0.300      0.53        0.53       0.52
gp_scenario_80           0.330    0.093      0.43        0.50       0.44
gp_scenario_81           0.420    0.370      0.51        0.44       0.49
gp_scenario_82           0.460    0.430      0.56        0.50       0.56
gp_scenario_83           0.260    0.410      0.45        0.36       0.46
gp_scenario_84           0.340    0.440      0.58        0.56       0.57
gp_scenario_85           0.320    0.190      0.45        0.47       0.49
gp_scenario_86           0.320    0.280      0.50        0.49       0.51
gp_scenario_87           0.300    0.240      0.44        0.40       0.44
gp_scenario_88           0.270    0.340      0.46        0.49       0.47
gp_scenario_89          -0.021    0.530      0.62        0.54       0.61
gp_scenario_90           0.420    0.310      0.44        0.36       0.43
gp_scenario_91           0.260    0.230      0.42        0.36       0.43
gp_scenario_92           0.370    0.370      0.47        0.47       0.44
gp_scenario_93           0.410    0.420      0.58        0.59       0.60
gp_scenario_94           0.340    0.460      0.58        0.55       0.59
gp_scenario_95           0.400    0.330      0.48        0.42       0.46
gp_scenario_96           0.320    0.420      0.51        0.50       0.54
gp_scenario_97           0.380    0.440      0.67        0.67       0.68
gp_scenario_98           0.290    0.290      0.40        0.40       0.41
gp_scenario_99           0.280    0.330      0.49        0.52       0.51
gp_scenario_100          0.330    0.330      0.53        0.54       0.52
pa_median                0.320    0.340      0.50        0.49       0.51
pa_iqr                   0.110    0.120      0.09        0.11       0.10
                LASSO_blups RF_blups_pca SVR_blups_pca GBLUP_blups_pca
gp_scenario_1         0.350        0.320         0.450           0.440
gp_scenario_2         0.120        0.055         0.320           0.390
gp_scenario_3         0.280        0.330         0.460           0.380
gp_scenario_4         0.360        0.180         0.410           0.470
gp_scenario_5         0.370        0.310         0.410           0.420
gp_scenario_6         0.350        0.310         0.380           0.460
gp_scenario_7         0.360        0.160         0.360           0.330
gp_scenario_8         0.310        0.260         0.320           0.300
gp_scenario_9         0.270        0.320         0.530           0.540
gp_scenario_10        0.290        0.200         0.430           0.440
gp_scenario_11        0.320        0.120         0.240           0.280
gp_scenario_12        0.390        0.270         0.420           0.460
gp_scenario_13        0.380        0.200         0.420           0.450
gp_scenario_14        0.050        0.220         0.450           0.470
gp_scenario_15        0.480        0.076         0.360           0.350
gp_scenario_16        0.230        0.200         0.310           0.340
gp_scenario_17        0.070        0.320         0.510           0.570
gp_scenario_18        0.350        0.520         0.510           0.450
gp_scenario_19        0.280        0.210         0.340           0.390
gp_scenario_20        0.400        0.230         0.370           0.420
gp_scenario_21        0.400        0.300         0.430           0.460
gp_scenario_22        0.260        0.400         0.470           0.470
gp_scenario_23        0.440        0.360         0.450           0.450
gp_scenario_24        0.370        0.370         0.490           0.480
gp_scenario_25        0.270        0.460         0.600           0.510
gp_scenario_26        0.370        0.160         0.390           0.380
gp_scenario_27        0.330        0.320         0.490           0.540
gp_scenario_28        0.470        0.330         0.480           0.520
gp_scenario_29        0.370        0.360         0.510           0.500
gp_scenario_30        0.210        0.240         0.370           0.360
gp_scenario_31        0.350        0.210         0.340           0.440
gp_scenario_32        0.390        0.280         0.420           0.480
gp_scenario_33        0.160        0.130         0.270           0.370
gp_scenario_34        0.270        0.150         0.420           0.420
gp_scenario_35        0.260        0.180         0.410           0.410
gp_scenario_36        0.390        0.340         0.430           0.390
gp_scenario_37        0.340        0.270         0.490           0.440
gp_scenario_38           NA        0.180         0.440           0.540
gp_scenario_39        0.250        0.160         0.380           0.310
gp_scenario_40        0.320        0.390         0.550           0.480
gp_scenario_41        0.440        0.380         0.430           0.530
gp_scenario_42        0.250        0.150         0.400           0.360
gp_scenario_43        0.460        0.390         0.520           0.510
gp_scenario_44        0.290        0.450         0.470           0.370
gp_scenario_45        0.390        0.150         0.340           0.400
gp_scenario_46        0.031        0.260         0.410           0.500
gp_scenario_47        0.360        0.250         0.450           0.500
gp_scenario_48        0.350        0.240         0.480           0.490
gp_scenario_49        0.240        0.240         0.470           0.390
gp_scenario_50        0.460        0.460         0.540           0.520
gp_scenario_51        0.390        0.290         0.440           0.410
gp_scenario_52        0.280        0.170         0.340           0.380
gp_scenario_53        0.270        0.300         0.440           0.410
gp_scenario_54        0.310        0.420         0.470           0.420
gp_scenario_55        0.340        0.290         0.420           0.390
gp_scenario_56        0.200        0.098         0.370           0.430
gp_scenario_57           NA        0.340         0.450           0.420
gp_scenario_58        0.320        0.330         0.400           0.390
gp_scenario_59        0.230        0.400         0.360           0.400
gp_scenario_60        0.250        0.320         0.490           0.420
gp_scenario_61        0.210        0.370         0.510           0.460
gp_scenario_62        0.280        0.120         0.100           0.095
gp_scenario_63        0.290        0.220         0.290           0.330
gp_scenario_64        0.170        0.290         0.500           0.470
gp_scenario_65        0.390        0.260         0.500           0.490
gp_scenario_66        0.340        0.400         0.500           0.500
gp_scenario_67        0.200        0.072         0.310           0.360
gp_scenario_68        0.330        0.380         0.400           0.360
gp_scenario_69        0.320        0.360         0.420           0.340
gp_scenario_70        0.310        0.290         0.490           0.400
gp_scenario_71        0.340        0.300         0.550           0.530
gp_scenario_72        0.420        0.150         0.290           0.290
gp_scenario_73        0.220        0.360         0.410           0.340
gp_scenario_74        0.310        0.390         0.520           0.540
gp_scenario_75        0.390        0.440         0.470           0.440
gp_scenario_76        0.300        0.170         0.260           0.240
gp_scenario_77        0.240        0.120         0.340           0.420
gp_scenario_78        0.500        0.430         0.470           0.460
gp_scenario_79        0.230        0.250         0.470           0.470
gp_scenario_80        0.330        0.310         0.460           0.510
gp_scenario_81        0.390        0.310         0.460           0.390
gp_scenario_82        0.490        0.290         0.490           0.430
gp_scenario_83        0.270        0.400         0.450           0.340
gp_scenario_84        0.330        0.280         0.470           0.480
gp_scenario_85        0.290        0.100         0.390           0.420
gp_scenario_86        0.300        0.230         0.410           0.430
gp_scenario_87        0.260        0.220         0.410           0.380
gp_scenario_88        0.240        0.330         0.420           0.430
gp_scenario_89        0.430        0.420         0.530           0.480
gp_scenario_90        0.420        0.240         0.370           0.280
gp_scenario_91        0.200        0.089         0.350           0.320
gp_scenario_92        0.360        0.260         0.400           0.410
gp_scenario_93        0.390        0.270         0.470           0.510
gp_scenario_94        0.430        0.350         0.510           0.510
gp_scenario_95        0.400        0.440         0.450           0.380
gp_scenario_96        0.300        0.210         0.420           0.420
gp_scenario_97        0.340        0.480         0.630           0.640
gp_scenario_98        0.260        0.240         0.320           0.340
gp_scenario_99        0.280        0.320         0.460           0.490
gp_scenario_100       0.290        0.340         0.440           0.460
pa_median             0.320        0.290         0.430           0.420
pa_iqr                0.120        0.140         0.092           0.100
                RKHS_blups_pca LASSO_blups_pca
gp_scenario_1           0.2700          0.1900
gp_scenario_2          -0.0064         -0.0340
gp_scenario_3           0.3500              NA
gp_scenario_4           0.2500          0.2100
gp_scenario_5           0.3000          0.2100
gp_scenario_6           0.1500              NA
gp_scenario_7           0.2200          0.2500
gp_scenario_8           0.1400          0.2700
gp_scenario_9           0.3600          0.2000
gp_scenario_10          0.2100          0.1300
gp_scenario_11          0.0540          0.2200
gp_scenario_12          0.2000          0.2600
gp_scenario_13          0.3200              NA
gp_scenario_14          0.1500          0.0460
gp_scenario_15          0.0610          0.0490
gp_scenario_16          0.1600          0.1700
gp_scenario_17          0.2600          0.2000
gp_scenario_18          0.3000              NA
gp_scenario_19          0.1700          0.0470
gp_scenario_20          0.1600          0.1000
gp_scenario_21          0.3500              NA
gp_scenario_22          0.3400          0.2000
gp_scenario_23          0.2500          0.3200
gp_scenario_24          0.3700          0.3400
gp_scenario_25          0.4800          0.2300
gp_scenario_26          0.3600         -0.1300
gp_scenario_27          0.2200          0.3000
gp_scenario_28          0.4200          0.3900
gp_scenario_29          0.3300              NA
gp_scenario_30         -0.0510          0.2600
gp_scenario_31          0.0780          0.1600
gp_scenario_32          0.3500              NA
gp_scenario_33          0.0570          0.2100
gp_scenario_34          0.1100          0.2000
gp_scenario_35          0.2400         -0.0990
gp_scenario_36          0.3700          0.2900
gp_scenario_37          0.3000          0.2300
gp_scenario_38          0.2500          0.0670
gp_scenario_39          0.2300          0.1100
gp_scenario_40          0.2400         -0.1800
gp_scenario_41          0.2900              NA
gp_scenario_42          0.1800          0.1300
gp_scenario_43          0.3700          0.4100
gp_scenario_44          0.4200          0.2600
gp_scenario_45          0.0640          0.1000
gp_scenario_46          0.1700          0.3600
gp_scenario_47          0.1800          0.2200
gp_scenario_48          0.2700          0.2800
gp_scenario_49          0.2800          0.1800
gp_scenario_50          0.5100              NA
gp_scenario_51          0.1600              NA
gp_scenario_52          0.1600          0.2000
gp_scenario_53          0.4300          0.1100
gp_scenario_54          0.3900          0.2000
gp_scenario_55          0.3300          0.2200
gp_scenario_56          0.1800         -0.1100
gp_scenario_57          0.3200              NA
gp_scenario_58          0.2500         -0.0150
gp_scenario_59          0.1700          0.0550
gp_scenario_60          0.3600          0.2200
gp_scenario_61          0.3000          0.2400
gp_scenario_62          0.0051          0.1600
gp_scenario_63          0.1100          0.1400
gp_scenario_64          0.3100          0.2100
gp_scenario_65          0.3200          0.1800
gp_scenario_66          0.3000          0.2700
gp_scenario_67          0.1700          0.0960
gp_scenario_68          0.2300         -0.0150
gp_scenario_69          0.3400          0.2800
gp_scenario_70          0.3500          0.1300
gp_scenario_71          0.3300          0.0900
gp_scenario_72          0.0320          0.3100
gp_scenario_73          0.3300          0.0610
gp_scenario_74          0.4000          0.0790
gp_scenario_75          0.3500              NA
gp_scenario_76          0.3000          0.1900
gp_scenario_77          0.1700          0.1400
gp_scenario_78          0.2300              NA
gp_scenario_79          0.2200          0.1400
gp_scenario_80          0.2800          0.3200
gp_scenario_81          0.2900          0.3200
gp_scenario_82          0.3400          0.4000
gp_scenario_83          0.3400          0.0460
gp_scenario_84          0.3200          0.0790
gp_scenario_85          0.1400          0.1800
gp_scenario_86          0.2100          0.2500
gp_scenario_87          0.2600          0.1200
gp_scenario_88          0.3000          0.2300
gp_scenario_89          0.2700          0.2200
gp_scenario_90          0.1500         -0.0510
gp_scenario_91          0.2300          0.2100
gp_scenario_92          0.1500          0.3200
gp_scenario_93          0.3600          0.2800
gp_scenario_94          0.3400         -0.0037
gp_scenario_95          0.3700          0.3500
gp_scenario_96          0.3400          0.2700
gp_scenario_97          0.5100              NA
gp_scenario_98          0.0890          0.3000
gp_scenario_99          0.2800          0.2200
gp_scenario_100         0.1600              NA
pa_median               0.2700          0.2000
pa_iqr                  0.1700          0.1600
                GBLUP_wiser GBLUP_ls_means GBLUP_blups GBLUP_blups_pca
gp_scenario_1          0.80           0.69        0.69           0.650
gp_scenario_2          0.82           0.74        0.74           0.690
gp_scenario_3          0.83           0.71        0.71           0.650
gp_scenario_4          0.81           0.75        0.75           0.720
gp_scenario_5          0.79           0.74        0.75           0.720
gp_scenario_6          0.82           0.69        0.70           0.650
gp_scenario_7          0.83           0.74        0.74           0.720
gp_scenario_8          0.85           0.80        0.80           0.770
gp_scenario_9          0.79           0.67        0.68           0.600
gp_scenario_10         0.75           0.72        0.73           0.690
gp_scenario_11         0.86           0.80        0.80           0.780
gp_scenario_12         0.85           0.74        0.74           0.690
gp_scenario_13         0.82           0.71        0.71           0.670
gp_scenario_14         0.74           0.70        0.70           0.630
gp_scenario_15         0.79           0.71        0.71           0.680
gp_scenario_16         0.83           0.79        0.79           0.760
gp_scenario_17         0.78           0.55        0.55           0.510
gp_scenario_18         0.83           0.75        0.75           0.690
gp_scenario_19         0.76           0.74        0.74           0.700
gp_scenario_20         0.78           0.70        0.70           0.660
gp_scenario_21         0.82           0.79        0.79           0.770
gp_scenario_22         0.83           0.72        0.72           0.680
gp_scenario_23         0.77           0.69        0.70           0.660
gp_scenario_24         0.82           0.68        0.68           0.630
gp_scenario_25         0.80           0.67        0.67           0.590
gp_scenario_26         0.80           0.73        0.73           0.690
gp_scenario_27         0.84           0.73        0.73           0.680
gp_scenario_28         0.79           0.72        0.72           0.670
gp_scenario_29         0.78           0.65        0.65           0.610
gp_scenario_30         0.82           0.75        0.75           0.700
gp_scenario_31         0.80           0.67        0.67           0.640
gp_scenario_32         0.84           0.71        0.71           0.660
gp_scenario_33         0.82           0.78        0.78           0.750
gp_scenario_34         0.82           0.70        0.70           0.640
gp_scenario_35         0.77           0.73        0.73           0.710
gp_scenario_36         0.81           0.74        0.74           0.710
gp_scenario_37         0.83           0.73        0.73           0.690
gp_scenario_38         0.79           0.66        0.67           0.630
gp_scenario_39         0.83           0.76        0.76           0.730
gp_scenario_40         0.83           0.72        0.71           0.650
gp_scenario_41         0.80           0.73        0.74           0.710
gp_scenario_42         0.84           0.76        0.76           0.720
gp_scenario_43         0.80           0.73        0.73           0.680
gp_scenario_44         0.80           0.71        0.71           0.650
gp_scenario_45         0.84           0.70        0.70           0.680
gp_scenario_46         0.78           0.67        0.67           0.630
gp_scenario_47         0.81           0.72        0.72           0.680
gp_scenario_48         0.84           0.75        0.76           0.720
gp_scenario_49         0.82           0.71        0.71           0.670
gp_scenario_50         0.78           0.66        0.66           0.590
gp_scenario_51         0.81           0.69        0.69           0.650
gp_scenario_52         0.81           0.74        0.74           0.710
gp_scenario_53         0.82           0.72        0.72           0.670
gp_scenario_54         0.81           0.79        0.79           0.750
gp_scenario_55         0.83           0.74        0.74           0.710
gp_scenario_56         0.82           0.71        0.71           0.680
gp_scenario_57         0.80           0.76        0.75           0.720
gp_scenario_58         0.84           0.74        0.74           0.690
gp_scenario_59         0.75           0.71        0.72           0.680
gp_scenario_60         0.87           0.73        0.73           0.680
gp_scenario_61         0.81           0.67        0.67           0.610
gp_scenario_62         0.87           0.79        0.79           0.760
gp_scenario_63         0.82           0.77        0.78           0.750
gp_scenario_64         0.81           0.70        0.70           0.640
gp_scenario_65         0.75           0.67        0.67           0.610
gp_scenario_66         0.83           0.70        0.70           0.640
gp_scenario_67         0.81           0.77        0.78           0.740
gp_scenario_68         0.81           0.76        0.76           0.730
gp_scenario_69         0.79           0.71        0.72           0.680
gp_scenario_70         0.83           0.73        0.72           0.680
gp_scenario_71         0.80           0.66        0.66           0.600
gp_scenario_72         0.84           0.79        0.79           0.770
gp_scenario_73         0.84           0.74        0.74           0.710
gp_scenario_74         0.77           0.68        0.68           0.610
gp_scenario_75         0.83           0.74        0.75           0.700
gp_scenario_76         0.78           0.79        0.79           0.760
gp_scenario_77         0.85           0.75        0.76           0.730
gp_scenario_78         0.81           0.71        0.70           0.670
gp_scenario_79         0.81           0.63        0.64           0.590
gp_scenario_80         0.79           0.73        0.73           0.670
gp_scenario_81         0.82           0.75        0.75           0.710
gp_scenario_82         0.84           0.73        0.73           0.680
gp_scenario_83         0.84           0.73        0.73           0.680
gp_scenario_84         0.85           0.73        0.74           0.710
gp_scenario_85         0.74           0.70        0.70           0.670
gp_scenario_86         0.80           0.69        0.70           0.660
gp_scenario_87         0.85           0.76        0.76           0.720
gp_scenario_88         0.82           0.74        0.74           0.700
gp_scenario_89         0.84           0.67        0.67           0.620
gp_scenario_90         0.81           0.77        0.76           0.730
gp_scenario_91         0.87           0.78        0.78           0.750
gp_scenario_92         0.83           0.70        0.71           0.660
gp_scenario_93         0.73           0.67        0.68           0.640
gp_scenario_94         0.79           0.67        0.67           0.610
gp_scenario_95         0.86           0.80        0.79           0.750
gp_scenario_96         0.80           0.68        0.68           0.650
gp_scenario_97         0.74           0.62        0.63           0.550
gp_scenario_98         0.86           0.76        0.76           0.720
gp_scenario_99         0.85           0.74        0.74           0.690
gp_scenario_100        0.79           0.73        0.72           0.690
h2_median              0.82           0.73        0.73           0.680
h2_iqr                 0.04           0.05        0.05           0.062
