Le chargement a nécessité le package : Matrix

Attachement du package : ‘tidyr’

Les objets suivants sont masqués depuis ‘package:Matrix’:

    expand, pack, unpack

Le chargement a nécessité le package : foreach
Le chargement a nécessité le package : iterators
Le chargement a nécessité le package : parallel
Le chargement a nécessité le package : rngtools
This build of rgl does not include OpenGL functions.  Use
 rglwidget() to display results, e.g. via options(rgl.printRglwidget = TRUE).
Le chargement a nécessité le package : Rcpp
Le chargement a nécessité le package : RcppZiggurat
Le chargement a nécessité le package : RcppParallel

Attachement du package : ‘RcppParallel’

L'objet suivant est masqué depuis ‘package:Rcpp’:

    LdFlags


Rfast: 2.1.0
 ___ __ __ __ __    __ __ __ __ __ _             _               __ __ __ __ __     __ __ __ __ __ __   
|  __ __ __ __  |  |  __ __ __ __ _/            / \             |  __ __ __ __ /   /__ __ _   _ __ __\  
| |           | |  | |                         / _ \            | |                        / /          
| |           | |  | |                        / / \ \           | |                       / /          
| |           | |  | |                       / /   \ \          | |                      / /          
| |__ __ __ __| |  | |__ __ __ __           / /     \ \         | |__ __ __ __ _        / /__/\          
|    __ __ __ __|  |  __ __ __ __|         / /__ _ __\ \        |_ __ __ __ _   |      / ___  /           
|   \              | |                    / _ _ _ _ _ _ \                     | |      \/  / /       
| |\ \             | |                   / /           \ \                    | |         / /          
| | \ \            | |                  / /             \ \                   | |        / /          
| |  \ \           | |                 / /               \ \                  | |       / /          
| |   \ \__ __ _   | |                / /                 \ \     _ __ __ __ _| |      / /          
|_|    \__ __ __\  |_|               /_/                   \_\   /_ __ __ __ ___|      \/             team

Attachement du package : ‘Rfast’

Les objets suivants sont masqués depuis ‘package:robustbase’:

    colMedians, rowMedians

L'objet suivant est masqué depuis ‘package:data.table’:

    transpose

Le chargement a nécessité le package : lattice

Attachement du package : ‘plotly’

L'objet suivant est masqué depuis ‘package:ggplot2’:

    last_plot

L'objet suivant est masqué depuis ‘package:MASS’:

    select

L'objet suivant est masqué depuis ‘package:stats’:

    filter

L'objet suivant est masqué depuis ‘package:graphics’:

    layout


Attachement du package : ‘dplyr’

L'objet suivant est masqué depuis ‘package:Rfast’:

    nth

Les objets suivants sont masqués depuis ‘package:data.table’:

    between, first, last

L'objet suivant est masqué depuis ‘package:MASS’:

    select

Les objets suivants sont masqués depuis ‘package:stats’:

    filter, lag

Les objets suivants sont masqués depuis ‘package:base’:

    intersect, setdiff, setequal, union


Attachement du package : ‘kernlab’

L'objet suivant est masqué depuis ‘package:ggplot2’:

    alpha

Le chargement a nécessité le package : corpcor

Attachement du package : ‘corpcor’

L'objet suivant est masqué depuis ‘package:matrixcalc’:

    is.positive.definite

Loaded glmnet 4.1-8

Loaded mixOmics 6.25.1
Thank you for using mixOmics!
Tutorials: http://mixomics.org
Bookdown vignette: https://mixomicsteam.github.io/Bookdown
Questions, issues: Follow the prompts at http://mixomics.org/contact-us
Cite us:  citation('mixOmics')

[1] "kernel: linear"
[1] "trait: PH"
Growing trees.. Progress: 100%. Estimated remaining time: 0 seconds.
Growing trees.. Progress: 100%. Estimated remaining time: 0 seconds.
Growing trees.. Progress: 93%. Estimated remaining time: 2 seconds.
Growing trees.. Progress: 95%. Estimated remaining time: 1 seconds.
Growing trees.. Progress: 99%. Estimated remaining time: 0 seconds.
Growing trees.. Progress: 96%. Estimated remaining time: 1 seconds.
Growing trees.. Progress: 100%. Estimated remaining time: 0 seconds.
Growing trees.. Progress: 93%. Estimated remaining time: 2 seconds.
Growing trees.. Progress: 94%. Estimated remaining time: 1 seconds.
Growing trees.. Progress: 89%. Estimated remaining time: 3 seconds.
Growing trees.. Progress: 98%. Estimated remaining time: 0 seconds.
Growing trees.. Progress: 100%. Estimated remaining time: 0 seconds.
Growing trees.. Progress: 99%. Estimated remaining time: 0 seconds.
$opt_results
   whitening_method alpha_ prediction_method   mean_pa white_reg_combination
6          Cholesky   0.10                rf 0.5549795          Cholesky/0.1
12         Cholesky   0.10               svr 0.6680455          Cholesky/0.1
13          ZCA-cor   0.01             gblup 0.6750885          ZCA-cor/0.01
19          ZCA-cor   0.01              rkhs 0.6795943          ZCA-cor/0.01
30         Cholesky   0.10             lasso 0.5717071          Cholesky/0.1

$opt_alpha_
[1] 0.1

$opt_whitening_method
[1] "Cholesky"

[1] "Execution time for wiser computation of PH with linear kernel : 58.1"
[1] "x_mat_tilde_mult_xi_test[1:10]: -6.72018972587562e-13, 1.36245918721883e-14, -7.98002021586012e-16, -5.42799888424237e-18, 8.97736535353312e-15"
[1] "mean of x_mat_tilde_mult_xi_test: -1.4527719933165e-14"
[1] "median of x_mat_tilde_mult_xi_test: -7.69634464665991e-16"
                RF_wiser SVR_wiser GBLUP_wiser RKHS_wiser LASSO_wiser
gp_scenario_1       0.61      0.77        0.74      0.760        0.73
gp_scenario_2       0.57      0.69        0.67      0.700        0.58
gp_scenario_3       0.56      0.73        0.71      0.740        0.62
gp_scenario_4       0.77      0.85        0.77      0.840        0.73
gp_scenario_5       0.64      0.76        0.74      0.770        0.72
gp_scenario_6       0.61      0.76        0.72      0.750        0.69
gp_scenario_7       0.73      0.80        0.79      0.800        0.77
gp_scenario_8       0.64      0.75        0.64      0.710        0.70
gp_scenario_9       0.68      0.75        0.69      0.730        0.74
gp_scenario_10      0.64      0.77        0.77      0.780        0.70
gp_scenario_11      0.57      0.71        0.62      0.680        0.54
gp_scenario_12      0.62      0.78        0.72      0.770        0.68
gp_scenario_13      0.71      0.77        0.72      0.760        0.74
gp_scenario_14      0.76      0.82        0.81      0.830        0.77
gp_scenario_15      0.50      0.67        0.67      0.700        0.62
gp_scenario_16      0.64      0.75        0.72      0.740        0.59
gp_scenario_17      0.55      0.66        0.61      0.650        0.63
gp_scenario_18      0.70      0.83        0.78      0.820        0.75
gp_scenario_19      0.64      0.72        0.70      0.740        0.71
gp_scenario_20      0.64      0.77        0.74      0.770        0.72
gp_scenario_21      0.67      0.76        0.74      0.760        0.73
gp_scenario_22      0.62      0.72        0.66      0.710        0.70
gp_scenario_23      0.73      0.81        0.76      0.800        0.76
gp_scenario_24      0.59      0.72        0.68      0.710        0.67
gp_scenario_25      0.59      0.75        0.74      0.750        0.68
gp_scenario_26      0.68      0.76        0.76      0.760        0.72
gp_scenario_27      0.68      0.81        0.77      0.800        0.76
gp_scenario_28      0.64      0.72        0.66      0.710        0.62
gp_scenario_29      0.69      0.79        0.77      0.800        0.73
gp_scenario_30      0.70      0.78        0.72      0.770        0.71
gp_scenario_31      0.70      0.79        0.77      0.800        0.74
gp_scenario_32      0.72      0.77        0.72      0.760        0.72
gp_scenario_33      0.56      0.66        0.60      0.660        0.56
gp_scenario_34      0.71      0.78        0.73      0.780        0.75
gp_scenario_35      0.69      0.76        0.76      0.770        0.66
gp_scenario_36      0.59      0.70        0.68      0.700        0.68
gp_scenario_37      0.71      0.79        0.76      0.800        0.77
gp_scenario_38      0.64      0.77        0.73      0.770        0.70
gp_scenario_39      0.75      0.82        0.82      0.830        0.78
gp_scenario_40      0.59      0.64        0.60      0.660        0.65
gp_scenario_41      0.65      0.77        0.79      0.800        0.69
gp_scenario_42      0.65      0.73        0.70      0.720        0.73
gp_scenario_43      0.74      0.81        0.75      0.800        0.73
gp_scenario_44      0.49      0.65        0.58      0.630        0.53
gp_scenario_45      0.58      0.70        0.66      0.690        0.73
gp_scenario_46      0.64      0.70        0.67      0.710        0.70
gp_scenario_47      0.67      0.74        0.72      0.750        0.64
gp_scenario_48      0.66      0.79        0.75      0.780        0.70
gp_scenario_49      0.66      0.77        0.73      0.760        0.74
gp_scenario_50      0.65      0.79        0.75      0.780        0.72
gp_scenario_51      0.74      0.80        0.76      0.800        0.76
gp_scenario_52      0.72      0.79        0.76      0.800        0.72
gp_scenario_53      0.66      0.77        0.77      0.780        0.69
gp_scenario_54      0.56      0.70        0.68      0.700        0.75
gp_scenario_55      0.65      0.77        0.72      0.760        0.72
gp_scenario_56      0.59      0.64        0.64      0.650        0.61
gp_scenario_57      0.47      0.72        0.72      0.730        0.66
gp_scenario_58      0.70      0.78        0.69      0.740        0.68
gp_scenario_59      0.64      0.80        0.77      0.800        0.78
gp_scenario_60      0.75      0.82        0.77      0.810        0.75
gp_scenario_61      0.62      0.76        0.73      0.760        0.62
gp_scenario_62      0.70      0.78        0.75      0.790        0.75
gp_scenario_63      0.78      0.79        0.76      0.790        0.77
gp_scenario_64      0.53      0.72        0.66      0.710        0.64
gp_scenario_65      0.58      0.74        0.70      0.720        0.64
gp_scenario_66      0.45      0.67        0.62      0.670        0.57
gp_scenario_67      0.78      0.85        0.81      0.840        0.80
gp_scenario_68      0.75      0.85        0.81      0.850        0.80
gp_scenario_69      0.74      0.80        0.77      0.800        0.78
gp_scenario_70      0.49      0.53        0.51      0.530        0.55
gp_scenario_71      0.73      0.75        0.70      0.750        0.69
gp_scenario_72      0.63      0.76        0.75      0.770        0.73
gp_scenario_73      0.48      0.69        0.62      0.650        0.61
gp_scenario_74      0.59      0.80        0.78      0.800        0.73
gp_scenario_75      0.72      0.81        0.79      0.810        0.72
gp_scenario_76      0.69      0.77        0.76      0.770        0.78
gp_scenario_77      0.67      0.82        0.78      0.820        0.73
gp_scenario_78      0.58      0.76        0.73      0.760        0.70
gp_scenario_79      0.54      0.70        0.68      0.710        0.67
gp_scenario_80      0.61      0.74        0.74      0.750        0.64
gp_scenario_81      0.70      0.75        0.72      0.750        0.71
gp_scenario_82      0.65      0.79        0.76      0.800        0.74
gp_scenario_83      0.62      0.78        0.73      0.760        0.66
gp_scenario_84      0.54      0.67        0.66      0.680        0.67
gp_scenario_85      0.65      0.80        0.77      0.810        0.75
gp_scenario_86      0.62      0.72        0.68      0.720        0.62
gp_scenario_87      0.59      0.73        0.68      0.730        0.72
gp_scenario_88      0.62      0.70        0.67      0.690        0.55
gp_scenario_89      0.61      0.74        0.73      0.750        0.67
gp_scenario_90      0.68      0.75        0.72      0.740        0.72
gp_scenario_91      0.71      0.80        0.78      0.790        0.74
gp_scenario_92      0.66      0.72        0.67      0.700        0.66
gp_scenario_93      0.61      0.73        0.69      0.720        0.70
gp_scenario_94      0.55      0.73        0.73      0.750        0.66
gp_scenario_95      0.66      0.76        0.69      0.750        0.67
gp_scenario_96      0.61      0.73        0.67      0.710        0.68
gp_scenario_97      0.56      0.71        0.72      0.730        0.73
gp_scenario_98      0.68      0.78        0.74      0.790        0.73
gp_scenario_99      0.68      0.78        0.73      0.780        0.70
gp_scenario_100     0.68      0.80        0.78      0.810        0.75
pa_median           0.64      0.76        0.73      0.760        0.71
pa_iqr              0.11      0.07        0.08      0.075        0.08
                RF_ls_means SVR_ls_means GBLUP_ls_means RKHS_ls_means
gp_scenario_1          0.31         0.50           0.47          0.49
gp_scenario_2          0.44         0.48           0.46          0.47
gp_scenario_3          0.58         0.57           0.48          0.54
gp_scenario_4          0.41         0.49           0.43          0.50
gp_scenario_5          0.53         0.62           0.60          0.62
gp_scenario_6          0.35         0.55           0.56          0.54
gp_scenario_7          0.55         0.61           0.59          0.61
gp_scenario_8          0.47         0.51           0.44          0.49
gp_scenario_9          0.43         0.72           0.61          0.69
gp_scenario_10         0.55         0.55           0.49          0.55
gp_scenario_11         0.46         0.57           0.51          0.56
gp_scenario_12         0.36         0.56           0.51          0.56
gp_scenario_13         0.44         0.67           0.66          0.64
gp_scenario_14         0.48         0.56           0.56          0.58
gp_scenario_15         0.57         0.62           0.55          0.60
gp_scenario_16         0.45         0.55           0.52          0.54
gp_scenario_17         0.53         0.64           0.61          0.63
gp_scenario_18         0.44         0.59           0.56          0.56
gp_scenario_19         0.47         0.59           0.52          0.59
gp_scenario_20         0.43         0.51           0.47          0.50
gp_scenario_21         0.52         0.52           0.46          0.50
gp_scenario_22         0.38         0.51           0.49          0.51
gp_scenario_23         0.45         0.59           0.49          0.54
gp_scenario_24         0.47         0.59           0.61          0.57
gp_scenario_25         0.43         0.59           0.51          0.57
gp_scenario_26         0.41         0.49           0.45          0.46
gp_scenario_27         0.38         0.39           0.42          0.39
gp_scenario_28         0.52         0.62           0.61          0.62
gp_scenario_29         0.48         0.59           0.62          0.61
gp_scenario_30         0.48         0.68           0.60          0.68
gp_scenario_31         0.46         0.58           0.57          0.58
gp_scenario_32         0.38         0.60           0.54          0.60
gp_scenario_33         0.59         0.66           0.59          0.65
gp_scenario_34         0.44         0.51           0.42          0.49
gp_scenario_35         0.36         0.53           0.50          0.53
gp_scenario_36         0.49         0.55           0.48          0.52
gp_scenario_37         0.60         0.60           0.60          0.61
gp_scenario_38         0.34         0.47           0.43          0.47
gp_scenario_39         0.28         0.56           0.52          0.57
gp_scenario_40         0.36         0.48           0.41          0.48
gp_scenario_41         0.34         0.48           0.48          0.48
gp_scenario_42         0.41         0.60           0.53          0.58
gp_scenario_43         0.48         0.66           0.65          0.66
gp_scenario_44         0.43         0.55           0.47          0.54
gp_scenario_45         0.43         0.53           0.47          0.51
gp_scenario_46         0.47         0.61           0.53          0.61
gp_scenario_47         0.34         0.48           0.46          0.48
gp_scenario_48         0.47         0.51           0.47          0.52
gp_scenario_49         0.48         0.65           0.59          0.63
gp_scenario_50         0.57         0.57           0.51          0.55
gp_scenario_51         0.43         0.57           0.54          0.58
gp_scenario_52         0.64         0.65           0.57          0.64
gp_scenario_53         0.43         0.62           0.58          0.61
gp_scenario_54         0.27         0.47           0.43          0.47
gp_scenario_55         0.38         0.54           0.56          0.56
gp_scenario_56         0.38         0.45           0.42          0.43
gp_scenario_57         0.51         0.67           0.69          0.67
gp_scenario_58         0.36         0.59           0.56          0.59
gp_scenario_59         0.33         0.51           0.41          0.48
gp_scenario_60         0.57         0.63           0.48          0.56
gp_scenario_61         0.44         0.60           0.57          0.59
gp_scenario_62         0.35         0.45           0.48          0.46
gp_scenario_63         0.45         0.57           0.49          0.55
gp_scenario_64         0.37         0.68           0.55          0.65
gp_scenario_65         0.53         0.51           0.45          0.48
gp_scenario_66         0.25         0.59           0.48          0.58
gp_scenario_67         0.38         0.57           0.57          0.56
gp_scenario_68         0.47         0.47           0.36          0.47
gp_scenario_69         0.49         0.54           0.51          0.53
gp_scenario_70         0.42         0.53           0.54          0.52
gp_scenario_71         0.49         0.55           0.51          0.53
gp_scenario_72         0.55         0.57           0.49          0.56
gp_scenario_73         0.42         0.42           0.39          0.41
gp_scenario_74         0.35         0.60           0.54          0.58
gp_scenario_75         0.37         0.50           0.47          0.51
gp_scenario_76         0.35         0.54           0.54          0.52
gp_scenario_77         0.48         0.52           0.45          0.52
gp_scenario_78         0.30         0.55           0.49          0.56
gp_scenario_79         0.56         0.65           0.61          0.65
gp_scenario_80         0.36         0.46           0.47          0.42
gp_scenario_81         0.45         0.38           0.25          0.35
gp_scenario_82         0.53         0.61           0.58          0.62
gp_scenario_83         0.36         0.44           0.39          0.43
gp_scenario_84         0.31         0.51           0.50          0.51
gp_scenario_85         0.44         0.57           0.44          0.53
gp_scenario_86         0.43         0.50           0.42          0.48
gp_scenario_87         0.36         0.45           0.49          0.47
gp_scenario_88         0.55         0.65           0.56          0.61
gp_scenario_89         0.44         0.61           0.56          0.59
gp_scenario_90         0.45         0.59           0.56          0.59
gp_scenario_91         0.58         0.56           0.53          0.54
gp_scenario_92         0.32         0.62           0.56          0.60
gp_scenario_93         0.48         0.66           0.63          0.66
gp_scenario_94         0.27         0.46           0.50          0.47
gp_scenario_95         0.47         0.52           0.42          0.51
gp_scenario_96         0.46         0.55           0.51          0.56
gp_scenario_97         0.35         0.54           0.54          0.56
gp_scenario_98         0.42         0.63           0.51          0.59
gp_scenario_99         0.47         0.51           0.48          0.54
gp_scenario_100        0.41         0.46           0.41          0.44
pa_median              0.44         0.56           0.51          0.55
pa_iqr                 0.11         0.09           0.09          0.09
                LASSO_ls_means
gp_scenario_1             0.40
gp_scenario_2             0.50
gp_scenario_3             0.57
gp_scenario_4             0.49
gp_scenario_5             0.54
gp_scenario_6             0.52
gp_scenario_7             0.61
gp_scenario_8             0.39
gp_scenario_9             0.53
gp_scenario_10            0.56
gp_scenario_11            0.50
gp_scenario_12            0.37
gp_scenario_13            0.54
gp_scenario_14            0.51
gp_scenario_15            0.59
gp_scenario_16            0.48
gp_scenario_17            0.56
gp_scenario_18            0.47
gp_scenario_19            0.48
gp_scenario_20            0.41
gp_scenario_21            0.40
gp_scenario_22            0.43
gp_scenario_23            0.37
gp_scenario_24            0.39
gp_scenario_25            0.46
gp_scenario_26            0.44
gp_scenario_27            0.43
gp_scenario_28            0.61
gp_scenario_29            0.46
gp_scenario_30            0.49
gp_scenario_31            0.55
gp_scenario_32            0.52
gp_scenario_33            0.60
gp_scenario_34            0.43
gp_scenario_35            0.31
gp_scenario_36            0.48
gp_scenario_37            0.57
gp_scenario_38            0.33
gp_scenario_39            0.43
gp_scenario_40            0.43
gp_scenario_41            0.45
gp_scenario_42            0.45
gp_scenario_43            0.47
gp_scenario_44            0.51
gp_scenario_45            0.39
gp_scenario_46            0.43
gp_scenario_47            0.34
gp_scenario_48            0.44
gp_scenario_49            0.52
gp_scenario_50            0.45
gp_scenario_51            0.41
gp_scenario_52            0.66
gp_scenario_53            0.49
gp_scenario_54            0.37
gp_scenario_55            0.46
gp_scenario_56            0.29
gp_scenario_57            0.45
gp_scenario_58            0.39
gp_scenario_59            0.38
gp_scenario_60            0.40
gp_scenario_61            0.36
gp_scenario_62            0.36
gp_scenario_63            0.50
gp_scenario_64            0.47
gp_scenario_65            0.50
gp_scenario_66            0.40
gp_scenario_67            0.44
gp_scenario_68            0.29
gp_scenario_69            0.46
gp_scenario_70            0.40
gp_scenario_71            0.48
gp_scenario_72            0.47
gp_scenario_73            0.41
gp_scenario_74            0.39
gp_scenario_75            0.52
gp_scenario_76            0.46
gp_scenario_77            0.47
gp_scenario_78            0.26
gp_scenario_79            0.53
gp_scenario_80            0.33
gp_scenario_81            0.43
gp_scenario_82            0.55
gp_scenario_83            0.33
gp_scenario_84            0.51
gp_scenario_85            0.55
gp_scenario_86            0.44
gp_scenario_87            0.51
gp_scenario_88            0.48
gp_scenario_89            0.39
gp_scenario_90            0.49
gp_scenario_91            0.48
gp_scenario_92            0.42
gp_scenario_93            0.50
gp_scenario_94            0.27
gp_scenario_95            0.38
gp_scenario_96            0.48
gp_scenario_97            0.39
gp_scenario_98            0.45
gp_scenario_99            0.49
gp_scenario_100           0.33
pa_median                 0.46
pa_iqr                    0.10
                GBLUP_wiser GBLUP_ls_means
gp_scenario_1          0.86          0.740
gp_scenario_2          0.85          0.770
gp_scenario_3          0.86          0.770
gp_scenario_4          0.82          0.780
gp_scenario_5          0.86          0.720
gp_scenario_6          0.84          0.690
gp_scenario_7          0.85          0.740
gp_scenario_8          0.88          0.770
gp_scenario_9          0.88          0.770
gp_scenario_10         0.84          0.800
gp_scenario_11         0.88          0.790
gp_scenario_12         0.86          0.720
gp_scenario_13         0.87          0.700
gp_scenario_14         0.82          0.730
gp_scenario_15         0.85          0.750
gp_scenario_16         0.88          0.770
gp_scenario_17         0.86          0.740
gp_scenario_18         0.84          0.790
gp_scenario_19         0.86          0.730
gp_scenario_20         0.85          0.750
gp_scenario_21         0.85          0.770
gp_scenario_22         0.88          0.760
gp_scenario_23         0.84          0.790
gp_scenario_24         0.88          0.720
gp_scenario_25         0.83          0.760
gp_scenario_26         0.83          0.750
gp_scenario_27         0.86          0.760
gp_scenario_28         0.87          0.710
gp_scenario_29         0.85          0.750
gp_scenario_30         0.86          0.730
gp_scenario_31         0.82          0.780
gp_scenario_32         0.86          0.740
gp_scenario_33         0.87          0.720
gp_scenario_34         0.88          0.820
gp_scenario_35         0.82          0.710
gp_scenario_36         0.86          0.740
gp_scenario_37         0.86          0.720
gp_scenario_38         0.88          0.750
gp_scenario_39         0.83          0.780
gp_scenario_40         0.83          0.800
gp_scenario_41         0.83          0.790
gp_scenario_42         0.84          0.720
gp_scenario_43         0.86          0.710
gp_scenario_44         0.88          0.780
gp_scenario_45         0.90          0.790
gp_scenario_46         0.84          0.730
gp_scenario_47         0.86          0.760
gp_scenario_48         0.86          0.770
gp_scenario_49         0.88          0.760
gp_scenario_50         0.85          0.760
gp_scenario_51         0.83          0.760
gp_scenario_52         0.83          0.730
gp_scenario_53         0.83          0.780
gp_scenario_54         0.87          0.780
gp_scenario_55         0.87          0.700
gp_scenario_56         0.85          0.770
gp_scenario_57         0.83          0.710
gp_scenario_58         0.87          0.720
gp_scenario_59         0.87          0.800
gp_scenario_60         0.86          0.780
gp_scenario_61         0.84          0.780
gp_scenario_62         0.85          0.760
gp_scenario_63         0.86          0.730
gp_scenario_64         0.88          0.740
gp_scenario_65         0.85          0.760
gp_scenario_66         0.86          0.760
gp_scenario_67         0.85          0.760
gp_scenario_68         0.83          0.770
gp_scenario_69         0.87          0.740
gp_scenario_70         0.86          0.740
gp_scenario_71         0.83          0.740
gp_scenario_72         0.84          0.740
gp_scenario_73         0.92          0.840
gp_scenario_74         0.84          0.740
gp_scenario_75         0.84          0.750
gp_scenario_76         0.86          0.820
gp_scenario_77         0.85          0.740
gp_scenario_78         0.84          0.720
gp_scenario_79         0.84          0.740
gp_scenario_80         0.86          0.760
gp_scenario_81         0.86          0.780
gp_scenario_82         0.85          0.740
gp_scenario_83         0.84          0.790
gp_scenario_84         0.90          0.750
gp_scenario_85         0.81          0.770
gp_scenario_86         0.85          0.740
gp_scenario_87         0.87          0.790
gp_scenario_88         0.87          0.760
gp_scenario_89         0.87          0.770
gp_scenario_90         0.81          0.700
gp_scenario_91         0.86          0.780
gp_scenario_92         0.86          0.720
gp_scenario_93         0.85          0.680
gp_scenario_94         0.87          0.760
gp_scenario_95         0.85          0.790
gp_scenario_96         0.88          0.740
gp_scenario_97         0.83          0.770
gp_scenario_98         0.85          0.740
gp_scenario_99         0.84          0.740
gp_scenario_100        0.84          0.800
h2_median              0.86          0.760
h2_iqr                 0.03          0.032
