Le chargement a nécessité le package : Matrix

Attachement du package : ‘tidyr’

Les objets suivants sont masqués depuis ‘package:Matrix’:

    expand, pack, unpack

Le chargement a nécessité le package : foreach
Le chargement a nécessité le package : iterators
Le chargement a nécessité le package : parallel
Le chargement a nécessité le package : rngtools
This build of rgl does not include OpenGL functions.  Use
 rglwidget() to display results, e.g. via options(rgl.printRglwidget = TRUE).
Le chargement a nécessité le package : Rcpp
Le chargement a nécessité le package : zigg
Le chargement a nécessité le package : RcppParallel

Attachement du package : ‘RcppParallel’

L'objet suivant est masqué depuis ‘package:Rcpp’:

    LdFlags


Rfast: 2.1.5.1
 ___ __ __ __ __    __ __ __ __ __ _             _               __ __ __ __ __     __ __ __ __ __ __   
|  __ __ __ __  |  |  __ __ __ __ _/            / \             |  __ __ __ __ /   /__ __ _   _ __ __\  
| |           | |  | |                         / _ \            | |                        / /          
| |           | |  | |                        / / \ \           | |                       / /          
| |           | |  | |                       / /   \ \          | |                      / /          
| |__ __ __ __| |  | |__ __ __ __           / /     \ \         | |__ __ __ __ _        / /__/\          
|    __ __ __ __|  |  __ __ __ __|         / /__ _ __\ \        |_ __ __ __ _   |      / ___  /           
|   \              | |                    / _ _ _ _ _ _ \                     | |      \/  / /       
| |\ \             | |                   / /           \ \                    | |         / /          
| | \ \            | |                  / /             \ \                   | |        / /          
| |  \ \           | |                 / /               \ \                  | |       / /          
| |   \ \__ __ _   | |                / /                 \ \     _ __ __ __ _| |      / /          
|_|    \__ __ __\  |_|               /_/                   \_\   /_ __ __ __ ___|      \/             team

Attachement du package : ‘Rfast’

Les objets suivants sont masqués depuis ‘package:robustbase’:

    colMedians, rowMedians

L'objet suivant est masqué depuis ‘package:data.table’:

    transpose

Le chargement a nécessité le package : lattice

Attachement du package : ‘plotly’

L'objet suivant est masqué depuis ‘package:ggplot2’:

    last_plot

L'objet suivant est masqué depuis ‘package:MASS’:

    select

L'objet suivant est masqué depuis ‘package:stats’:

    filter

L'objet suivant est masqué depuis ‘package:graphics’:

    layout


Attachement du package : ‘dplyr’

L'objet suivant est masqué depuis ‘package:Rfast’:

    nth

Les objets suivants sont masqués depuis ‘package:data.table’:

    between, first, last

L'objet suivant est masqué depuis ‘package:MASS’:

    select

Les objets suivants sont masqués depuis ‘package:stats’:

    filter, lag

Les objets suivants sont masqués depuis ‘package:base’:

    intersect, setdiff, setequal, union


Attachement du package : ‘kernlab’

L'objet suivant est masqué depuis ‘package:ggplot2’:

    alpha

Le chargement a nécessité le package : corpcor

Attachement du package : ‘corpcor’

L'objet suivant est masqué depuis ‘package:matrixcalc’:

    is.positive.definite

Loaded glmnet 4.1-8

Loaded mixOmics 6.31.5
Thank you for using mixOmics!
Tutorials: http://mixomics.org
Bookdown vignette: https://mixomicsteam.github.io/Bookdown
Questions, issues: Follow the prompts at http://mixomics.org/contact-us
Cite us:  citation('mixOmics')

[1] "kernel: linear"
[1] "trait: FL"
                RF_wiser SVR_wiser GBLUP_wiser RKHS_wiser LASSO_wiser
gp_scenario_1      0.690      0.82       0.790      0.820        0.76
gp_scenario_2      0.530      0.70       0.650      0.700        0.60
gp_scenario_3      0.550      0.70       0.730      0.740        0.64
gp_scenario_4      0.780      0.84       0.750      0.830        0.73
gp_scenario_5      0.570      0.74       0.750      0.760        0.67
gp_scenario_6      0.650      0.77       0.710      0.750        0.67
gp_scenario_7      0.700      0.78       0.800      0.810        0.74
gp_scenario_8      0.670      0.78       0.670      0.750        0.73
gp_scenario_9      0.650      0.70       0.660      0.700        0.61
gp_scenario_10     0.660      0.77       0.770      0.770        0.71
gp_scenario_11     0.540      0.70       0.640      0.690        0.60
gp_scenario_12     0.700      0.80       0.750      0.790        0.71
gp_scenario_13     0.710      0.79       0.730      0.780        0.69
gp_scenario_14     0.770      0.80       0.800      0.820        0.74
gp_scenario_15     0.510      0.64       0.650      0.670        0.59
gp_scenario_16     0.660      0.75       0.740      0.750        0.68
gp_scenario_17     0.490      0.66       0.640      0.670        0.59
gp_scenario_18     0.720      0.84       0.790      0.840        0.76
gp_scenario_19     0.650      0.73       0.730      0.760        0.76
gp_scenario_20     0.570      0.79       0.760      0.800        0.64
gp_scenario_21     0.670      0.76       0.750      0.770        0.70
gp_scenario_22     0.690      0.79       0.760      0.800        0.78
gp_scenario_23     0.590      0.73       0.720      0.750        0.70
gp_scenario_24     0.680      0.77       0.740      0.770        0.72
gp_scenario_25     0.630      0.77       0.760      0.780        0.69
gp_scenario_26     0.620      0.76       0.780      0.780        0.67
gp_scenario_27     0.680      0.80       0.760      0.800        0.76
gp_scenario_28     0.720      0.77       0.720      0.760        0.71
gp_scenario_29     0.690      0.78       0.760      0.790        0.73
gp_scenario_30     0.630      0.74       0.710      0.750        0.75
gp_scenario_31     0.640      0.78       0.770      0.790        0.67
gp_scenario_32     0.660      0.76       0.740      0.770        0.68
gp_scenario_33     0.440      0.63       0.600      0.650        0.62
gp_scenario_34     0.730      0.80       0.770      0.800        0.74
gp_scenario_35     0.660      0.76       0.770      0.780        0.65
gp_scenario_36     0.600      0.68       0.660      0.680        0.54
gp_scenario_37     0.790      0.81       0.780      0.820        0.78
gp_scenario_38     0.650      0.75       0.710      0.750        0.68
gp_scenario_39     0.730      0.82       0.820      0.830        0.80
gp_scenario_40     0.460      0.63       0.600      0.650        0.55
gp_scenario_41     0.640      0.79       0.790      0.810        0.65
gp_scenario_42     0.710      0.75       0.740      0.760        0.73
gp_scenario_43     0.690      0.78       0.710      0.750        0.74
gp_scenario_44     0.490      0.65       0.620      0.650        0.54
gp_scenario_45     0.630      0.72       0.690      0.710        0.66
gp_scenario_46     0.630      0.66       0.670      0.680        0.71
gp_scenario_47     0.680      0.75       0.720      0.750        0.72
gp_scenario_48     0.780      0.82       0.780      0.820        0.77
gp_scenario_49     0.630      0.75       0.730      0.750        0.68
gp_scenario_50     0.650      0.75       0.740      0.760        0.62
gp_scenario_51     0.760      0.80       0.750      0.800        0.76
gp_scenario_52     0.600      0.74       0.740      0.750        0.67
gp_scenario_53     0.680      0.80       0.790      0.810        0.71
gp_scenario_54     0.630      0.74       0.720      0.740        0.74
gp_scenario_55     0.760      0.80       0.760      0.790        0.74
gp_scenario_56     0.650      0.69       0.680      0.700        0.66
gp_scenario_57     0.520      0.71       0.710      0.730        0.65
gp_scenario_58     0.690      0.77       0.710      0.750        0.72
gp_scenario_59     0.680      0.82       0.810      0.830        0.81
gp_scenario_60     0.610      0.77       0.740      0.780        0.65
gp_scenario_61     0.520      0.73       0.700      0.740        0.66
gp_scenario_62     0.730      0.79       0.760      0.790        0.71
gp_scenario_63     0.760      0.80       0.760      0.800        0.73
gp_scenario_64     0.590      0.71       0.670      0.700        0.66
gp_scenario_65     0.670      0.76       0.740      0.760        0.72
gp_scenario_66     0.490      0.66       0.630      0.660        0.56
gp_scenario_67     0.790      0.84       0.810      0.840        0.79
gp_scenario_68     0.760      0.84       0.820      0.850        0.78
gp_scenario_69     0.760      0.82       0.790      0.810        0.75
gp_scenario_70     0.350      0.53       0.520      0.540        0.56
gp_scenario_71     0.740      0.80       0.760      0.800        0.73
gp_scenario_72     0.600      0.74       0.730      0.760        0.73
gp_scenario_73     0.470      0.67       0.640      0.670        0.55
gp_scenario_74     0.610      0.77       0.740      0.770        0.70
gp_scenario_75     0.770      0.82       0.820      0.840        0.78
gp_scenario_76     0.660      0.77       0.760      0.780        0.71
gp_scenario_77     0.700      0.79       0.780      0.800        0.76
gp_scenario_78     0.610      0.75       0.730      0.750        0.71
gp_scenario_79     0.580      0.69       0.690      0.710        0.61
gp_scenario_80     0.670      0.77       0.740      0.780        0.71
gp_scenario_81     0.630      0.76       0.730      0.760        0.68
gp_scenario_82     0.610      0.74       0.730      0.760        0.75
gp_scenario_83     0.630      0.79       0.750      0.780        0.66
gp_scenario_84     0.560      0.70       0.690      0.710        0.65
gp_scenario_85     0.750      0.84       0.840      0.860        0.77
gp_scenario_86     0.600      0.78       0.750      0.780        0.65
gp_scenario_87     0.570      0.72       0.680      0.730        0.62
gp_scenario_88     0.610      0.68       0.660      0.680        0.59
gp_scenario_89     0.570      0.74       0.720      0.750        0.72
gp_scenario_90     0.640      0.72       0.700      0.720        0.71
gp_scenario_91     0.740      0.78       0.760      0.780        0.72
gp_scenario_92     0.690      0.75       0.700      0.740        0.69
gp_scenario_93     0.490      0.64       0.640      0.660        0.57
gp_scenario_94     0.610      0.77       0.750      0.780        0.66
gp_scenario_95     0.670      0.79       0.720      0.770        0.69
gp_scenario_96     0.600      0.73       0.710      0.730        0.66
gp_scenario_97     0.610      0.74       0.710      0.750        0.73
gp_scenario_98     0.650      0.75       0.740      0.770        0.74
gp_scenario_99     0.600      0.74       0.730      0.750        0.65
gp_scenario_100    0.730      0.80       0.790      0.810        0.74
pa_median          0.650      0.76       0.740      0.760        0.70
pa_iqr             0.092      0.06       0.052      0.052        0.09
                RF_ls_means SVR_ls_means GBLUP_ls_means RKHS_ls_means
gp_scenario_1         0.570         0.65           0.64          0.64
gp_scenario_2         0.500         0.48           0.45          0.46
gp_scenario_3         0.270         0.33           0.40          0.34
gp_scenario_4         0.400         0.47           0.38          0.49
gp_scenario_5         0.410         0.36           0.36          0.38
gp_scenario_6         0.420         0.42           0.42          0.47
gp_scenario_7         0.550         0.51           0.50          0.54
gp_scenario_8         0.390         0.45           0.41          0.43
gp_scenario_9         0.440         0.52           0.50          0.49
gp_scenario_10        0.400         0.48           0.51          0.48
gp_scenario_11        0.430         0.59           0.55          0.59
gp_scenario_12        0.450         0.52           0.48          0.52
gp_scenario_13        0.540         0.50           0.46          0.49
gp_scenario_14        0.400         0.43           0.38          0.42
gp_scenario_15        0.470         0.29           0.27          0.31
gp_scenario_16        0.400         0.38           0.48          0.40
gp_scenario_17        0.640         0.40           0.44          0.42
gp_scenario_18        0.460         0.48           0.51          0.50
gp_scenario_19        0.540         0.60           0.60          0.58
gp_scenario_20        0.480         0.44           0.44          0.42
gp_scenario_21        0.410         0.42           0.37          0.42
gp_scenario_22        0.440         0.44           0.49          0.44
gp_scenario_23        0.290         0.41           0.42          0.40
gp_scenario_24        0.510         0.41           0.33          0.44
gp_scenario_25        0.490         0.46           0.40          0.49
gp_scenario_26        0.087         0.18           0.22          0.19
gp_scenario_27        0.420         0.47           0.44          0.50
gp_scenario_28        0.390         0.43           0.43          0.45
gp_scenario_29        0.440         0.44           0.36          0.46
gp_scenario_30        0.650         0.53           0.43          0.56
gp_scenario_31        0.490         0.43           0.48          0.46
gp_scenario_32        0.440         0.46           0.50          0.47
gp_scenario_33        0.390         0.38           0.34          0.40
gp_scenario_34        0.400         0.41           0.37          0.42
gp_scenario_35        0.540         0.49           0.40          0.49
gp_scenario_36        0.510         0.46           0.38          0.49
gp_scenario_37        0.350         0.38           0.36          0.40
gp_scenario_38        0.430         0.34           0.31          0.36
gp_scenario_39        0.520         0.39           0.38          0.42
gp_scenario_40        0.360         0.47           0.35          0.46
gp_scenario_41        0.390         0.42           0.39          0.42
gp_scenario_42        0.640         0.58           0.53          0.62
gp_scenario_43        0.480         0.54           0.54          0.56
gp_scenario_44        0.510         0.56           0.53          0.54
gp_scenario_45        0.350         0.23           0.27          0.25
gp_scenario_46        0.550         0.47           0.45          0.47
gp_scenario_47        0.410         0.38           0.34          0.38
gp_scenario_48        0.360         0.46           0.42          0.47
gp_scenario_49        0.420         0.32           0.33          0.36
gp_scenario_50        0.390         0.52           0.59          0.52
gp_scenario_51        0.540         0.47           0.33          0.49
gp_scenario_52        0.560         0.45           0.47          0.49
gp_scenario_53        0.340         0.36           0.41          0.35
gp_scenario_54        0.310         0.25           0.18          0.24
gp_scenario_55        0.460         0.53           0.58          0.52
gp_scenario_56        0.280         0.32           0.34          0.33
gp_scenario_57        0.440         0.49           0.43          0.48
gp_scenario_58        0.530         0.43           0.37          0.50
gp_scenario_59        0.530         0.52           0.54          0.50
gp_scenario_60        0.430         0.52           0.51          0.49
gp_scenario_61        0.390         0.31           0.25          0.34
gp_scenario_62        0.430         0.49           0.37          0.49
gp_scenario_63        0.510         0.52           0.50          0.53
gp_scenario_64        0.520         0.34           0.36          0.39
gp_scenario_65        0.420         0.40           0.34          0.40
gp_scenario_66        0.440         0.36           0.32          0.39
gp_scenario_67        0.420         0.43           0.42          0.44
gp_scenario_68        0.390         0.41           0.38          0.46
gp_scenario_69        0.440         0.43           0.37          0.42
gp_scenario_70        0.420         0.35           0.42          0.38
gp_scenario_71        0.470         0.43           0.47          0.44
gp_scenario_72        0.360         0.37           0.37          0.38
gp_scenario_73        0.380         0.37           0.36          0.35
gp_scenario_74        0.480         0.49           0.49          0.50
gp_scenario_75        0.590         0.61           0.56          0.67
gp_scenario_76        0.400         0.40           0.37          0.38
gp_scenario_77        0.410         0.46           0.47          0.46
gp_scenario_78        0.600         0.60           0.58          0.64
gp_scenario_79        0.440         0.32           0.30          0.31
gp_scenario_80        0.370         0.42           0.37          0.43
gp_scenario_81        0.490         0.54           0.51          0.52
gp_scenario_82        0.400         0.41           0.38          0.43
gp_scenario_83        0.380         0.50           0.41          0.54
gp_scenario_84        0.450         0.29           0.26          0.28
gp_scenario_85        0.470         0.49           0.56          0.51
gp_scenario_86        0.520         0.51           0.43          0.52
gp_scenario_87        0.470         0.40           0.30          0.40
gp_scenario_88        0.380         0.45           0.47          0.47
gp_scenario_89        0.420         0.42           0.40          0.45
gp_scenario_90        0.340         0.39           0.39          0.37
gp_scenario_91        0.400         0.39           0.36          0.41
gp_scenario_92        0.500         0.44           0.37          0.49
gp_scenario_93        0.420         0.45           0.48          0.43
gp_scenario_94        0.370         0.49           0.57          0.46
gp_scenario_95        0.430         0.44           0.41          0.44
gp_scenario_96        0.340         0.28           0.22          0.28
gp_scenario_97        0.290         0.31           0.27          0.35
gp_scenario_98        0.500         0.35           0.33          0.37
gp_scenario_99        0.320         0.41           0.39          0.42
gp_scenario_100       0.570         0.58           0.52          0.60
pa_median             0.430         0.44           0.41          0.45
pa_iqr                0.110         0.10           0.12          0.09
                LASSO_ls_means RF_blups SVR_blups GBLUP_blups RKHS_blups
gp_scenario_1             0.55    0.560      0.64        0.64       0.65
gp_scenario_2             0.40    0.510      0.46        0.45       0.46
gp_scenario_3             0.34    0.270      0.37        0.40       0.34
gp_scenario_4             0.41    0.410      0.49        0.38       0.49
gp_scenario_5             0.44    0.420      0.38        0.36       0.38
gp_scenario_6             0.36    0.420      0.43        0.42       0.46
gp_scenario_7             0.51    0.510      0.53        0.50       0.54
gp_scenario_8             0.24    0.400      0.43        0.41       0.43
gp_scenario_9             0.44    0.440      0.52        0.50       0.49
gp_scenario_10            0.48    0.430      0.48        0.51       0.47
gp_scenario_11            0.45    0.420      0.60        0.55       0.59
gp_scenario_12            0.40    0.450      0.52        0.47       0.52
gp_scenario_13            0.50    0.560      0.47        0.46       0.49
gp_scenario_14            0.29    0.400      0.43        0.38       0.42
gp_scenario_15            0.27    0.480      0.31        0.27       0.31
gp_scenario_16            0.47    0.400      0.41        0.47       0.40
gp_scenario_17            0.34    0.610      0.42        0.44       0.42
gp_scenario_18            0.45    0.470      0.49        0.51       0.50
gp_scenario_19            0.42    0.530      0.60        0.60       0.59
gp_scenario_20            0.42    0.490      0.44        0.44       0.43
gp_scenario_21            0.38    0.400      0.43        0.37       0.42
gp_scenario_22            0.39    0.470      0.43        0.49       0.45
gp_scenario_23            0.34    0.260      0.39        0.42       0.40
gp_scenario_24            0.39    0.560      0.44        0.33       0.44
gp_scenario_25            0.47    0.480      0.47        0.40       0.49
gp_scenario_26            0.16    0.077      0.21        0.21       0.19
gp_scenario_27            0.42    0.410      0.50        0.44       0.50
gp_scenario_28            0.29    0.390      0.44        0.43       0.45
gp_scenario_29            0.30    0.430      0.45        0.36       0.46
gp_scenario_30            0.56    0.640      0.52        0.43       0.56
gp_scenario_31            0.42    0.470      0.39        0.48       0.46
gp_scenario_32            0.40    0.450      0.45        0.50       0.47
gp_scenario_33            0.35    0.390      0.38        0.34       0.40
gp_scenario_34            0.39    0.400      0.45        0.37       0.42
gp_scenario_35            0.48    0.570      0.50        0.40       0.49
gp_scenario_36            0.51    0.500      0.48        0.38       0.49
gp_scenario_37            0.41    0.360      0.38        0.36       0.40
gp_scenario_38            0.28    0.410      0.35        0.31       0.36
gp_scenario_39            0.51    0.490      0.42        0.38       0.42
gp_scenario_40            0.36    0.350      0.49        0.35       0.45
gp_scenario_41            0.31    0.390      0.41        0.39       0.42
gp_scenario_42            0.59    0.650      0.60        0.53       0.61
gp_scenario_43            0.35    0.490      0.58        0.54       0.56
gp_scenario_44            0.49    0.510      0.54        0.53       0.55
gp_scenario_45            0.36    0.360      0.26        0.27       0.25
gp_scenario_46            0.50    0.550      0.47        0.46       0.47
gp_scenario_47            0.33    0.370      0.38        0.35       0.38
gp_scenario_48            0.33    0.360      0.47        0.42       0.47
gp_scenario_49            0.32    0.450      0.33        0.34       0.36
gp_scenario_50            0.40    0.420      0.53        0.58       0.51
gp_scenario_51            0.45    0.530      0.49        0.33       0.49
gp_scenario_52            0.56    0.530      0.49        0.47       0.49
gp_scenario_53            0.36    0.330      0.35        0.41       0.35
gp_scenario_54            0.24    0.320      0.28        0.18       0.24
gp_scenario_55            0.49    0.460      0.49        0.59       0.52
gp_scenario_56            0.27    0.240      0.33        0.34       0.33
gp_scenario_57            0.44    0.440      0.50        0.43       0.49
gp_scenario_58            0.47    0.520      0.45        0.37       0.50
gp_scenario_59            0.41    0.550      0.52        0.54       0.50
gp_scenario_60            0.49    0.430      0.49        0.51       0.49
gp_scenario_61            0.27    0.370      0.33        0.25       0.34
gp_scenario_62            0.44    0.450      0.50        0.37       0.49
gp_scenario_63            0.53    0.500      0.51        0.50       0.53
gp_scenario_64            0.44    0.500      0.37        0.36       0.39
gp_scenario_65            0.44    0.420      0.40        0.34       0.40
gp_scenario_66            0.41    0.430      0.39        0.32       0.40
gp_scenario_67            0.42    0.400      0.43        0.42       0.44
gp_scenario_68            0.44    0.420      0.43        0.37       0.46
gp_scenario_69            0.48    0.410      0.43        0.38       0.43
gp_scenario_70            0.45    0.400      0.36        0.41       0.38
gp_scenario_71            0.39    0.480      0.44        0.47       0.44
gp_scenario_72            0.44    0.360      0.35        0.37       0.38
gp_scenario_73            0.35    0.350      0.40        0.36       0.35
gp_scenario_74            0.46    0.470      0.50        0.49       0.50
gp_scenario_75            0.51    0.610      0.61        0.57       0.67
gp_scenario_76            0.45    0.410      0.39        0.37       0.39
gp_scenario_77            0.42    0.390      0.48        0.47       0.46
gp_scenario_78            0.58    0.580      0.60        0.58       0.64
gp_scenario_79            0.22    0.430      0.29        0.29       0.31
gp_scenario_80            0.38    0.370      0.39        0.37       0.43
gp_scenario_81            0.34    0.470      0.52        0.51       0.52
gp_scenario_82            0.45    0.380      0.41        0.38       0.43
gp_scenario_83            0.37    0.370      0.55        0.41       0.54
gp_scenario_84            0.32    0.460      0.30        0.26       0.28
gp_scenario_85            0.44    0.470      0.49        0.56       0.51
gp_scenario_86            0.45    0.520      0.50        0.43       0.52
gp_scenario_87            0.43    0.470      0.42        0.30       0.40
gp_scenario_88            0.41    0.380      0.47        0.47       0.47
gp_scenario_89            0.28    0.420      0.43        0.41       0.45
gp_scenario_90            0.37    0.340      0.40        0.40       0.37
gp_scenario_91            0.37    0.410      0.39        0.36       0.41
gp_scenario_92            0.46    0.480      0.46        0.37       0.49
gp_scenario_93            0.47    0.400      0.45        0.47       0.43
gp_scenario_94            0.38    0.370      0.47        0.57       0.46
gp_scenario_95            0.43    0.430      0.44        0.41       0.44
gp_scenario_96            0.39    0.330      0.30        0.23       0.28
gp_scenario_97            0.33    0.290      0.33        0.27       0.35
gp_scenario_98            0.48    0.490      0.33        0.33       0.37
gp_scenario_99            0.27    0.330      0.44        0.39       0.42
gp_scenario_100           0.50    0.570      0.59        0.52       0.60
pa_median                 0.42    0.430      0.44        0.41       0.45
pa_iqr                    0.11    0.100      0.10        0.11       0.09
                LASSO_blups RF_blups_pca SVR_blups_pca GBLUP_blups_pca
gp_scenario_1          0.53      0.15000       0.34000           0.450
gp_scenario_2          0.40      0.18000       0.23000           0.280
gp_scenario_3          0.34      0.17000       0.13000           0.210
gp_scenario_4          0.38      0.04200       0.18000           0.100
gp_scenario_5          0.43      0.16000       0.08800           0.140
gp_scenario_6          0.36      0.22000       0.11000           0.190
gp_scenario_7          0.53      0.16000       0.18000           0.220
gp_scenario_8          0.23      0.32000       0.30000           0.320
gp_scenario_9          0.44      0.43000       0.36000           0.370
gp_scenario_10         0.48      0.09800       0.13000           0.180
gp_scenario_11         0.46      0.20000       0.31000           0.300
gp_scenario_12         0.40     -0.00480       0.18000           0.240
gp_scenario_13         0.50      0.26000       0.19000           0.290
gp_scenario_14         0.28      0.25000       0.27000           0.270
gp_scenario_15         0.44      0.18000      -0.02700           0.045
gp_scenario_16         0.47      0.14000       0.05400           0.230
gp_scenario_17         0.34      0.21000       0.05800           0.200
gp_scenario_18         0.45      0.21000       0.22000           0.290
gp_scenario_19         0.43      0.07700       0.39000           0.430
gp_scenario_20         0.41      0.33000       0.21000           0.230
gp_scenario_21         0.40      0.36000       0.23000           0.240
gp_scenario_22         0.40      0.16000       0.14000           0.270
gp_scenario_23         0.35      0.02300       0.07900           0.180
gp_scenario_24         0.40      0.07700       0.03800           0.019
gp_scenario_25         0.48      0.29000       0.14000           0.180
gp_scenario_26         0.17      0.12000       0.18000           0.220
gp_scenario_27         0.35      0.27000       0.22000           0.230
gp_scenario_28         0.33      0.08000       0.08700           0.200
gp_scenario_29         0.29      0.06700       0.07200           0.110
gp_scenario_30         0.55      0.28000       0.18000           0.210
gp_scenario_31         0.42      0.11000       0.07600           0.270
gp_scenario_32         0.32      0.25000       0.12000           0.240
gp_scenario_33         0.33      0.21000       0.09700           0.130
gp_scenario_34         0.39      0.02100       0.19000           0.170
gp_scenario_35         0.49      0.32000       0.21000           0.210
gp_scenario_36         0.52      0.13000       0.21000           0.210
gp_scenario_37         0.43      0.13000      -0.07500           0.084
gp_scenario_38         0.28     -0.13000      -0.09200          -0.062
gp_scenario_39         0.52      0.33000       0.19000           0.250
gp_scenario_40         0.33      0.41000       0.42000           0.360
gp_scenario_41         0.31      0.28000       0.22000           0.270
gp_scenario_42         0.58      0.17000       0.22000           0.270
gp_scenario_43         0.38      0.14000       0.25000           0.280
gp_scenario_44         0.49      0.21000       0.24000           0.300
gp_scenario_45         0.36      0.22000       0.12000           0.140
gp_scenario_46         0.50      0.16000       0.13000           0.180
gp_scenario_47         0.35      0.29000       0.09800           0.160
gp_scenario_48         0.33      0.01100       0.18000           0.170
gp_scenario_49         0.37      0.07000      -0.00950           0.098
gp_scenario_50         0.39      0.14000       0.32000           0.400
gp_scenario_51         0.45      0.15000       0.03400           0.055
gp_scenario_52         0.56      0.27000       0.15000           0.220
gp_scenario_53         0.43      0.05400      -0.04500           0.120
gp_scenario_54         0.27      0.21000       0.19000           0.120
gp_scenario_55         0.45      0.20000       0.23000           0.380
gp_scenario_56         0.27      0.18000       0.08400           0.190
gp_scenario_57         0.45      0.33000       0.32000           0.290
gp_scenario_58         0.47      0.13000       0.09000           0.170
gp_scenario_59         0.41      0.26000       0.26000           0.320
gp_scenario_60         0.44      0.30000       0.19000           0.300
gp_scenario_61         0.26      0.23000      -0.01500          -0.035
gp_scenario_62         0.45     -0.00460       0.20000           0.200
gp_scenario_63         0.53      0.12000       0.08700           0.200
gp_scenario_64         0.44      0.26000       0.14000           0.220
gp_scenario_65         0.42     -0.03400       0.07900           0.092
gp_scenario_66         0.41      0.22000       0.17000           0.220
gp_scenario_67         0.43      0.18000       0.18000           0.220
gp_scenario_68         0.46      0.17000       0.05300           0.098
gp_scenario_69         0.48      0.19000       0.09700           0.130
gp_scenario_70         0.46      0.03400       0.01400           0.180
gp_scenario_71         0.40      0.00200       0.09100           0.270
gp_scenario_72         0.44      0.05400      -0.00130           0.110
gp_scenario_73         0.37      0.12000       0.18000           0.200
gp_scenario_74         0.45      0.08500       0.22000           0.240
gp_scenario_75         0.52      0.30000       0.34000           0.490
gp_scenario_76         0.45      0.22000       0.10000           0.170
gp_scenario_77         0.38      0.17000       0.29000           0.270
gp_scenario_78         0.53      0.11000       0.14000           0.260
gp_scenario_79         0.22      0.22000       0.09300           0.190
gp_scenario_80         0.38      0.00087       0.10000           0.190
gp_scenario_81         0.33      0.31000       0.32000           0.410
gp_scenario_82         0.46      0.24000       0.20000           0.210
gp_scenario_83         0.37      0.22000       0.20000           0.170
gp_scenario_84         0.32      0.02400      -0.00095           0.100
gp_scenario_85         0.39      0.23000       0.25000           0.350
gp_scenario_86         0.45      0.05000       0.11000           0.160
gp_scenario_87         0.42      0.19000       0.17000           0.170
gp_scenario_88         0.41      0.17000       0.17000           0.240
gp_scenario_89         0.27      0.16000       0.15000           0.210
gp_scenario_90         0.36      0.30000       0.31000           0.290
gp_scenario_91         0.37      0.14000       0.14000           0.160
gp_scenario_92         0.46      0.13000       0.06500           0.100
gp_scenario_93         0.45      0.21000       0.11000           0.280
gp_scenario_94         0.40      0.34000       0.34000           0.410
gp_scenario_95         0.39      0.16000       0.14000           0.170
gp_scenario_96         0.39      0.31000       0.12000           0.100
gp_scenario_97         0.34      0.04400       0.04300           0.096
gp_scenario_98         0.48      0.04200      -0.09600           0.039
gp_scenario_99         0.29      0.12000       0.25000           0.230
gp_scenario_100        0.50      0.20000       0.21000           0.230
pa_median              0.41      0.17000       0.16000           0.210
pa_iqr                 0.10      0.13000       0.13000           0.110
                RKHS_blups_pca LASSO_blups_pca
gp_scenario_1           0.0790        -0.03300
gp_scenario_2           0.0470        -0.09600
gp_scenario_3          -0.0700         0.00680
gp_scenario_4           0.0830         0.08800
gp_scenario_5          -0.0580         0.08400
gp_scenario_6           0.0250         0.18000
gp_scenario_7           0.0390         0.15000
gp_scenario_8           0.2200         0.11000
gp_scenario_9           0.2600              NA
gp_scenario_10         -0.0620         0.08500
gp_scenario_11          0.0550         0.01600
gp_scenario_12          0.0300         0.05500
gp_scenario_13          0.0073              NA
gp_scenario_14          0.0950        -0.04000
gp_scenario_15         -0.1800              NA
gp_scenario_16         -0.1200         0.08000
gp_scenario_17         -0.1600        -0.02800
gp_scenario_18          0.0230              NA
gp_scenario_19          0.1400         0.00066
gp_scenario_20         -0.0350         0.24000
gp_scenario_21          0.0940              NA
gp_scenario_22         -0.0410         0.04300
gp_scenario_23         -0.0610         0.03300
gp_scenario_24         -0.0670         0.04200
gp_scenario_25          0.0100              NA
gp_scenario_26         -0.2200        -0.08000
gp_scenario_27          0.0330         0.04200
gp_scenario_28         -0.1400         0.05000
gp_scenario_29         -0.0790         0.01400
gp_scenario_30          0.0250              NA
gp_scenario_31          0.0470        -0.04200
gp_scenario_32          0.0035         0.19000
gp_scenario_33         -0.0140              NA
gp_scenario_34         -0.0410         0.01200
gp_scenario_35         -0.0110         0.24000
gp_scenario_36          0.0940         0.19000
gp_scenario_37         -0.1500         0.13000
gp_scenario_38         -0.1700         0.02700
gp_scenario_39         -0.0630              NA
gp_scenario_40          0.3400         0.11000
gp_scenario_41          0.1400         0.14000
gp_scenario_42         -0.0061         0.18000
gp_scenario_43          0.0440              NA
gp_scenario_44          0.0960              NA
gp_scenario_45         -0.1100         0.13000
gp_scenario_46         -0.1000              NA
gp_scenario_47         -0.0630         0.03300
gp_scenario_48          0.0970        -0.09300
gp_scenario_49         -0.0930         0.06300
gp_scenario_50          0.1300         0.11000
gp_scenario_51         -0.1900         0.11000
gp_scenario_52         -0.0320              NA
gp_scenario_53         -0.1700         0.11000
gp_scenario_54          0.0072        -0.00200
gp_scenario_55          0.0420         0.15000
gp_scenario_56         -0.1500         0.00140
gp_scenario_57          0.2400              NA
gp_scenario_58          0.0350         0.08800
gp_scenario_59          0.0540         0.09000
gp_scenario_60         -0.0380              NA
gp_scenario_61         -0.0580         0.05800
gp_scenario_62          0.0310        -0.04900
gp_scenario_63         -0.0550        -0.00760
gp_scenario_64         -0.0130              NA
gp_scenario_65         -0.0180         0.09300
gp_scenario_66         -0.0120         0.04300
gp_scenario_67         -0.0550         0.15000
gp_scenario_68         -0.0910         0.18000
gp_scenario_69         -0.1000              NA
gp_scenario_70         -0.0990         0.10000
gp_scenario_71         -0.1900        -0.07500
gp_scenario_72         -0.1500         0.00760
gp_scenario_73         -0.1200              NA
gp_scenario_74          0.0290         0.03900
gp_scenario_75          0.3600              NA
gp_scenario_76         -0.0380              NA
gp_scenario_77          0.0360              NA
gp_scenario_78         -0.1100              NA
gp_scenario_79         -0.0390         0.05300
gp_scenario_80         -0.0760         0.06100
gp_scenario_81          0.2400              NA
gp_scenario_82          0.0970              NA
gp_scenario_83          0.0560         0.01200
gp_scenario_84         -0.0470        -0.08900
gp_scenario_85          0.1000         0.12000
gp_scenario_86         -0.1400              NA
gp_scenario_87         -0.0056         0.04300
gp_scenario_88         -0.0300         0.11000
gp_scenario_89         -0.0390         0.16000
gp_scenario_90          0.0400              NA
gp_scenario_91          0.0170              NA
gp_scenario_92         -0.1200         0.02900
gp_scenario_93         -0.0990         0.03900
gp_scenario_94          0.1600              NA
gp_scenario_95          0.0062         0.15000
gp_scenario_96         -0.0088         0.10000
gp_scenario_97         -0.0470        -0.00300
gp_scenario_98         -0.1600         0.14000
gp_scenario_99          0.0300         0.08400
gp_scenario_100         0.0230         0.03800
pa_median              -0.0120         0.05600
pa_iqr                  0.1200         0.09800
                GBLUP_wiser GBLUP_ls_means GBLUP_blups GBLUP_blups_pca
gp_scenario_1          0.88           0.33        0.33         0.00076
gp_scenario_2          0.86           0.53        0.53         0.00200
gp_scenario_3          0.87           0.60        0.60         0.03200
gp_scenario_4          0.86           0.55        0.55         0.00210
gp_scenario_5          0.88           0.61        0.60         0.01800
gp_scenario_6          0.88           0.50        0.51         0.00230
gp_scenario_7          0.85           0.47        0.47         0.00200
gp_scenario_8          0.89           0.54        0.54         0.00120
gp_scenario_9          0.90           0.53        0.53         0.00120
gp_scenario_10         0.86           0.55        0.55         0.00520
gp_scenario_11         0.86           0.47        0.47         0.00170
gp_scenario_12         0.88           0.48        0.48         0.00180
gp_scenario_13         0.88           0.47        0.47         0.00140
gp_scenario_14         0.85           0.55        0.55         0.00300
gp_scenario_15         0.90           0.64        0.64         0.20000
gp_scenario_16         0.89           0.59        0.59         0.20000
gp_scenario_17         0.88           0.53        0.53         0.00580
gp_scenario_18         0.85           0.51        0.52         0.00190
gp_scenario_19         0.86           0.44        0.44         0.00120
gp_scenario_20         0.87           0.54        0.54         0.00240
gp_scenario_21         0.86           0.53        0.53         0.00190
gp_scenario_22         0.87           0.50        0.50         0.00210
gp_scenario_23         0.86           0.55        0.55         0.00360
gp_scenario_24         0.90           0.56        0.56         0.00470
gp_scenario_25         0.86           0.57        0.56         0.00220
gp_scenario_26         0.86           0.54        0.54         0.00370
gp_scenario_27         0.87           0.49        0.49         0.00180
gp_scenario_28         0.88           0.56        0.56         0.00550
gp_scenario_29         0.88           0.57        0.57         0.00930
gp_scenario_30         0.88           0.51        0.51         0.00150
gp_scenario_31         0.84           0.49        0.49         0.00160
gp_scenario_32         0.87           0.53        0.53         0.00220
gp_scenario_33         0.89           0.61        0.61         0.00650
gp_scenario_34         0.88           0.54        0.54         0.00350
gp_scenario_35         0.85           0.51        0.51         0.00150
gp_scenario_36         0.88           0.50        0.50         0.00130
gp_scenario_37         0.87           0.59        0.59         0.10000
gp_scenario_38         0.91           0.69        0.69         0.37000
gp_scenario_39         0.86           0.51        0.51         0.00200
gp_scenario_40         0.85           0.50        0.50         0.00099
gp_scenario_41         0.84           0.50        0.50         0.00140
gp_scenario_42         0.86           0.48        0.48         0.00240
gp_scenario_43         0.91           0.47        0.47         0.00170
gp_scenario_44         0.89           0.51        0.51         0.00190
gp_scenario_45         0.90           0.62        0.62         0.00640
gp_scenario_46         0.85           0.49        0.49         0.00230
gp_scenario_47         0.89           0.57        0.57         0.00590
gp_scenario_48         0.86           0.56        0.56         0.00210
gp_scenario_49         0.90           0.61        0.61         0.00680
gp_scenario_50         0.88           0.45        0.45         0.00130
gp_scenario_51         0.85           0.50        0.50         0.00570
gp_scenario_52         0.85           0.52        0.52         0.00210
gp_scenario_53         0.84           0.60        0.60         0.29000
gp_scenario_54         0.89           0.65        0.64         0.00220
gp_scenario_55         0.90           0.42        0.42         0.00100
gp_scenario_56         0.88           0.56        0.56         0.00750
gp_scenario_57         0.86           0.52        0.52         0.00120
gp_scenario_58         0.88           0.52        0.52         0.00180
gp_scenario_59         0.87           0.53        0.53         0.00350
gp_scenario_60         0.88           0.50        0.50         0.00250
gp_scenario_61         0.88           0.61        0.61         0.00240
gp_scenario_62         0.86           0.50        0.50         0.00210
gp_scenario_63         0.87           0.46        0.46         0.00240
gp_scenario_64         0.91           0.51        0.51         0.00170
gp_scenario_65         0.88           0.64        0.64         0.01900
gp_scenario_66         0.87           0.54        0.54         0.00220
gp_scenario_67         0.86           0.53        0.52         0.00210
gp_scenario_68         0.84           0.54        0.54         0.00430
gp_scenario_69         0.89           0.54        0.54         0.00230
gp_scenario_70         0.89           0.56        0.56         0.01100
gp_scenario_71         0.85           0.52        0.52         0.00660
gp_scenario_72         0.89           0.61        0.61         0.02800
gp_scenario_73         0.90           0.54        0.54         0.00480
gp_scenario_74         0.86           0.54        0.54         0.00240
gp_scenario_75         0.85           0.42        0.42         0.00097
gp_scenario_76         0.89           0.60        0.60         0.00480
gp_scenario_77         0.87           0.57        0.57         0.00200
gp_scenario_78         0.86           0.44        0.44         0.00220
gp_scenario_79         0.85           0.52        0.52         0.00340
gp_scenario_80         0.86           0.51        0.51         0.00230
gp_scenario_81         0.88           0.46        0.46         0.00120
gp_scenario_82         0.86           0.55        0.55         0.00160
gp_scenario_83         0.87           0.47        0.47         0.00150
gp_scenario_84         0.93           0.72        0.72         0.53000
gp_scenario_85         0.81           0.46        0.46         0.00160
gp_scenario_86         0.88           0.52        0.52         0.00420
gp_scenario_87         0.87           0.52        0.52         0.00400
gp_scenario_88         0.87           0.48        0.48         0.00200
gp_scenario_89         0.89           0.53        0.53         0.00150
gp_scenario_90         0.85           0.53        0.53         0.00230
gp_scenario_91         0.89           0.60        0.60         0.00280
gp_scenario_92         0.86           0.47        0.47         0.00350
gp_scenario_93         0.88           0.53        0.53         0.00550
gp_scenario_94         0.90           0.50        0.50         0.00140
gp_scenario_95         0.87           0.52        0.52         0.00180
gp_scenario_96         0.88           0.56        0.56         0.00230
gp_scenario_97         0.86           0.63        0.63         0.02600
gp_scenario_98         0.88           0.59        0.59         0.01900
gp_scenario_99         0.86           0.52        0.52         0.00170
gp_scenario_100        0.86           0.47        0.47         0.00150
h2_median              0.87           0.53        0.53         0.00230
h2_iqr                 0.02           0.06        0.06         0.00320
