Le chargement a nécessité le package : Matrix

Attachement du package : ‘tidyr’

Les objets suivants sont masqués depuis ‘package:Matrix’:

    expand, pack, unpack

Le chargement a nécessité le package : foreach
Le chargement a nécessité le package : iterators
Le chargement a nécessité le package : parallel
Le chargement a nécessité le package : rngtools
This build of rgl does not include OpenGL functions.  Use
 rglwidget() to display results, e.g. via options(rgl.printRglwidget = TRUE).
Le chargement a nécessité le package : Rcpp
Le chargement a nécessité le package : RcppZiggurat
Le chargement a nécessité le package : RcppParallel

Attachement du package : ‘RcppParallel’

L'objet suivant est masqué depuis ‘package:Rcpp’:

    LdFlags


Rfast: 2.1.0
 ___ __ __ __ __    __ __ __ __ __ _             _               __ __ __ __ __     __ __ __ __ __ __   
|  __ __ __ __  |  |  __ __ __ __ _/            / \             |  __ __ __ __ /   /__ __ _   _ __ __\  
| |           | |  | |                         / _ \            | |                        / /          
| |           | |  | |                        / / \ \           | |                       / /          
| |           | |  | |                       / /   \ \          | |                      / /          
| |__ __ __ __| |  | |__ __ __ __           / /     \ \         | |__ __ __ __ _        / /__/\          
|    __ __ __ __|  |  __ __ __ __|         / /__ _ __\ \        |_ __ __ __ _   |      / ___  /           
|   \              | |                    / _ _ _ _ _ _ \                     | |      \/  / /       
| |\ \             | |                   / /           \ \                    | |         / /          
| | \ \            | |                  / /             \ \                   | |        / /          
| |  \ \           | |                 / /               \ \                  | |       / /          
| |   \ \__ __ _   | |                / /                 \ \     _ __ __ __ _| |      / /          
|_|    \__ __ __\  |_|               /_/                   \_\   /_ __ __ __ ___|      \/             team

Attachement du package : ‘Rfast’

Les objets suivants sont masqués depuis ‘package:robustbase’:

    colMedians, rowMedians

L'objet suivant est masqué depuis ‘package:data.table’:

    transpose

Le chargement a nécessité le package : lattice

Attachement du package : ‘plotly’

L'objet suivant est masqué depuis ‘package:ggplot2’:

    last_plot

L'objet suivant est masqué depuis ‘package:MASS’:

    select

L'objet suivant est masqué depuis ‘package:stats’:

    filter

L'objet suivant est masqué depuis ‘package:graphics’:

    layout


Attachement du package : ‘dplyr’

L'objet suivant est masqué depuis ‘package:Rfast’:

    nth

Les objets suivants sont masqués depuis ‘package:data.table’:

    between, first, last

L'objet suivant est masqué depuis ‘package:MASS’:

    select

Les objets suivants sont masqués depuis ‘package:stats’:

    filter, lag

Les objets suivants sont masqués depuis ‘package:base’:

    intersect, setdiff, setequal, union


Attachement du package : ‘kernlab’

L'objet suivant est masqué depuis ‘package:ggplot2’:

    alpha

Le chargement a nécessité le package : corpcor

Attachement du package : ‘corpcor’

L'objet suivant est masqué depuis ‘package:matrixcalc’:

    is.positive.definite

Loaded glmnet 4.1-8

Loaded mixOmics 6.25.1
Thank you for using mixOmics!
Tutorials: http://mixomics.org
Bookdown vignette: https://mixomicsteam.github.io/Bookdown
Questions, issues: Follow the prompts at http://mixomics.org/contact-us
Cite us:  citation('mixOmics')

[1] "kernel: linear"
[1] "trait: ZN"
                RF_wiser SVR_wiser GBLUP_wiser RKHS_wiser LASSO_wiser
gp_scenario_1      0.560      0.69       0.670       0.70        0.63
gp_scenario_2      0.630      0.67       0.620       0.68        0.60
gp_scenario_3      0.580      0.70       0.710       0.73        0.65
gp_scenario_4      0.700      0.81       0.730       0.81        0.74
gp_scenario_5      0.600      0.74       0.730       0.75        0.68
gp_scenario_6      0.650      0.74       0.680       0.72        0.67
gp_scenario_7      0.600      0.71       0.700       0.73        0.65
gp_scenario_8      0.510      0.69       0.590       0.65        0.66
gp_scenario_9      0.680      0.71       0.640       0.70        0.69
gp_scenario_10     0.530      0.69       0.720       0.72        0.61
gp_scenario_11     0.520      0.68       0.630       0.68        0.60
gp_scenario_12     0.650      0.71       0.620       0.68        0.73
gp_scenario_13     0.630      0.72       0.670       0.72        0.64
gp_scenario_14     0.740      0.76       0.730       0.77        0.77
gp_scenario_15     0.470      0.65       0.620       0.67        0.54
gp_scenario_16     0.560      0.72       0.660       0.71        0.63
gp_scenario_17     0.430      0.66       0.610       0.65        0.56
gp_scenario_18     0.630      0.76       0.690       0.73        0.60
gp_scenario_19     0.580      0.68       0.670       0.70        0.72
gp_scenario_20     0.600      0.72       0.710       0.74        0.65
gp_scenario_21     0.650      0.70       0.680       0.71        0.66
gp_scenario_22     0.610      0.74       0.700       0.74        0.76
gp_scenario_23     0.630      0.77       0.720       0.77        0.68
gp_scenario_24     0.680      0.74       0.700       0.74        0.69
gp_scenario_25     0.560      0.70       0.700       0.72        0.68
gp_scenario_26     0.640      0.68       0.660       0.68        0.65
gp_scenario_27     0.650      0.76       0.720       0.77        0.62
gp_scenario_28     0.610      0.71       0.670       0.72        0.64
gp_scenario_29     0.640      0.72       0.660       0.72        0.58
gp_scenario_30     0.670      0.78       0.730       0.79        0.60
gp_scenario_31     0.580      0.72       0.680       0.72        0.62
gp_scenario_32     0.530      0.61       0.580       0.62        0.56
gp_scenario_33     0.570      0.65       0.570       0.64        0.57
gp_scenario_34     0.690      0.81       0.750       0.81        0.76
gp_scenario_35     0.620      0.70       0.720       0.72        0.57
gp_scenario_36     0.560      0.66       0.630       0.67        0.58
gp_scenario_37     0.660      0.72       0.700       0.73        0.65
gp_scenario_38     0.610      0.72       0.710       0.75        0.70
gp_scenario_39     0.670      0.79       0.760       0.79        0.73
gp_scenario_40     0.480      0.54       0.520       0.54        0.56
gp_scenario_41     0.670      0.76       0.770       0.79        0.66
gp_scenario_42     0.730      0.77       0.710       0.78        0.67
gp_scenario_43     0.640      0.76       0.690       0.76        0.68
gp_scenario_44     0.450      0.60       0.560       0.60        0.56
gp_scenario_45     0.520      0.61       0.540       0.59        0.59
gp_scenario_46     0.590      0.67       0.640       0.69        0.72
gp_scenario_47     0.620      0.74       0.720       0.76        0.63
gp_scenario_48     0.700      0.77       0.710       0.76        0.63
gp_scenario_49     0.630      0.76       0.710       0.77        0.62
gp_scenario_50     0.620      0.68       0.640       0.67        0.56
gp_scenario_51     0.590      0.76       0.710       0.76        0.69
gp_scenario_52     0.600      0.72       0.680       0.72        0.71
gp_scenario_53     0.560      0.70       0.740       0.73        0.63
gp_scenario_54     0.540      0.72       0.680       0.72        0.72
gp_scenario_55     0.710      0.76       0.700       0.74        0.66
gp_scenario_56     0.540      0.68       0.690       0.71        0.59
gp_scenario_57     0.500      0.73       0.700       0.74        0.62
gp_scenario_58     0.580      0.69       0.620       0.68        0.56
gp_scenario_59     0.690      0.78       0.780       0.80        0.71
gp_scenario_60     0.590      0.70       0.650       0.69        0.61
gp_scenario_61     0.490      0.72       0.700       0.73        0.57
gp_scenario_62     0.680      0.73       0.660       0.71        0.68
gp_scenario_63     0.740      0.77       0.740       0.78        0.73
gp_scenario_64     0.550      0.69       0.660       0.69        0.63
gp_scenario_65     0.610      0.73       0.670       0.72        0.64
gp_scenario_66     0.520      0.70       0.660       0.72        0.62
gp_scenario_67     0.770      0.77       0.740       0.78        0.71
gp_scenario_68     0.770      0.85       0.780       0.85        0.70
gp_scenario_69     0.700      0.80       0.750       0.79        0.71
gp_scenario_70     0.330      0.44       0.410       0.43        0.41
gp_scenario_71     0.660      0.74       0.710       0.75        0.71
gp_scenario_72     0.620      0.73       0.700       0.74        0.60
gp_scenario_73     0.470      0.65       0.610       0.64        0.49
gp_scenario_74     0.560      0.75       0.690       0.75        0.69
gp_scenario_75     0.720      0.74       0.700       0.74        0.68
gp_scenario_76     0.580      0.68       0.680       0.69        0.62
gp_scenario_77     0.640      0.75       0.720       0.76        0.64
gp_scenario_78     0.630      0.74       0.740       0.75        0.67
gp_scenario_79     0.530      0.65       0.610       0.66        0.68
gp_scenario_80     0.660      0.74       0.710       0.75        0.66
gp_scenario_81     0.610      0.71       0.670       0.69        0.63
gp_scenario_82     0.580      0.71       0.640       0.70        0.65
gp_scenario_83     0.520      0.73       0.710       0.73        0.67
gp_scenario_84     0.650      0.74       0.730       0.74        0.67
gp_scenario_85     0.480      0.71       0.690       0.72        0.58
gp_scenario_86     0.570      0.74       0.670       0.72        0.54
gp_scenario_87     0.510      0.73       0.720       0.76        0.69
gp_scenario_88     0.620      0.62       0.600       0.62        0.63
gp_scenario_89     0.560      0.72       0.700       0.73        0.63
gp_scenario_90     0.550      0.70       0.660       0.69        0.61
gp_scenario_91     0.730      0.78       0.760       0.79        0.73
gp_scenario_92     0.660      0.69       0.630       0.68        0.64
gp_scenario_93     0.570      0.60       0.620       0.62        0.54
gp_scenario_94     0.480      0.75       0.710       0.74        0.60
gp_scenario_95     0.570      0.72       0.660       0.71        0.62
gp_scenario_96     0.570      0.70       0.690       0.71        0.58
gp_scenario_97     0.580      0.73       0.690       0.74        0.67
gp_scenario_98     0.660      0.74       0.680       0.73        0.70
gp_scenario_99     0.550      0.65       0.600       0.66        0.61
gp_scenario_100    0.530      0.73       0.690       0.73        0.64
pa_median          0.600      0.72       0.690       0.72        0.64
pa_iqr             0.092      0.05       0.052       0.06        0.08
                RF_ls_means SVR_ls_means GBLUP_ls_means RKHS_ls_means
gp_scenario_1          0.42         0.30           0.24          0.30
gp_scenario_2          0.49         0.40           0.35          0.43
gp_scenario_3          0.58         0.50           0.41          0.50
gp_scenario_4          0.42         0.39           0.35          0.41
gp_scenario_5          0.42         0.36           0.29          0.37
gp_scenario_6          0.14         0.33           0.40          0.32
gp_scenario_7          0.51         0.51           0.47          0.49
gp_scenario_8          0.39         0.33           0.29          0.34
gp_scenario_9          0.59         0.50           0.42          0.52
gp_scenario_10         0.51         0.45           0.42          0.44
gp_scenario_11         0.44         0.38           0.32          0.38
gp_scenario_12         0.52         0.30           0.23          0.30
gp_scenario_13         0.43         0.32           0.24          0.33
gp_scenario_14         0.56         0.50           0.43          0.51
gp_scenario_15         0.39         0.43           0.37          0.48
gp_scenario_16         0.38         0.41           0.30          0.42
gp_scenario_17         0.57         0.49           0.48          0.51
gp_scenario_18         0.34         0.28           0.27          0.27
gp_scenario_19         0.60         0.56           0.49          0.55
gp_scenario_20         0.34         0.40           0.32          0.42
gp_scenario_21         0.45         0.31           0.26          0.34
gp_scenario_22         0.54         0.64           0.60          0.59
gp_scenario_23         0.45         0.39           0.28          0.43
gp_scenario_24         0.43         0.35           0.31          0.36
gp_scenario_25         0.35         0.31           0.29          0.31
gp_scenario_26         0.41         0.32           0.29          0.34
gp_scenario_27         0.46         0.48           0.37          0.50
gp_scenario_28         0.46         0.46           0.43          0.47
gp_scenario_29         0.35         0.33           0.26          0.34
gp_scenario_30         0.53         0.51           0.44          0.54
gp_scenario_31         0.49         0.48           0.42          0.48
gp_scenario_32         0.28         0.17           0.12          0.17
gp_scenario_33         0.46         0.56           0.51          0.58
gp_scenario_34         0.36         0.28           0.25          0.35
gp_scenario_35         0.37         0.40           0.38          0.38
gp_scenario_36         0.28         0.20           0.21          0.21
gp_scenario_37         0.33         0.45           0.36          0.45
gp_scenario_38         0.48         0.39           0.43          0.48
gp_scenario_39         0.46         0.49           0.45          0.50
gp_scenario_40         0.38         0.28           0.26          0.32
gp_scenario_41         0.27         0.34           0.30          0.37
gp_scenario_42         0.42         0.44           0.37          0.45
gp_scenario_43         0.52         0.48           0.45          0.50
gp_scenario_44         0.45         0.31           0.23          0.32
gp_scenario_45         0.44         0.37           0.23          0.36
gp_scenario_46         0.47         0.47           0.39          0.50
gp_scenario_47         0.45         0.48           0.40          0.51
gp_scenario_48         0.36         0.28           0.26          0.29
gp_scenario_49         0.41         0.57           0.53          0.56
gp_scenario_50         0.39         0.39           0.31          0.37
gp_scenario_51         0.33         0.32           0.32          0.36
gp_scenario_52         0.53         0.51           0.44          0.49
gp_scenario_53         0.44         0.45           0.51          0.48
gp_scenario_54         0.36         0.36           0.33          0.36
gp_scenario_55         0.32         0.47           0.46          0.46
gp_scenario_56         0.35         0.37           0.45          0.40
gp_scenario_57         0.47         0.42           0.33          0.47
gp_scenario_58         0.39         0.38           0.33          0.39
gp_scenario_59         0.49         0.50           0.49          0.48
gp_scenario_60         0.51         0.38           0.32          0.39
gp_scenario_61         0.57         0.57           0.53          0.51
gp_scenario_62         0.42         0.39           0.37          0.41
gp_scenario_63         0.40         0.44           0.38          0.43
gp_scenario_64         0.38         0.41           0.38          0.44
gp_scenario_65         0.38         0.39           0.34          0.42
gp_scenario_66         0.38         0.43           0.40          0.44
gp_scenario_67         0.27         0.15           0.14          0.15
gp_scenario_68         0.50         0.53           0.40          0.56
gp_scenario_69         0.60         0.62           0.51          0.59
gp_scenario_70         0.52         0.29           0.17          0.31
gp_scenario_71         0.63         0.57           0.44          0.65
gp_scenario_72         0.37         0.33           0.26          0.33
gp_scenario_73         0.46         0.49           0.42          0.49
gp_scenario_74         0.30         0.31           0.27          0.33
gp_scenario_75         0.37         0.25           0.20          0.26
gp_scenario_76         0.37         0.35           0.30          0.34
gp_scenario_77         0.53         0.51           0.47          0.51
gp_scenario_78         0.43         0.49           0.48          0.48
gp_scenario_79         0.50         0.43           0.35          0.45
gp_scenario_80         0.33         0.29           0.23          0.29
gp_scenario_81         0.45         0.33           0.22          0.30
gp_scenario_82         0.39         0.21           0.13          0.23
gp_scenario_83         0.47         0.49           0.44          0.50
gp_scenario_84         0.48         0.59           0.58          0.60
gp_scenario_85         0.47         0.29           0.21          0.31
gp_scenario_86         0.46         0.33           0.21          0.35
gp_scenario_87         0.44         0.44           0.43          0.48
gp_scenario_88         0.32         0.27           0.22          0.27
gp_scenario_89         0.54         0.48           0.40          0.48
gp_scenario_90         0.49         0.43           0.36          0.45
gp_scenario_91         0.47         0.42           0.41          0.47
gp_scenario_92         0.36         0.29           0.27          0.28
gp_scenario_93         0.51         0.46           0.40          0.44
gp_scenario_94         0.41         0.49           0.47          0.48
gp_scenario_95         0.49         0.40           0.31          0.41
gp_scenario_96         0.38         0.36           0.31          0.37
gp_scenario_97         0.58         0.48           0.39          0.50
gp_scenario_98         0.48         0.51           0.40          0.54
gp_scenario_99         0.46         0.35           0.25          0.36
gp_scenario_100        0.29         0.25           0.16          0.24
pa_median              0.44         0.40           0.36          0.42
pa_iqr                 0.11         0.15           0.16          0.15
                LASSO_ls_means RF_blups SVR_blups GBLUP_blups RKHS_blups
gp_scenario_1             0.36     0.31     0.120       0.150      0.150
gp_scenario_2             0.42     0.47     0.360       0.320      0.370
gp_scenario_3             0.50     0.41     0.360       0.350      0.340
gp_scenario_4             0.49     0.43     0.330       0.310      0.400
gp_scenario_5             0.44     0.37     0.350       0.270      0.380
gp_scenario_6             0.22     0.11     0.300       0.400      0.310
gp_scenario_7             0.49     0.39     0.420       0.400      0.380
gp_scenario_8             0.42     0.52     0.340       0.290      0.380
gp_scenario_9             0.57     0.51     0.390       0.330      0.410
gp_scenario_10            0.35     0.36     0.270       0.320      0.290
gp_scenario_11            0.42     0.47     0.360       0.310      0.390
gp_scenario_12            0.41     0.44     0.180       0.130      0.160
gp_scenario_13            0.44     0.36     0.130       0.110      0.160
gp_scenario_14            0.55     0.48     0.480       0.390      0.470
gp_scenario_15            0.43     0.38     0.380       0.300      0.430
gp_scenario_16            0.41     0.40     0.370       0.260      0.390
gp_scenario_17            0.47     0.60     0.430       0.450      0.470
gp_scenario_18            0.43     0.32     0.160       0.170      0.120
gp_scenario_19            0.57     0.47     0.380       0.420      0.410
gp_scenario_20            0.43     0.21     0.330       0.270      0.360
gp_scenario_21            0.37     0.32     0.190       0.170      0.220
gp_scenario_22            0.57     0.48     0.600       0.570      0.540
gp_scenario_23            0.50     0.44     0.350       0.240      0.380
gp_scenario_24            0.45     0.36     0.270       0.220      0.290
gp_scenario_25            0.37     0.24     0.190       0.230      0.180
gp_scenario_26            0.52     0.23     0.210       0.210      0.230
gp_scenario_27            0.48     0.44     0.430       0.300      0.470
gp_scenario_28            0.57     0.51     0.450       0.430      0.470
gp_scenario_29            0.32     0.37     0.280       0.230      0.300
gp_scenario_30            0.42     0.47     0.370       0.370      0.400
gp_scenario_31            0.43     0.35     0.360       0.340      0.360
gp_scenario_32            0.36     0.26     0.095       0.082      0.120
gp_scenario_33            0.50     0.43     0.460       0.460      0.490
gp_scenario_34            0.24     0.32     0.130       0.140      0.230
gp_scenario_35            0.42     0.38     0.370       0.360      0.350
gp_scenario_36            0.13     0.22     0.150       0.170      0.140
gp_scenario_37            0.37     0.37     0.420       0.310      0.450
gp_scenario_38            0.50     0.36     0.270       0.330      0.380
gp_scenario_39            0.51     0.42     0.440       0.410      0.440
gp_scenario_40            0.37     0.26     0.130       0.220      0.200
gp_scenario_41            0.29     0.16     0.210       0.190      0.250
gp_scenario_42            0.35     0.46     0.420       0.330      0.430
gp_scenario_43            0.47     0.38     0.290       0.350      0.310
gp_scenario_44            0.38     0.50     0.320       0.230      0.330
gp_scenario_45            0.44     0.41     0.330       0.200      0.320
gp_scenario_46            0.56     0.52     0.400       0.340      0.460
gp_scenario_47            0.44     0.47     0.440       0.360      0.460
gp_scenario_48            0.35     0.18     0.140       0.180      0.150
gp_scenario_49            0.37     0.42     0.530       0.490      0.530
gp_scenario_50            0.35     0.23     0.290       0.240      0.290
gp_scenario_51            0.36     0.33     0.370       0.340      0.400
gp_scenario_52            0.54     0.46     0.390       0.360      0.340
gp_scenario_53            0.43     0.23     0.320       0.450      0.370
gp_scenario_54            0.45     0.38     0.320       0.320      0.330
gp_scenario_55            0.38     0.28     0.390       0.390      0.390
gp_scenario_56            0.44     0.26     0.280       0.410      0.280
gp_scenario_57            0.41     0.49     0.380       0.330      0.440
gp_scenario_58            0.33     0.38     0.360       0.330      0.360
gp_scenario_59            0.43     0.35     0.380       0.410      0.410
gp_scenario_60            0.51     0.39     0.230       0.200      0.240
gp_scenario_61            0.55     0.45     0.500       0.490      0.440
gp_scenario_62            0.46     0.41     0.350       0.360      0.400
gp_scenario_63            0.43     0.40     0.360       0.320      0.340
gp_scenario_64            0.38     0.32     0.330       0.310      0.350
gp_scenario_65            0.43     0.25     0.250       0.240      0.310
gp_scenario_66            0.43     0.42     0.410       0.400      0.440
gp_scenario_67            0.28     0.17     0.023       0.049      0.026
gp_scenario_68            0.46     0.48     0.460       0.370      0.500
gp_scenario_69            0.58     0.48     0.540       0.440      0.510
gp_scenario_70            0.48     0.41     0.150       0.070      0.210
gp_scenario_71            0.52     0.55     0.510       0.400      0.580
gp_scenario_72            0.41     0.15     0.100       0.130      0.160
gp_scenario_73            0.50     0.52     0.460       0.410      0.460
gp_scenario_74            0.29     0.34     0.250       0.220      0.310
gp_scenario_75            0.36     0.31     0.140       0.110      0.160
gp_scenario_76            0.36     0.24     0.200       0.200      0.210
gp_scenario_77            0.56     0.33     0.390       0.390      0.390
gp_scenario_78            0.40     0.41     0.420       0.450      0.440
gp_scenario_79            0.58     0.50     0.410       0.320      0.410
gp_scenario_80            0.31     0.23     0.190       0.140      0.210
gp_scenario_81            0.34     0.27     0.200       0.160      0.180
gp_scenario_82            0.40     0.36     0.150       0.067      0.170
gp_scenario_83            0.48     0.42     0.390       0.400      0.440
gp_scenario_84            0.48     0.41     0.510       0.520      0.490
gp_scenario_85            0.31     0.42     0.280       0.170      0.300
gp_scenario_86            0.40     0.33     0.210       0.120      0.200
gp_scenario_87            0.36     0.49     0.430       0.420      0.490
gp_scenario_88            0.31     0.33     0.200       0.170      0.210
gp_scenario_89            0.54     0.45     0.340       0.310      0.360
gp_scenario_90            0.46     0.46     0.330       0.290      0.340
gp_scenario_91            0.52     0.39     0.330       0.350      0.380
gp_scenario_92            0.36     0.31     0.200       0.250      0.250
gp_scenario_93            0.39     0.40     0.400       0.330      0.350
gp_scenario_94            0.46     0.44     0.440       0.440      0.470
gp_scenario_95            0.41     0.37     0.270       0.220      0.260
gp_scenario_96            0.35     0.30     0.280       0.250      0.290
gp_scenario_97            0.54     0.55     0.410       0.340      0.460
gp_scenario_98            0.48     0.39     0.440       0.320      0.450
gp_scenario_99            0.40     0.37     0.210       0.210      0.270
gp_scenario_100           0.32     0.29     0.190       0.120      0.170
pa_median                 0.43     0.38     0.340       0.320      0.360
pa_iqr                    0.12     0.13     0.190       0.160      0.180
                LASSO_blups
gp_scenario_1          0.27
gp_scenario_2          0.44
gp_scenario_3          0.41
gp_scenario_4          0.44
gp_scenario_5          0.41
gp_scenario_6          0.19
gp_scenario_7          0.36
gp_scenario_8          0.44
gp_scenario_9          0.48
gp_scenario_10         0.29
gp_scenario_11         0.43
gp_scenario_12         0.36
gp_scenario_13         0.36
gp_scenario_14         0.50
gp_scenario_15         0.37
gp_scenario_16         0.35
gp_scenario_17         0.47
gp_scenario_18         0.38
gp_scenario_19         0.43
gp_scenario_20         0.32
gp_scenario_21         0.23
gp_scenario_22         0.52
gp_scenario_23         0.48
gp_scenario_24         0.41
gp_scenario_25         0.32
gp_scenario_26         0.42
gp_scenario_27         0.36
gp_scenario_28         0.55
gp_scenario_29         0.30
gp_scenario_30         0.35
gp_scenario_31         0.31
gp_scenario_32         0.28
gp_scenario_33         0.45
gp_scenario_34         0.16
gp_scenario_35         0.41
gp_scenario_36         0.11
gp_scenario_37         0.36
gp_scenario_38         0.44
gp_scenario_39         0.39
gp_scenario_40         0.27
gp_scenario_41         0.21
gp_scenario_42         0.39
gp_scenario_43         0.32
gp_scenario_44         0.51
gp_scenario_45         0.43
gp_scenario_46         0.53
gp_scenario_47         0.46
gp_scenario_48         0.20
gp_scenario_49         0.33
gp_scenario_50         0.20
gp_scenario_51         0.38
gp_scenario_52         0.50
gp_scenario_53         0.32
gp_scenario_54         0.43
gp_scenario_55         0.30
gp_scenario_56         0.42
gp_scenario_57         0.30
gp_scenario_58         0.30
gp_scenario_59         0.33
gp_scenario_60         0.40
gp_scenario_61         0.52
gp_scenario_62         0.41
gp_scenario_63         0.41
gp_scenario_64         0.26
gp_scenario_65         0.33
gp_scenario_66         0.44
gp_scenario_67         0.17
gp_scenario_68         0.44
gp_scenario_69         0.49
gp_scenario_70         0.44
gp_scenario_71         0.50
gp_scenario_72         0.27
gp_scenario_73         0.51
gp_scenario_74         0.33
gp_scenario_75         0.27
gp_scenario_76         0.28
gp_scenario_77         0.41
gp_scenario_78         0.32
gp_scenario_79         0.63
gp_scenario_80         0.19
gp_scenario_81         0.23
gp_scenario_82         0.39
gp_scenario_83         0.41
gp_scenario_84         0.33
gp_scenario_85         0.31
gp_scenario_86         0.27
gp_scenario_87         0.38
gp_scenario_88         0.28
gp_scenario_89         0.49
gp_scenario_90         0.43
gp_scenario_91         0.46
gp_scenario_92         0.32
gp_scenario_93         0.32
gp_scenario_94         0.40
gp_scenario_95         0.26
gp_scenario_96         0.23
gp_scenario_97         0.50
gp_scenario_98         0.41
gp_scenario_99         0.33
gp_scenario_100        0.28
pa_median              0.38
pa_iqr                 0.14
                GBLUP_wiser GBLUP_ls_means GBLUP_blups
gp_scenario_1          0.85           0.59        0.56
gp_scenario_2          0.84           0.49        0.44
gp_scenario_3          0.86           0.52        0.50
gp_scenario_4          0.81           0.56        0.50
gp_scenario_5          0.82           0.60        0.53
gp_scenario_6          0.85           0.54        0.49
gp_scenario_7          0.84           0.48        0.43
gp_scenario_8          0.88           0.62        0.56
gp_scenario_9          0.84           0.50        0.45
gp_scenario_10         0.82           0.59        0.57
gp_scenario_11         0.82           0.50        0.42
gp_scenario_12         0.86           0.62        0.60
gp_scenario_13         0.86           0.63        0.61
gp_scenario_14         0.84           0.49        0.41
gp_scenario_15         0.84           0.53        0.47
gp_scenario_16         0.85           0.58        0.53
gp_scenario_17         0.84           0.44        0.36
gp_scenario_18         0.84           0.60        0.57
gp_scenario_19         0.84           0.50        0.46
gp_scenario_20         0.83           0.54        0.48
gp_scenario_21         0.85           0.62        0.59
gp_scenario_22         0.85           0.35        0.18
gp_scenario_23         0.81           0.57        0.52
gp_scenario_24         0.83           0.55        0.51
gp_scenario_25         0.82           0.62        0.60
gp_scenario_26         0.85           0.59        0.56
gp_scenario_27         0.84           0.48        0.40
gp_scenario_28         0.84           0.47        0.38
gp_scenario_29         0.85           0.63        0.59
gp_scenario_30         0.82           0.54        0.51
gp_scenario_31         0.85           0.52        0.47
gp_scenario_32         0.88           0.68        0.64
gp_scenario_33         0.85           0.38        0.28
gp_scenario_34         0.83           0.66        0.64
gp_scenario_35         0.80           0.51        0.46
gp_scenario_36         0.84           0.61        0.58
gp_scenario_37         0.82           0.48        0.40
gp_scenario_38         0.85           0.55        0.51
gp_scenario_39         0.83           0.45        0.35
gp_scenario_40         0.85           0.63        0.60
gp_scenario_41         0.83           0.60        0.56
gp_scenario_42         0.80           0.51        0.44
gp_scenario_43         0.86           0.49        0.47
gp_scenario_44         0.85           0.62        0.57
gp_scenario_45         0.89           0.57        0.51
gp_scenario_46         0.83           0.50        0.42
gp_scenario_47         0.85           0.51        0.45
gp_scenario_48         0.83           0.62        0.59
gp_scenario_49         0.82           0.39        0.30
gp_scenario_50         0.87           0.64        0.61
gp_scenario_51         0.82           0.52        0.44
gp_scenario_52         0.82           0.49        0.46
gp_scenario_53         0.83           0.53        0.50
gp_scenario_54         0.84           0.55        0.50
gp_scenario_55         0.86           0.56        0.51
gp_scenario_56         0.79           0.49        0.46
gp_scenario_57         0.83           0.57        0.51
gp_scenario_58         0.86           0.59        0.53
gp_scenario_59         0.80           0.46        0.41
gp_scenario_60         0.89           0.62        0.60
gp_scenario_61         0.83           0.49        0.44
gp_scenario_62         0.87           0.60        0.55
gp_scenario_63         0.82           0.50        0.45
gp_scenario_64         0.86           0.54        0.50
gp_scenario_65         0.83           0.58        0.55
gp_scenario_66         0.82           0.50        0.43
gp_scenario_67         0.83           0.67        0.64
gp_scenario_68         0.82           0.50        0.43
gp_scenario_69         0.84           0.42        0.35
gp_scenario_70         0.86           0.62        0.59
gp_scenario_71         0.81           0.44        0.37
gp_scenario_72         0.85           0.66        0.65
gp_scenario_73         0.86           0.50        0.44
gp_scenario_74         0.83           0.57        0.50
gp_scenario_75         0.85           0.63        0.60
gp_scenario_76         0.87           0.62        0.59
gp_scenario_77         0.84           0.49        0.45
gp_scenario_78         0.80           0.49        0.43
gp_scenario_79         0.86           0.51        0.42
gp_scenario_80         0.81           0.62        0.58
gp_scenario_81         0.87           0.57        0.54
gp_scenario_82         0.83           0.68        0.65
gp_scenario_83         0.83           0.46        0.40
gp_scenario_84         0.84           0.45        0.39
gp_scenario_85         0.81           0.67        0.63
gp_scenario_86         0.85           0.58        0.54
gp_scenario_87         0.82           0.55        0.47
gp_scenario_88         0.86           0.59        0.55
gp_scenario_89         0.85           0.50        0.46
gp_scenario_90         0.79           0.49        0.45
gp_scenario_91         0.83           0.55        0.51
gp_scenario_92         0.85           0.61        0.57
gp_scenario_93         0.85           0.55        0.51
gp_scenario_94         0.82           0.45        0.35
gp_scenario_95         0.85           0.56        0.53
gp_scenario_96         0.83           0.58        0.54
gp_scenario_97         0.80           0.50        0.43
gp_scenario_98         0.87           0.52        0.48
gp_scenario_99         0.84           0.57        0.53
gp_scenario_100        0.85           0.63        0.59
h2_median              0.84           0.55        0.50
h2_iqr                 0.03           0.10        0.12
