Le chargement a nécessité le package : Matrix

Attachement du package : ‘tidyr’

Les objets suivants sont masqués depuis ‘package:Matrix’:

    expand, pack, unpack

Le chargement a nécessité le package : foreach
Le chargement a nécessité le package : iterators
Le chargement a nécessité le package : parallel
Le chargement a nécessité le package : rngtools
This build of rgl does not include OpenGL functions.  Use
 rglwidget() to display results, e.g. via options(rgl.printRglwidget = TRUE).
Le chargement a nécessité le package : Rcpp
Le chargement a nécessité le package : RcppZiggurat
Le chargement a nécessité le package : RcppParallel

Attachement du package : ‘RcppParallel’

L'objet suivant est masqué depuis ‘package:Rcpp’:

    LdFlags


Rfast: 2.1.0
 ___ __ __ __ __    __ __ __ __ __ _             _               __ __ __ __ __     __ __ __ __ __ __   
|  __ __ __ __  |  |  __ __ __ __ _/            / \             |  __ __ __ __ /   /__ __ _   _ __ __\  
| |           | |  | |                         / _ \            | |                        / /          
| |           | |  | |                        / / \ \           | |                       / /          
| |           | |  | |                       / /   \ \          | |                      / /          
| |__ __ __ __| |  | |__ __ __ __           / /     \ \         | |__ __ __ __ _        / /__/\          
|    __ __ __ __|  |  __ __ __ __|         / /__ _ __\ \        |_ __ __ __ _   |      / ___  /           
|   \              | |                    / _ _ _ _ _ _ \                     | |      \/  / /       
| |\ \             | |                   / /           \ \                    | |         / /          
| | \ \            | |                  / /             \ \                   | |        / /          
| |  \ \           | |                 / /               \ \                  | |       / /          
| |   \ \__ __ _   | |                / /                 \ \     _ __ __ __ _| |      / /          
|_|    \__ __ __\  |_|               /_/                   \_\   /_ __ __ __ ___|      \/             team

Attachement du package : ‘Rfast’

Les objets suivants sont masqués depuis ‘package:robustbase’:

    colMedians, rowMedians

L'objet suivant est masqué depuis ‘package:data.table’:

    transpose

Le chargement a nécessité le package : lattice

Attachement du package : ‘plotly’

L'objet suivant est masqué depuis ‘package:ggplot2’:

    last_plot

L'objet suivant est masqué depuis ‘package:MASS’:

    select

L'objet suivant est masqué depuis ‘package:stats’:

    filter

L'objet suivant est masqué depuis ‘package:graphics’:

    layout


Attachement du package : ‘dplyr’

L'objet suivant est masqué depuis ‘package:Rfast’:

    nth

Les objets suivants sont masqués depuis ‘package:data.table’:

    between, first, last

L'objet suivant est masqué depuis ‘package:MASS’:

    select

Les objets suivants sont masqués depuis ‘package:stats’:

    filter, lag

Les objets suivants sont masqués depuis ‘package:base’:

    intersect, setdiff, setequal, union


Attachement du package : ‘kernlab’

L'objet suivant est masqué depuis ‘package:ggplot2’:

    alpha

Le chargement a nécessité le package : corpcor

Attachement du package : ‘corpcor’

L'objet suivant est masqué depuis ‘package:matrixcalc’:

    is.positive.definite

Loaded glmnet 4.1-8

Loaded mixOmics 6.25.1
Thank you for using mixOmics!
Tutorials: http://mixomics.org
Bookdown vignette: https://mixomicsteam.github.io/Bookdown
Questions, issues: Follow the prompts at http://mixomics.org/contact-us
Cite us:  citation('mixOmics')

[1] "kernel: linear"
[1] "trait: FL"
                RF_wiser SVR_wiser GBLUP_wiser RKHS_wiser LASSO_wiser
gp_scenario_1       0.69      0.82       0.790      0.820       0.760
gp_scenario_2       0.52      0.70       0.650      0.700       0.600
gp_scenario_3       0.54      0.70       0.730      0.740       0.640
gp_scenario_4       0.79      0.84       0.750      0.830       0.750
gp_scenario_5       0.57      0.74       0.750      0.760       0.670
gp_scenario_6       0.65      0.77       0.710      0.750       0.670
gp_scenario_7       0.70      0.78       0.800      0.810       0.740
gp_scenario_8       0.65      0.78       0.670      0.750       0.730
gp_scenario_9       0.64      0.70       0.660      0.700       0.610
gp_scenario_10      0.66      0.77       0.770      0.770       0.720
gp_scenario_11      0.54      0.70       0.640      0.690       0.600
gp_scenario_12      0.70      0.80       0.750      0.790       0.700
gp_scenario_13      0.71      0.79       0.730      0.780       0.730
gp_scenario_14      0.74      0.81       0.800      0.820       0.740
gp_scenario_15      0.51      0.64       0.650      0.670       0.590
gp_scenario_16      0.66      0.75       0.740      0.750       0.680
gp_scenario_17      0.50      0.66       0.640      0.670       0.590
gp_scenario_18      0.73      0.84       0.790      0.840       0.740
gp_scenario_19      0.66      0.73       0.730      0.760       0.760
gp_scenario_20      0.57      0.80       0.760      0.800       0.660
gp_scenario_21      0.67      0.76       0.750      0.770       0.700
gp_scenario_22      0.69      0.79       0.760      0.800       0.780
gp_scenario_23      0.59      0.73       0.720      0.750       0.700
gp_scenario_24      0.69      0.77       0.740      0.770       0.730
gp_scenario_25      0.64      0.77       0.760      0.780       0.650
gp_scenario_26      0.62      0.76       0.780      0.780       0.670
gp_scenario_27      0.69      0.80       0.760      0.800       0.760
gp_scenario_28      0.71      0.77       0.720      0.760       0.700
gp_scenario_29      0.71      0.78       0.760      0.790       0.730
gp_scenario_30      0.64      0.74       0.710      0.750       0.700
gp_scenario_31      0.64      0.78       0.770      0.790       0.670
gp_scenario_32      0.65      0.76       0.740      0.770       0.680
gp_scenario_33      0.45      0.63       0.600      0.650       0.620
gp_scenario_34      0.75      0.80       0.770      0.800       0.740
gp_scenario_35      0.67      0.76       0.770      0.780       0.640
gp_scenario_36      0.60      0.68       0.660      0.680       0.540
gp_scenario_37      0.81      0.81       0.780      0.820       0.790
gp_scenario_38      0.66      0.75       0.710      0.750       0.690
gp_scenario_39      0.73      0.82       0.820      0.830       0.800
gp_scenario_40      0.46      0.63       0.600      0.650       0.550
gp_scenario_41      0.64      0.79       0.790      0.810       0.650
gp_scenario_42      0.71      0.75       0.740      0.760       0.730
gp_scenario_43      0.71      0.78       0.710      0.750       0.730
gp_scenario_44      0.51      0.65       0.620      0.650       0.530
gp_scenario_45      0.63      0.72       0.690      0.710       0.650
gp_scenario_46      0.63      0.66       0.670      0.680       0.710
gp_scenario_47      0.69      0.75       0.720      0.750       0.700
gp_scenario_48      0.76      0.82       0.780      0.820       0.760
gp_scenario_49      0.62      0.75       0.730      0.750       0.680
gp_scenario_50      0.65      0.75       0.740      0.760       0.630
gp_scenario_51      0.76      0.80       0.750      0.800       0.760
gp_scenario_52      0.63      0.74       0.740      0.750       0.670
gp_scenario_53      0.65      0.80       0.790      0.810       0.720
gp_scenario_54      0.61      0.74       0.720      0.740       0.740
gp_scenario_55      0.76      0.80       0.760      0.790       0.740
gp_scenario_56      0.65      0.69       0.680      0.700       0.660
gp_scenario_57      0.51      0.71       0.710      0.730       0.650
gp_scenario_58      0.68      0.77       0.710      0.750       0.730
gp_scenario_59      0.69      0.82       0.810      0.830       0.810
gp_scenario_60      0.61      0.77       0.740      0.780       0.650
gp_scenario_61      0.52      0.73       0.700      0.740       0.660
gp_scenario_62      0.73      0.79       0.760      0.790       0.710
gp_scenario_63      0.76      0.80       0.760      0.800       0.720
gp_scenario_64      0.58      0.71       0.670      0.700       0.630
gp_scenario_65      0.69      0.76       0.740      0.760       0.730
gp_scenario_66      0.49      0.66       0.630      0.660       0.560
gp_scenario_67      0.80      0.84       0.810      0.840       0.790
gp_scenario_68      0.77      0.84       0.820      0.850       0.780
gp_scenario_69      0.76      0.82       0.790      0.810       0.750
gp_scenario_70      0.35      0.53       0.520      0.540       0.570
gp_scenario_71      0.74      0.80       0.760      0.800       0.730
gp_scenario_72      0.62      0.74       0.730      0.760       0.730
gp_scenario_73      0.47      0.67       0.640      0.670       0.570
gp_scenario_74      0.60      0.77       0.740      0.770       0.700
gp_scenario_75      0.76      0.82       0.820      0.840       0.750
gp_scenario_76      0.66      0.77       0.760      0.780       0.710
gp_scenario_77      0.70      0.79       0.780      0.800       0.760
gp_scenario_78      0.61      0.75       0.730      0.750       0.680
gp_scenario_79      0.56      0.69       0.690      0.710       0.610
gp_scenario_80      0.66      0.77       0.740      0.780       0.700
gp_scenario_81      0.63      0.76       0.730      0.760       0.680
gp_scenario_82      0.61      0.74       0.730      0.760       0.750
gp_scenario_83      0.63      0.79       0.750      0.780       0.650
gp_scenario_84      0.56      0.70       0.690      0.710       0.650
gp_scenario_85      0.75      0.84       0.840      0.860       0.760
gp_scenario_86      0.60      0.78       0.750      0.780       0.650
gp_scenario_87      0.59      0.72       0.680      0.730       0.640
gp_scenario_88      0.62      0.68       0.660      0.680       0.590
gp_scenario_89      0.57      0.74       0.720      0.750       0.730
gp_scenario_90      0.62      0.72       0.700      0.720       0.710
gp_scenario_91      0.74      0.78       0.760      0.780       0.720
gp_scenario_92      0.71      0.75       0.700      0.740       0.660
gp_scenario_93      0.50      0.64       0.640      0.660       0.570
gp_scenario_94      0.58      0.77       0.750      0.780       0.670
gp_scenario_95      0.67      0.79       0.720      0.770       0.680
gp_scenario_96      0.60      0.73       0.710      0.730       0.660
gp_scenario_97      0.62      0.74       0.710      0.750       0.710
gp_scenario_98      0.66      0.75       0.740      0.770       0.740
gp_scenario_99      0.61      0.74       0.730      0.750       0.650
gp_scenario_100     0.73      0.80       0.790      0.810       0.740
pa_median           0.65      0.76       0.740      0.760       0.700
pa_iqr              0.10      0.06       0.052      0.052       0.082
                RF_ls_means SVR_ls_means GBLUP_ls_means RKHS_ls_means
gp_scenario_1         0.570         0.65           0.64          0.64
gp_scenario_2         0.490         0.48           0.45          0.46
gp_scenario_3         0.250         0.33           0.40          0.34
gp_scenario_4         0.400         0.47           0.38          0.49
gp_scenario_5         0.420         0.36           0.36          0.38
gp_scenario_6         0.420         0.42           0.42          0.47
gp_scenario_7         0.520         0.51           0.50          0.54
gp_scenario_8         0.400         0.45           0.41          0.43
gp_scenario_9         0.440         0.52           0.50          0.49
gp_scenario_10        0.420         0.48           0.51          0.48
gp_scenario_11        0.430         0.59           0.55          0.59
gp_scenario_12        0.460         0.52           0.48          0.52
gp_scenario_13        0.540         0.50           0.46          0.49
gp_scenario_14        0.410         0.43           0.38          0.42
gp_scenario_15        0.460         0.29           0.27          0.31
gp_scenario_16        0.400         0.38           0.48          0.40
gp_scenario_17        0.640         0.40           0.44          0.42
gp_scenario_18        0.460         0.48           0.51          0.50
gp_scenario_19        0.530         0.60           0.60          0.58
gp_scenario_20        0.480         0.44           0.44          0.42
gp_scenario_21        0.410         0.42           0.37          0.42
gp_scenario_22        0.460         0.44           0.49          0.44
gp_scenario_23        0.270         0.41           0.42          0.40
gp_scenario_24        0.520         0.41           0.33          0.44
gp_scenario_25        0.480         0.46           0.40          0.49
gp_scenario_26        0.087         0.18           0.22          0.19
gp_scenario_27        0.430         0.47           0.44          0.50
gp_scenario_28        0.370         0.43           0.43          0.45
gp_scenario_29        0.430         0.44           0.36          0.46
gp_scenario_30        0.630         0.53           0.43          0.56
gp_scenario_31        0.490         0.43           0.48          0.46
gp_scenario_32        0.460         0.45           0.50          0.47
gp_scenario_33        0.360         0.38           0.34          0.40
gp_scenario_34        0.390         0.41           0.37          0.42
gp_scenario_35        0.550         0.49           0.40          0.49
gp_scenario_36        0.510         0.46           0.38          0.49
gp_scenario_37        0.350         0.38           0.36          0.40
gp_scenario_38        0.400         0.34           0.31          0.36
gp_scenario_39        0.520         0.39           0.38          0.42
gp_scenario_40        0.350         0.47           0.35          0.46
gp_scenario_41        0.390         0.42           0.39          0.42
gp_scenario_42        0.660         0.58           0.53          0.62
gp_scenario_43        0.490         0.54           0.54          0.56
gp_scenario_44        0.500         0.56           0.53          0.54
gp_scenario_45        0.340         0.23           0.27          0.25
gp_scenario_46        0.550         0.47           0.45          0.47
gp_scenario_47        0.400         0.38           0.34          0.38
gp_scenario_48        0.360         0.46           0.42          0.47
gp_scenario_49        0.410         0.32           0.33          0.36
gp_scenario_50        0.390         0.52           0.59          0.52
gp_scenario_51        0.540         0.47           0.33          0.49
gp_scenario_52        0.550         0.45           0.47          0.49
gp_scenario_53        0.350         0.36           0.41          0.35
gp_scenario_54        0.320         0.25           0.18          0.24
gp_scenario_55        0.460         0.53           0.58          0.52
gp_scenario_56        0.280         0.32           0.34          0.33
gp_scenario_57        0.420         0.49           0.43          0.48
gp_scenario_58        0.510         0.43           0.37          0.50
gp_scenario_59        0.550         0.52           0.54          0.50
gp_scenario_60        0.420         0.52           0.51          0.49
gp_scenario_61        0.390         0.31           0.25          0.34
gp_scenario_62        0.450         0.49           0.37          0.49
gp_scenario_63        0.510         0.52           0.50          0.53
gp_scenario_64        0.490         0.34           0.36          0.39
gp_scenario_65        0.410         0.40           0.34          0.40
gp_scenario_66        0.440         0.36           0.32          0.39
gp_scenario_67        0.410         0.43           0.42          0.44
gp_scenario_68        0.390         0.41           0.38          0.46
gp_scenario_69        0.420         0.42           0.37          0.42
gp_scenario_70        0.420         0.35           0.42          0.38
gp_scenario_71        0.470         0.43           0.47          0.44
gp_scenario_72        0.370         0.37           0.37          0.38
gp_scenario_73        0.370         0.37           0.36          0.35
gp_scenario_74        0.480         0.49           0.49          0.50
gp_scenario_75        0.610         0.61           0.56          0.67
gp_scenario_76        0.400         0.40           0.37          0.38
gp_scenario_77        0.400         0.46           0.47          0.46
gp_scenario_78        0.580         0.60           0.58          0.64
gp_scenario_79        0.440         0.32           0.30          0.31
gp_scenario_80        0.360         0.42           0.37          0.43
gp_scenario_81        0.490         0.54           0.51          0.52
gp_scenario_82        0.400         0.41           0.38          0.43
gp_scenario_83        0.370         0.50           0.41          0.54
gp_scenario_84        0.450         0.29           0.26          0.28
gp_scenario_85        0.460         0.48           0.56          0.51
gp_scenario_86        0.520         0.51           0.43          0.52
gp_scenario_87        0.470         0.40           0.30          0.40
gp_scenario_88        0.390         0.45           0.47          0.47
gp_scenario_89        0.410         0.42           0.40          0.45
gp_scenario_90        0.350         0.39           0.39          0.37
gp_scenario_91        0.400         0.39           0.36          0.41
gp_scenario_92        0.480         0.44           0.37          0.49
gp_scenario_93        0.410         0.45           0.48          0.43
gp_scenario_94        0.360         0.49           0.57          0.46
gp_scenario_95        0.430         0.44           0.41          0.44
gp_scenario_96        0.340         0.28           0.22          0.28
gp_scenario_97        0.280         0.31           0.27          0.35
gp_scenario_98        0.490         0.35           0.33          0.37
gp_scenario_99        0.330         0.41           0.39          0.42
gp_scenario_100       0.560         0.58           0.52          0.60
pa_median             0.420         0.44           0.41          0.45
pa_iqr                0.100         0.10           0.12          0.09
                LASSO_ls_means RF_blups SVR_blups GBLUP_blups RKHS_blups
gp_scenario_1             0.55    0.290    0.4700      0.5600      0.390
gp_scenario_2             0.38    0.270    0.3400      0.3700      0.310
gp_scenario_3             0.34    0.160    0.2000      0.2600      0.110
gp_scenario_4             0.43    0.130    0.2700      0.1700      0.240
gp_scenario_5             0.44    0.320    0.2400      0.2300      0.230
gp_scenario_6             0.36    0.340    0.2700      0.3000      0.310
gp_scenario_7             0.53    0.290    0.3000      0.3300      0.280
gp_scenario_8             0.25    0.360    0.3700      0.3600      0.350
gp_scenario_9             0.44    0.360    0.3900      0.4200      0.340
gp_scenario_10            0.48    0.200    0.2800      0.3100      0.240
gp_scenario_11            0.45    0.420    0.4900      0.4000      0.460
gp_scenario_12            0.39    0.230    0.3800      0.4000      0.360
gp_scenario_13            0.51    0.260    0.2500      0.3100      0.220
gp_scenario_14            0.29    0.290    0.3400      0.2900      0.310
gp_scenario_15            0.44    0.200    0.0580      0.0940      0.050
gp_scenario_16            0.47    0.170    0.2100      0.3200      0.150
gp_scenario_17            0.35    0.180    0.1500      0.2800      0.100
gp_scenario_18            0.45    0.330    0.3600      0.3800      0.350
gp_scenario_19            0.43    0.320    0.4600      0.4700      0.370
gp_scenario_20            0.42    0.350    0.3200      0.3500      0.270
gp_scenario_21            0.38    0.350    0.3200      0.2800      0.280
gp_scenario_22            0.40    0.130    0.1900      0.3500      0.160
gp_scenario_23            0.35    0.180    0.2100      0.3000      0.190
gp_scenario_24            0.40    0.320    0.2500      0.1300      0.270
gp_scenario_25            0.47    0.340    0.2900      0.2800      0.310
gp_scenario_26            0.16    0.085    0.1900      0.2100      0.083
gp_scenario_27            0.34    0.360    0.4500      0.3700      0.440
gp_scenario_28            0.30    0.140    0.1900      0.2700      0.150
gp_scenario_29            0.29    0.140    0.2200      0.2000      0.230
gp_scenario_30            0.54    0.300    0.2500      0.2500      0.270
gp_scenario_31            0.42    0.250    0.1600      0.3300      0.210
gp_scenario_32            0.50    0.380    0.2700      0.3900      0.290
gp_scenario_33            0.34    0.400    0.2900      0.2600      0.300
gp_scenario_34            0.39    0.095    0.2700      0.1800      0.180
gp_scenario_35            0.49    0.350    0.3100      0.2600      0.270
gp_scenario_36            0.51    0.290    0.4200      0.3000      0.470
gp_scenario_37            0.42    0.240    0.1300      0.2000      0.150
gp_scenario_38            0.30    0.120    0.0820      0.0940      0.094
gp_scenario_39            0.52    0.330    0.2600      0.2700      0.210
gp_scenario_40            0.30    0.300    0.4200      0.2900      0.330
gp_scenario_41            0.31    0.250    0.2300      0.2800      0.210
gp_scenario_42            0.61    0.270    0.3400      0.3300      0.320
gp_scenario_43            0.40    0.350    0.4500      0.4500      0.380
gp_scenario_44            0.48    0.420    0.4200      0.4400      0.440
gp_scenario_45            0.35    0.150    0.1500      0.1800      0.130
gp_scenario_46            0.50    0.290    0.2700      0.2900      0.240
gp_scenario_47            0.38    0.260    0.1700      0.2000      0.130
gp_scenario_48            0.32    0.099    0.2800      0.2400      0.270
gp_scenario_49            0.35    0.300    0.1900      0.2200      0.240
gp_scenario_50            0.39    0.260    0.4000      0.4900      0.320
gp_scenario_51            0.45    0.290    0.2300      0.0990      0.210
gp_scenario_52            0.56    0.370    0.3100      0.3700      0.300
gp_scenario_53            0.44    0.150    0.1400      0.2300      0.100
gp_scenario_54            0.26    0.320    0.2200      0.1300      0.180
gp_scenario_55            0.50    0.290    0.2800      0.4500      0.220
gp_scenario_56            0.27    0.250    0.2700      0.3000      0.240
gp_scenario_57            0.46    0.370    0.3800      0.3200      0.350
gp_scenario_58            0.45    0.250    0.1900      0.2200      0.240
gp_scenario_59            0.41    0.250    0.3200      0.3900      0.260
gp_scenario_60            0.48    0.370    0.3200      0.3600      0.280
gp_scenario_61            0.27    0.230    0.0800      0.0051      0.079
gp_scenario_62            0.44    0.100    0.2500      0.1700      0.210
gp_scenario_63            0.53    0.310    0.3000      0.3500      0.320
gp_scenario_64            0.40    0.380    0.3300      0.3600      0.360
gp_scenario_65            0.39    0.290    0.2300      0.2100      0.210
gp_scenario_66            0.41    0.190    0.2400      0.2800      0.220
gp_scenario_67            0.42    0.430    0.4000      0.3400      0.410
gp_scenario_68            0.44    0.220    0.1800      0.1800      0.210
gp_scenario_69            0.49    0.180    0.1600      0.2000      0.110
gp_scenario_70            0.46    0.190    0.1700      0.2700      0.180
gp_scenario_71            0.39    0.110    0.1900      0.3400      0.130
gp_scenario_72            0.37    0.230    0.1800      0.2100      0.200
gp_scenario_73            0.38    0.210    0.2400      0.2300      0.140
gp_scenario_74            0.45    0.300    0.3300      0.3500      0.290
gp_scenario_75            0.54    0.410    0.4900      0.4800      0.530
gp_scenario_76            0.45    0.230    0.1400      0.1900      0.130
gp_scenario_77            0.39    0.270    0.3400      0.3200      0.250
gp_scenario_78            0.54    0.390    0.3700      0.4000      0.380
gp_scenario_79            0.22    0.240    0.1600      0.2100      0.140
gp_scenario_80            0.39    0.190    0.3000      0.3200      0.320
gp_scenario_81            0.34    0.360    0.4000      0.4500      0.370
gp_scenario_82            0.44    0.280    0.3000      0.2800      0.290
gp_scenario_83            0.40    0.230    0.3200      0.2300      0.280
gp_scenario_84            0.31    0.120    0.0690      0.1100      0.057
gp_scenario_85            0.48    0.330    0.3600      0.4600      0.350
gp_scenario_86            0.45    0.240    0.2800      0.2700      0.260
gp_scenario_87            0.44    0.330    0.2400      0.1600      0.200
gp_scenario_88            0.41    0.230    0.3200      0.3400      0.290
gp_scenario_89            0.27    0.180    0.2200      0.2600      0.210
gp_scenario_90            0.38    0.340    0.4100      0.3900      0.320
gp_scenario_91            0.37    0.220    0.1900      0.2000      0.190
gp_scenario_92            0.45    0.310    0.2500      0.2200      0.240
gp_scenario_93            0.47    0.320    0.2500      0.3600      0.190
gp_scenario_94            0.38    0.320    0.3600      0.4800      0.280
gp_scenario_95            0.39    0.200    0.2500      0.2800      0.240
gp_scenario_96            0.39    0.250    0.1700      0.1500      0.130
gp_scenario_97            0.30    0.240    0.1700      0.1600      0.180
gp_scenario_98            0.48    0.120   -0.0049      0.0930      0.025
gp_scenario_99            0.27    0.280    0.3600      0.3200      0.310
gp_scenario_100           0.50    0.390    0.4700      0.3800      0.520
pa_median                 0.41    0.270    0.2700      0.2900      0.240
pa_iqr                    0.10    0.130    0.1500      0.1500      0.120
                LASSO_blups
gp_scenario_1         0.140
gp_scenario_2         0.170
gp_scenario_3         0.210
gp_scenario_4         0.210
gp_scenario_5         0.260
gp_scenario_6         0.260
gp_scenario_7            NA
gp_scenario_8         0.190
gp_scenario_9         0.160
gp_scenario_10        0.180
gp_scenario_11           NA
gp_scenario_12        0.190
gp_scenario_13        0.200
gp_scenario_14        0.130
gp_scenario_15        0.160
gp_scenario_16        0.230
gp_scenario_17        0.025
gp_scenario_18        0.180
gp_scenario_19        0.260
gp_scenario_20           NA
gp_scenario_21        0.200
gp_scenario_22        0.078
gp_scenario_23        0.220
gp_scenario_24        0.230
gp_scenario_25           NA
gp_scenario_26        0.017
gp_scenario_27        0.240
gp_scenario_28        0.160
gp_scenario_29        0.022
gp_scenario_30           NA
gp_scenario_31        0.068
gp_scenario_32        0.120
gp_scenario_33        0.280
gp_scenario_34        0.180
gp_scenario_35        0.340
gp_scenario_36        0.280
gp_scenario_37        0.250
gp_scenario_38        0.220
gp_scenario_39           NA
gp_scenario_40        0.054
gp_scenario_41        0.066
gp_scenario_42        0.200
gp_scenario_43           NA
gp_scenario_44           NA
gp_scenario_45        0.250
gp_scenario_46        0.260
gp_scenario_47        0.081
gp_scenario_48        0.150
gp_scenario_49        0.130
gp_scenario_50        0.110
gp_scenario_51           NA
gp_scenario_52        0.310
gp_scenario_53        0.270
gp_scenario_54        0.230
gp_scenario_55        0.190
gp_scenario_56        0.210
gp_scenario_57        0.330
gp_scenario_58        0.260
gp_scenario_59        0.072
gp_scenario_60           NA
gp_scenario_61        0.076
gp_scenario_62       -0.031
gp_scenario_63        0.220
gp_scenario_64        0.260
gp_scenario_65        0.200
gp_scenario_66        0.085
gp_scenario_67        0.270
gp_scenario_68        0.200
gp_scenario_69        0.280
gp_scenario_70        0.210
gp_scenario_71        0.064
gp_scenario_72        0.150
gp_scenario_73        0.160
gp_scenario_74        0.220
gp_scenario_75        0.280
gp_scenario_76        0.330
gp_scenario_77        0.270
gp_scenario_78           NA
gp_scenario_79        0.110
gp_scenario_80        0.300
gp_scenario_81        0.270
gp_scenario_82        0.260
gp_scenario_83        0.110
gp_scenario_84        0.080
gp_scenario_85        0.056
gp_scenario_86        0.066
gp_scenario_87        0.120
gp_scenario_88        0.200
gp_scenario_89        0.069
gp_scenario_90        0.220
gp_scenario_91        0.160
gp_scenario_92        0.071
gp_scenario_93        0.091
gp_scenario_94        0.190
gp_scenario_95        0.210
gp_scenario_96        0.240
gp_scenario_97        0.170
gp_scenario_98        0.170
gp_scenario_99        0.200
gp_scenario_100       0.190
pa_median             0.190
pa_iqr                0.120
                GBLUP_wiser GBLUP_ls_means GBLUP_blups
gp_scenario_1          0.88           0.33       0.013
gp_scenario_2          0.86           0.53       0.320
gp_scenario_3          0.87           0.60       0.470
gp_scenario_4          0.86           0.55       0.370
gp_scenario_5          0.88           0.61       0.450
gp_scenario_6          0.88           0.50       0.280
gp_scenario_7          0.85           0.47       0.290
gp_scenario_8          0.89           0.54       0.290
gp_scenario_9          0.90           0.53       0.320
gp_scenario_10         0.86           0.55       0.390
gp_scenario_11         0.86           0.47       0.160
gp_scenario_12         0.88           0.48       0.220
gp_scenario_13         0.88           0.47       0.290
gp_scenario_14         0.85           0.55       0.380
gp_scenario_15         0.90           0.64       0.520
gp_scenario_16         0.89           0.59       0.450
gp_scenario_17         0.88           0.53       0.400
gp_scenario_18         0.85           0.51       0.290
gp_scenario_19         0.86           0.44       0.210
gp_scenario_20         0.87           0.54       0.340
gp_scenario_21         0.86           0.53       0.330
gp_scenario_22         0.87           0.50       0.350
gp_scenario_23         0.86           0.55       0.370
gp_scenario_24         0.90           0.56       0.370
gp_scenario_25         0.86           0.57       0.300
gp_scenario_26         0.86           0.54       0.350
gp_scenario_27         0.87           0.49       0.069
gp_scenario_28         0.88           0.56       0.400
gp_scenario_29         0.88           0.57       0.420
gp_scenario_30         0.88           0.51       0.300
gp_scenario_31         0.84           0.49       0.330
gp_scenario_32         0.87           0.53       0.300
gp_scenario_33         0.89           0.61       0.420
gp_scenario_34         0.88           0.54       0.370
gp_scenario_35         0.85           0.51       0.280
gp_scenario_36         0.88           0.50       0.075
gp_scenario_37         0.87           0.59       0.460
gp_scenario_38         0.91           0.69       0.590
gp_scenario_39         0.86           0.51       0.320
gp_scenario_40         0.85           0.50       0.300
gp_scenario_41         0.84           0.50       0.330
gp_scenario_42         0.86           0.48       0.310
gp_scenario_43         0.91           0.47       0.200
gp_scenario_44         0.89           0.51       0.200
gp_scenario_45         0.90           0.62       0.460
gp_scenario_46         0.85           0.49       0.290
gp_scenario_47         0.89           0.57       0.420
gp_scenario_48         0.86           0.56       0.370
gp_scenario_49         0.90           0.61       0.410
gp_scenario_50         0.88           0.45       0.220
gp_scenario_51         0.85           0.50       0.320
gp_scenario_52         0.85           0.52       0.280
gp_scenario_53         0.84           0.60       0.490
gp_scenario_54         0.89           0.65       0.440
gp_scenario_55         0.90           0.42       0.230
gp_scenario_56         0.88           0.56       0.360
gp_scenario_57         0.86           0.52       0.280
gp_scenario_58         0.88           0.52       0.320
gp_scenario_59         0.87           0.53       0.380
gp_scenario_60         0.88           0.50       0.290
gp_scenario_61         0.88           0.61       0.450
gp_scenario_62         0.86           0.50       0.350
gp_scenario_63         0.87           0.46       0.250
gp_scenario_64         0.91           0.51       0.170
gp_scenario_65         0.88           0.64       0.530
gp_scenario_66         0.87           0.54       0.340
gp_scenario_67         0.86           0.53       0.130
gp_scenario_68         0.84           0.54       0.360
gp_scenario_69         0.89           0.54       0.400
gp_scenario_70         0.89           0.56       0.400
gp_scenario_71         0.85           0.52       0.370
gp_scenario_72         0.89           0.61       0.450
gp_scenario_73         0.90           0.54       0.380
gp_scenario_74         0.86           0.54       0.330
gp_scenario_75         0.85           0.42       0.110
gp_scenario_76         0.89           0.60       0.460
gp_scenario_77         0.87           0.57       0.380
gp_scenario_78         0.86           0.44       0.180
gp_scenario_79         0.85           0.52       0.370
gp_scenario_80         0.86           0.51       0.230
gp_scenario_81         0.88           0.46       0.220
gp_scenario_82         0.86           0.55       0.320
gp_scenario_83         0.87           0.47       0.240
gp_scenario_84         0.93           0.72       0.630
gp_scenario_85         0.81           0.46       0.240
gp_scenario_86         0.88           0.52       0.330
gp_scenario_87         0.87           0.52       0.360
gp_scenario_88         0.87           0.48       0.240
gp_scenario_89         0.89           0.53       0.350
gp_scenario_90         0.85           0.53       0.310
gp_scenario_91         0.89           0.60       0.430
gp_scenario_92         0.86           0.47       0.260
gp_scenario_93         0.88           0.53       0.350
gp_scenario_94         0.90           0.50       0.300
gp_scenario_95         0.87           0.52       0.300
gp_scenario_96         0.88           0.56       0.390
gp_scenario_97         0.86           0.63       0.480
gp_scenario_98         0.88           0.59       0.500
gp_scenario_99         0.86           0.52       0.270
gp_scenario_100        0.86           0.47       0.037
h2_median              0.87           0.53       0.330
h2_iqr                 0.02           0.06       0.110
