Le chargement a nécessité le package : Matrix

Attachement du package : ‘tidyr’

Les objets suivants sont masqués depuis ‘package:Matrix’:

    expand, pack, unpack

Le chargement a nécessité le package : foreach
Le chargement a nécessité le package : iterators
Le chargement a nécessité le package : parallel
Le chargement a nécessité le package : rngtools
This build of rgl does not include OpenGL functions.  Use
 rglwidget() to display results, e.g. via options(rgl.printRglwidget = TRUE).
Le chargement a nécessité le package : Rcpp
Le chargement a nécessité le package : RcppZiggurat
Le chargement a nécessité le package : RcppParallel

Attachement du package : ‘RcppParallel’

L'objet suivant est masqué depuis ‘package:Rcpp’:

    LdFlags


Rfast: 2.1.0
 ___ __ __ __ __    __ __ __ __ __ _             _               __ __ __ __ __     __ __ __ __ __ __   
|  __ __ __ __  |  |  __ __ __ __ _/            / \             |  __ __ __ __ /   /__ __ _   _ __ __\  
| |           | |  | |                         / _ \            | |                        / /          
| |           | |  | |                        / / \ \           | |                       / /          
| |           | |  | |                       / /   \ \          | |                      / /          
| |__ __ __ __| |  | |__ __ __ __           / /     \ \         | |__ __ __ __ _        / /__/\          
|    __ __ __ __|  |  __ __ __ __|         / /__ _ __\ \        |_ __ __ __ _   |      / ___  /           
|   \              | |                    / _ _ _ _ _ _ \                     | |      \/  / /       
| |\ \             | |                   / /           \ \                    | |         / /          
| | \ \            | |                  / /             \ \                   | |        / /          
| |  \ \           | |                 / /               \ \                  | |       / /          
| |   \ \__ __ _   | |                / /                 \ \     _ __ __ __ _| |      / /          
|_|    \__ __ __\  |_|               /_/                   \_\   /_ __ __ __ ___|      \/             team

Attachement du package : ‘Rfast’

Les objets suivants sont masqués depuis ‘package:robustbase’:

    colMedians, rowMedians

L'objet suivant est masqué depuis ‘package:data.table’:

    transpose

Le chargement a nécessité le package : lattice

Attachement du package : ‘plotly’

L'objet suivant est masqué depuis ‘package:ggplot2’:

    last_plot

L'objet suivant est masqué depuis ‘package:MASS’:

    select

L'objet suivant est masqué depuis ‘package:stats’:

    filter

L'objet suivant est masqué depuis ‘package:graphics’:

    layout


Attachement du package : ‘dplyr’

L'objet suivant est masqué depuis ‘package:Rfast’:

    nth

Les objets suivants sont masqués depuis ‘package:data.table’:

    between, first, last

L'objet suivant est masqué depuis ‘package:MASS’:

    select

Les objets suivants sont masqués depuis ‘package:stats’:

    filter, lag

Les objets suivants sont masqués depuis ‘package:base’:

    intersect, setdiff, setequal, union


Attachement du package : ‘kernlab’

L'objet suivant est masqué depuis ‘package:ggplot2’:

    alpha

Le chargement a nécessité le package : corpcor

Attachement du package : ‘corpcor’

L'objet suivant est masqué depuis ‘package:matrixcalc’:

    is.positive.definite

Loaded glmnet 4.1-8

Loaded mixOmics 6.25.1
Thank you for using mixOmics!
Tutorials: http://mixomics.org
Bookdown vignette: https://mixomicsteam.github.io/Bookdown
Questions, issues: Follow the prompts at http://mixomics.org/contact-us
Cite us:  citation('mixOmics')

[1] "kernel: linear"
[1] "trait: YLD"
                RF_wiser SVR_wiser GBLUP_wiser RKHS_wiser LASSO_wiser
gp_scenario_1      0.530     0.670        0.60       0.66        0.42
gp_scenario_2      0.500     0.590        0.54       0.56        0.44
gp_scenario_3      0.560     0.640        0.57       0.64        0.48
gp_scenario_4      0.610     0.720        0.63       0.71        0.57
gp_scenario_5      0.490     0.670        0.66       0.69        0.60
gp_scenario_6      0.520     0.700        0.64       0.70        0.59
gp_scenario_7      0.520     0.660        0.59       0.64        0.56
gp_scenario_8      0.510     0.640        0.56       0.63        0.61
gp_scenario_9      0.600     0.690        0.65       0.71        0.64
gp_scenario_10     0.550     0.720        0.72       0.73        0.54
gp_scenario_11     0.590     0.630        0.55       0.59        0.54
gp_scenario_12     0.500     0.630        0.58       0.62        0.60
gp_scenario_13     0.550     0.650        0.61       0.66        0.64
gp_scenario_14     0.500     0.700        0.69       0.70        0.51
gp_scenario_15     0.530     0.640        0.61       0.67        0.54
gp_scenario_16     0.440     0.610        0.60       0.62        0.51
gp_scenario_17     0.500     0.660        0.67       0.67        0.54
gp_scenario_18     0.600     0.700        0.62       0.68        0.58
gp_scenario_19     0.550     0.740        0.72       0.77        0.66
gp_scenario_20     0.570     0.700        0.69       0.72        0.59
gp_scenario_21     0.570     0.700        0.68       0.71        0.64
gp_scenario_22     0.510     0.660        0.61       0.65        0.50
gp_scenario_23     0.530     0.650        0.64       0.68        0.56
gp_scenario_24     0.560     0.680        0.62       0.68        0.57
gp_scenario_25     0.550     0.680        0.62       0.68        0.55
gp_scenario_26     0.620     0.710        0.66       0.70        0.61
gp_scenario_27     0.590     0.730        0.71       0.74        0.60
gp_scenario_28     0.480     0.630        0.61       0.64        0.60
gp_scenario_29     0.650     0.690        0.70       0.72        0.65
gp_scenario_30     0.370     0.510        0.44       0.50        0.42
gp_scenario_31     0.520     0.600        0.60       0.63        0.55
gp_scenario_32     0.540     0.650        0.56       0.64        0.60
gp_scenario_33     0.240     0.510        0.49       0.54        0.40
gp_scenario_34     0.550     0.700        0.66       0.71        0.63
gp_scenario_35     0.570     0.690        0.67       0.69        0.52
gp_scenario_36     0.430     0.600        0.63       0.65        0.58
gp_scenario_37     0.700     0.730        0.63       0.71        0.61
gp_scenario_38     0.650     0.790        0.69       0.77        0.50
gp_scenario_39     0.670     0.720        0.63       0.71        0.63
gp_scenario_40     0.300     0.540        0.45       0.51        0.35
gp_scenario_41     0.640     0.760        0.76       0.77        0.70
gp_scenario_42     0.520     0.670        0.62       0.65        0.48
gp_scenario_43     0.520     0.710        0.64       0.71        0.61
gp_scenario_44     0.310     0.580        0.47       0.57        0.43
gp_scenario_45     0.510     0.650        0.63       0.65        0.59
gp_scenario_46     0.530     0.670        0.67       0.68        0.56
gp_scenario_47     0.530     0.670        0.66       0.68        0.59
gp_scenario_48     0.590     0.700        0.57       0.67        0.66
gp_scenario_49     0.490     0.670        0.61       0.68        0.53
gp_scenario_50     0.600     0.710        0.68       0.73        0.67
gp_scenario_51     0.480     0.650        0.61       0.65        0.48
gp_scenario_52     0.570     0.670        0.62       0.66        0.53
gp_scenario_53     0.490     0.610        0.56       0.62        0.52
gp_scenario_54     0.560     0.670        0.63       0.69        0.59
gp_scenario_55     0.650     0.710        0.62       0.69        0.60
gp_scenario_56     0.580     0.640        0.58       0.64        0.63
gp_scenario_57     0.420     0.610        0.58       0.60        0.59
gp_scenario_58     0.540     0.630        0.52       0.60        0.61
gp_scenario_59     0.600     0.770        0.77       0.77        0.59
gp_scenario_60     0.610     0.590        0.52       0.57        0.55
gp_scenario_61     0.510     0.650        0.60       0.65        0.58
gp_scenario_62     0.410     0.530        0.40       0.48        0.42
gp_scenario_63     0.720     0.710        0.62       0.69        0.61
gp_scenario_64     0.580     0.670        0.63       0.67        0.58
gp_scenario_65     0.510     0.720        0.71       0.76        0.62
gp_scenario_66     0.520     0.630        0.61       0.63        0.53
gp_scenario_67     0.610     0.740        0.71       0.74        0.65
gp_scenario_68     0.560     0.670        0.60       0.67        0.61
gp_scenario_69     0.550     0.750        0.68       0.73        0.61
gp_scenario_70     0.460     0.530        0.50       0.55        0.50
gp_scenario_71     0.550     0.690        0.65       0.70        0.62
gp_scenario_72     0.420     0.610        0.60       0.61        0.48
gp_scenario_73     0.490     0.630        0.54       0.61        0.49
gp_scenario_74     0.620     0.760        0.74       0.77        0.67
gp_scenario_75     0.630     0.690        0.62       0.68        0.59
gp_scenario_76     0.560     0.670        0.62       0.66        0.64
gp_scenario_77     0.430     0.650        0.60       0.64        0.53
gp_scenario_78     0.690     0.710        0.66       0.72        0.65
gp_scenario_79     0.560     0.700        0.63       0.69        0.57
gp_scenario_80     0.540     0.690        0.69       0.70        0.63
gp_scenario_81     0.550     0.660        0.59       0.64        0.51
gp_scenario_82     0.600     0.750        0.64       0.73        0.60
gp_scenario_83     0.550     0.670        0.53       0.63        0.60
gp_scenario_84     0.480     0.580        0.57       0.59        0.48
gp_scenario_85     0.580     0.750        0.72       0.76        0.67
gp_scenario_86     0.470     0.640        0.62       0.63        0.57
gp_scenario_87     0.550     0.700        0.58       0.67        0.59
gp_scenario_88     0.610     0.670        0.64       0.66        0.59
gp_scenario_89     0.530     0.600        0.51       0.59        0.47
gp_scenario_90     0.600     0.670        0.60       0.66        0.60
gp_scenario_91     0.510     0.650        0.60       0.64        0.54
gp_scenario_92     0.540     0.600        0.50       0.57        0.59
gp_scenario_93     0.490     0.760        0.76       0.75        0.58
gp_scenario_94     0.630     0.730        0.69       0.74        0.61
gp_scenario_95     0.410     0.600        0.45       0.55        0.61
gp_scenario_96     0.530     0.720        0.62       0.71        0.59
gp_scenario_97     0.520     0.720        0.72       0.74        0.60
gp_scenario_98     0.540     0.620        0.51       0.58        0.49
gp_scenario_99     0.560     0.670        0.62       0.66        0.61
gp_scenario_100    0.500     0.660        0.68       0.69        0.50
pa_median          0.540     0.670        0.62       0.67        0.59
pa_iqr             0.082     0.065        0.08       0.08        0.08
                RF_ls_means SVR_ls_means GBLUP_ls_means RKHS_ls_means
gp_scenario_1          0.40         0.55           0.52          0.53
gp_scenario_2          0.19         0.39           0.39          0.35
gp_scenario_3          0.40         0.49           0.42          0.47
gp_scenario_4          0.34         0.51           0.52          0.53
gp_scenario_5          0.35         0.51           0.51          0.53
gp_scenario_6          0.29         0.45           0.49          0.44
gp_scenario_7          0.31         0.46           0.41          0.45
gp_scenario_8          0.31         0.41           0.35          0.40
gp_scenario_9          0.34         0.55           0.57          0.55
gp_scenario_10         0.41         0.59           0.53          0.58
gp_scenario_11         0.28         0.38           0.38          0.38
gp_scenario_12         0.34         0.47           0.48          0.46
gp_scenario_13         0.34         0.49           0.49          0.51
gp_scenario_14         0.11         0.42           0.45          0.40
gp_scenario_15         0.30         0.55           0.50          0.54
gp_scenario_16         0.13         0.38           0.39          0.39
gp_scenario_17         0.35         0.66           0.66          0.58
gp_scenario_18         0.40         0.48           0.42          0.47
gp_scenario_19         0.24         0.38           0.42          0.37
gp_scenario_20         0.36         0.51           0.51          0.53
gp_scenario_21         0.37         0.54           0.51          0.53
gp_scenario_22         0.46         0.55           0.52          0.56
gp_scenario_23         0.41         0.50           0.51          0.51
gp_scenario_24         0.46         0.57           0.53          0.56
gp_scenario_25         0.41         0.64           0.54          0.62
gp_scenario_26         0.34         0.53           0.48          0.55
gp_scenario_27         0.40         0.57           0.58          0.58
gp_scenario_28         0.34         0.58           0.58          0.57
gp_scenario_29         0.42         0.57           0.56          0.56
gp_scenario_30         0.04         0.34           0.34          0.31
gp_scenario_31         0.47         0.53           0.55          0.52
gp_scenario_32         0.33         0.49           0.53          0.52
gp_scenario_33         0.05         0.31           0.37          0.31
gp_scenario_34         0.22         0.47           0.46          0.48
gp_scenario_35         0.37         0.48           0.43          0.46
gp_scenario_36         0.39         0.54           0.49          0.55
gp_scenario_37         0.41         0.56           0.50          0.58
gp_scenario_38         0.34         0.59           0.60          0.56
gp_scenario_39         0.35         0.46           0.41          0.45
gp_scenario_40         0.15         0.51           0.47          0.48
gp_scenario_41         0.47         0.56           0.59          0.54
gp_scenario_42         0.18         0.45           0.40          0.43
gp_scenario_43         0.35         0.54           0.53          0.54
gp_scenario_44         0.39         0.50           0.39          0.48
gp_scenario_45         0.38         0.54           0.53          0.55
gp_scenario_46         0.26         0.53           0.56          0.51
gp_scenario_47         0.32         0.51           0.53          0.52
gp_scenario_48         0.35         0.55           0.56          0.53
gp_scenario_49         0.29         0.50           0.43          0.48
gp_scenario_50         0.49         0.62           0.59          0.59
gp_scenario_51         0.27         0.52           0.50          0.52
gp_scenario_52         0.25         0.45           0.48          0.46
gp_scenario_53         0.32         0.49           0.44          0.50
gp_scenario_54         0.33         0.51           0.44          0.50
gp_scenario_55         0.44         0.54           0.46          0.53
gp_scenario_56         0.18         0.47           0.50          0.49
gp_scenario_57         0.47         0.58           0.53          0.57
gp_scenario_58         0.16         0.37           0.37          0.39
gp_scenario_59         0.35         0.47           0.46          0.44
gp_scenario_60         0.29         0.53           0.48          0.51
gp_scenario_61         0.42         0.59           0.52          0.57
gp_scenario_62         0.25         0.24           0.19          0.22
gp_scenario_63         0.43         0.42           0.41          0.44
gp_scenario_64         0.31         0.54           0.50          0.54
gp_scenario_65         0.29         0.54           0.53          0.54
gp_scenario_66         0.38         0.53           0.55          0.55
gp_scenario_67         0.20         0.42           0.43          0.42
gp_scenario_68         0.28         0.40           0.34          0.39
gp_scenario_69         0.35         0.56           0.44          0.54
gp_scenario_70         0.38         0.57           0.48          0.57
gp_scenario_71         0.45         0.63           0.58          0.61
gp_scenario_72         0.36         0.44           0.39          0.41
gp_scenario_73         0.30         0.47           0.39          0.46
gp_scenario_74         0.41         0.58           0.59          0.58
gp_scenario_75         0.40         0.49           0.49          0.50
gp_scenario_76         0.30         0.37           0.33          0.37
gp_scenario_77         0.25         0.42           0.47          0.44
gp_scenario_78         0.53         0.61           0.56          0.61
gp_scenario_79         0.30         0.55           0.54          0.52
gp_scenario_80         0.11         0.44           0.51          0.44
gp_scenario_81         0.36         0.51           0.44          0.49
gp_scenario_82         0.45         0.56           0.50          0.56
gp_scenario_83         0.39         0.46           0.36          0.46
gp_scenario_84         0.47         0.60           0.56          0.57
gp_scenario_85         0.19         0.46           0.47          0.49
gp_scenario_86         0.28         0.52           0.49          0.50
gp_scenario_87         0.26         0.44           0.41          0.43
gp_scenario_88         0.34         0.47           0.49          0.47
gp_scenario_89         0.53         0.61           0.54          0.60
gp_scenario_90         0.30         0.46           0.36          0.44
gp_scenario_91         0.19         0.43           0.36          0.43
gp_scenario_92         0.40         0.48           0.47          0.44
gp_scenario_93         0.46         0.60           0.59          0.61
gp_scenario_94         0.45         0.58           0.55          0.59
gp_scenario_95         0.37         0.46           0.42          0.45
gp_scenario_96         0.39         0.54           0.50          0.54
gp_scenario_97         0.40         0.68           0.67          0.67
gp_scenario_98         0.29         0.42           0.40          0.40
gp_scenario_99         0.29         0.49           0.52          0.50
gp_scenario_100        0.35         0.53           0.54          0.52
pa_median              0.34         0.51           0.49          0.51
pa_iqr                 0.11         0.09           0.11          0.10
                LASSO_ls_means RF_blups SVR_blups GBLUP_blups RKHS_blups
gp_scenario_1            0.380    0.300     0.450       0.440     0.2700
gp_scenario_2            0.170    0.086     0.320       0.390    -0.0064
gp_scenario_3            0.300    0.330     0.460       0.380     0.3500
gp_scenario_4            0.360    0.200     0.410       0.470     0.2500
gp_scenario_5            0.380    0.320     0.410       0.420     0.3000
gp_scenario_6            0.320    0.320     0.390       0.460     0.1500
gp_scenario_7            0.400    0.160     0.360       0.330     0.2200
gp_scenario_8            0.340    0.270     0.320       0.300     0.1400
gp_scenario_9            0.340    0.330     0.530       0.540     0.3600
gp_scenario_10           0.290    0.170     0.430       0.440     0.2100
gp_scenario_11           0.320    0.140     0.240       0.280     0.0540
gp_scenario_12           0.380    0.320     0.420       0.460     0.2000
gp_scenario_13           0.410    0.190     0.420       0.450     0.3200
gp_scenario_14           0.011    0.180     0.450       0.470     0.1500
gp_scenario_15           0.440    0.140     0.360       0.350     0.0610
gp_scenario_16           0.230    0.170     0.310       0.340     0.1600
gp_scenario_17           0.260    0.280     0.510       0.570     0.2600
gp_scenario_18           0.360    0.520     0.510       0.450     0.3000
gp_scenario_19           0.270    0.210     0.340       0.390     0.1700
gp_scenario_20           0.410    0.260     0.370       0.420     0.1600
gp_scenario_21           0.370    0.320     0.430       0.460     0.3500
gp_scenario_22           0.250    0.350     0.470       0.470     0.3400
gp_scenario_23           0.420    0.350     0.450       0.450     0.2500
gp_scenario_24           0.340    0.360     0.490       0.480     0.3700
gp_scenario_25           0.270    0.440     0.600       0.510     0.4800
gp_scenario_26           0.370    0.200     0.390       0.380     0.3600
gp_scenario_27           0.380    0.340     0.490       0.540     0.2200
gp_scenario_28           0.470    0.320     0.490       0.520     0.4200
gp_scenario_29           0.380    0.330     0.510       0.500     0.3300
gp_scenario_30           0.230    0.270     0.370       0.360    -0.0510
gp_scenario_31           0.370    0.190     0.340       0.440     0.0780
gp_scenario_32           0.430    0.270     0.420       0.480     0.3500
gp_scenario_33           0.180    0.088     0.280       0.370     0.0570
gp_scenario_34           0.270    0.160     0.420       0.420     0.1100
gp_scenario_35           0.290    0.180     0.410       0.410     0.2400
gp_scenario_36           0.300    0.340     0.430       0.390     0.3700
gp_scenario_37           0.340    0.300     0.490       0.440     0.3000
gp_scenario_38              NA    0.160     0.440       0.540     0.2500
gp_scenario_39           0.250    0.170     0.380       0.310     0.2300
gp_scenario_40           0.270    0.400     0.550       0.480     0.2400
gp_scenario_41           0.460    0.360     0.430       0.530     0.2900
gp_scenario_42           0.240    0.170     0.400       0.360     0.1800
gp_scenario_43           0.460    0.400     0.520       0.510     0.3700
gp_scenario_44           0.220    0.450     0.470       0.370     0.4200
gp_scenario_45           0.250    0.170     0.350       0.400     0.0640
gp_scenario_46           0.100    0.200     0.410       0.500     0.1700
gp_scenario_47           0.340    0.200     0.450       0.500     0.1800
gp_scenario_48           0.460    0.210     0.480       0.490     0.2700
gp_scenario_49           0.240    0.270     0.470       0.390     0.2800
gp_scenario_50           0.490    0.430     0.540       0.520     0.5100
gp_scenario_51           0.380    0.290     0.440       0.410     0.1600
gp_scenario_52           0.300    0.130     0.340       0.380     0.1600
gp_scenario_53           0.320    0.270     0.440       0.410     0.4300
gp_scenario_54           0.280    0.380     0.470       0.420     0.3900
gp_scenario_55           0.320    0.290     0.420       0.390     0.3300
gp_scenario_56           0.260    0.070     0.370       0.430     0.1800
gp_scenario_57           0.450    0.340     0.450       0.420     0.3200
gp_scenario_58           0.260    0.380     0.400       0.390     0.2500
gp_scenario_59           0.270    0.340     0.360       0.400     0.1700
gp_scenario_60           0.300    0.380     0.490       0.420     0.3600
gp_scenario_61           0.400    0.320     0.510       0.460     0.3000
gp_scenario_62           0.280    0.120     0.100       0.095     0.0051
gp_scenario_63           0.360    0.240     0.290       0.330     0.1100
gp_scenario_64           0.200    0.320     0.500       0.470     0.3100
gp_scenario_65           0.380    0.290     0.500       0.490     0.3200
gp_scenario_66           0.330    0.400     0.500       0.500     0.3000
gp_scenario_67           0.200    0.120     0.310       0.360     0.1700
gp_scenario_68           0.340    0.350     0.400       0.360     0.2300
gp_scenario_69           0.310    0.350     0.420       0.340     0.3400
gp_scenario_70           0.320    0.270     0.490       0.400     0.3500
gp_scenario_71           0.360    0.370     0.550       0.530     0.3300
gp_scenario_72           0.410    0.190     0.290       0.290     0.0320
gp_scenario_73           0.230    0.390     0.410       0.340     0.3300
gp_scenario_74           0.300    0.400     0.520       0.540     0.4000
gp_scenario_75           0.400    0.400     0.470       0.440     0.3500
gp_scenario_76           0.310    0.180     0.260       0.240     0.3000
gp_scenario_77           0.240    0.160     0.340       0.420     0.1700
gp_scenario_78           0.460    0.420     0.470       0.460     0.2300
gp_scenario_79           0.230    0.230     0.470       0.470     0.2200
gp_scenario_80           0.340    0.310     0.460       0.510     0.2800
gp_scenario_81           0.420    0.310     0.460       0.390     0.2900
gp_scenario_82           0.420    0.300     0.490       0.430     0.3400
gp_scenario_83           0.260    0.430     0.450       0.340     0.3400
gp_scenario_84           0.360    0.320     0.470       0.480     0.3200
gp_scenario_85           0.290    0.120     0.390       0.420     0.1400
gp_scenario_86           0.320    0.230     0.410       0.430     0.2100
gp_scenario_87           0.270    0.210     0.410       0.380     0.2600
gp_scenario_88           0.240    0.310     0.420       0.430     0.3000
gp_scenario_89           0.410    0.450     0.530       0.480     0.2700
gp_scenario_90           0.420    0.250     0.370       0.280     0.1500
gp_scenario_91           0.260    0.100     0.350       0.320     0.2300
gp_scenario_92           0.370    0.250     0.400       0.410     0.1500
gp_scenario_93           0.410    0.290     0.470       0.510     0.3600
gp_scenario_94           0.360    0.340     0.510       0.510     0.3400
gp_scenario_95           0.400    0.440     0.450       0.380     0.3700
gp_scenario_96           0.320    0.230     0.420       0.420     0.3400
gp_scenario_97           0.420    0.500     0.630       0.640     0.5100
gp_scenario_98           0.290    0.230     0.320       0.340     0.0890
gp_scenario_99           0.280    0.310     0.460       0.490     0.2800
gp_scenario_100          0.330    0.310     0.440       0.460     0.1600
pa_median                0.320    0.290     0.430       0.420     0.2700
pa_iqr                   0.110    0.150     0.085       0.100     0.1700
                LASSO_blups
gp_scenario_1            NA
gp_scenario_2       -0.0250
gp_scenario_3            NA
gp_scenario_4        0.2300
gp_scenario_5        0.2000
gp_scenario_6        0.2300
gp_scenario_7        0.2600
gp_scenario_8        0.2500
gp_scenario_9        0.1500
gp_scenario_10       0.1300
gp_scenario_11       0.2300
gp_scenario_12       0.2600
gp_scenario_13       0.3500
gp_scenario_14       0.0780
gp_scenario_15       0.0190
gp_scenario_16       0.1500
gp_scenario_17       0.2100
gp_scenario_18           NA
gp_scenario_19       0.0690
gp_scenario_20       0.0780
gp_scenario_21       0.2500
gp_scenario_22       0.2000
gp_scenario_23       0.3200
gp_scenario_24       0.3300
gp_scenario_25           NA
gp_scenario_26       0.0320
gp_scenario_27       0.1900
gp_scenario_28       0.3800
gp_scenario_29       0.2600
gp_scenario_30       0.2700
gp_scenario_31       0.1900
gp_scenario_32       0.1500
gp_scenario_33       0.2000
gp_scenario_34       0.0900
gp_scenario_35       0.1600
gp_scenario_36       0.3100
gp_scenario_37           NA
gp_scenario_38      -0.0086
gp_scenario_39       0.1800
gp_scenario_40       0.3200
gp_scenario_41           NA
gp_scenario_42      -0.0120
gp_scenario_43       0.4200
gp_scenario_44      -0.0990
gp_scenario_45       0.0860
gp_scenario_46       0.0260
gp_scenario_47       0.3000
gp_scenario_48           NA
gp_scenario_49       0.1700
gp_scenario_50           NA
gp_scenario_51       0.3400
gp_scenario_52       0.2000
gp_scenario_53       0.0930
gp_scenario_54       0.2100
gp_scenario_55       0.2200
gp_scenario_56       0.0057
gp_scenario_57       0.3200
gp_scenario_58       0.2700
gp_scenario_59       0.0550
gp_scenario_60           NA
gp_scenario_61       0.0440
gp_scenario_62       0.1500
gp_scenario_63       0.1400
gp_scenario_64       0.2100
gp_scenario_65       0.1800
gp_scenario_66       0.2600
gp_scenario_67       0.0960
gp_scenario_68      -0.0120
gp_scenario_69       0.2200
gp_scenario_70       0.1800
gp_scenario_71       0.0900
gp_scenario_72       0.3400
gp_scenario_73       0.0490
gp_scenario_74           NA
gp_scenario_75       0.3800
gp_scenario_76       0.1800
gp_scenario_77           NA
gp_scenario_78           NA
gp_scenario_79       0.1200
gp_scenario_80       0.3200
gp_scenario_81       0.2600
gp_scenario_82       0.3100
gp_scenario_83       0.0940
gp_scenario_84       0.1200
gp_scenario_85       0.2000
gp_scenario_86       0.1800
gp_scenario_87       0.0830
gp_scenario_88       0.2200
gp_scenario_89           NA
gp_scenario_90       0.3500
gp_scenario_91       0.1200
gp_scenario_92       0.3000
gp_scenario_93       0.2700
gp_scenario_94       0.0079
gp_scenario_95       0.3800
gp_scenario_96       0.2700
gp_scenario_97           NA
gp_scenario_98       0.1900
gp_scenario_99       0.2500
gp_scenario_100          NA
pa_median            0.2000
pa_iqr               0.1700
                GBLUP_wiser GBLUP_ls_means GBLUP_blups
gp_scenario_1          0.80           0.69       0.650
gp_scenario_2          0.82           0.74       0.690
gp_scenario_3          0.83           0.71       0.650
gp_scenario_4          0.81           0.75       0.720
gp_scenario_5          0.79           0.74       0.720
gp_scenario_6          0.82           0.69       0.650
gp_scenario_7          0.83           0.74       0.720
gp_scenario_8          0.85           0.80       0.770
gp_scenario_9          0.79           0.67       0.600
gp_scenario_10         0.75           0.72       0.690
gp_scenario_11         0.86           0.80       0.780
gp_scenario_12         0.85           0.74       0.690
gp_scenario_13         0.82           0.71       0.670
gp_scenario_14         0.74           0.70       0.630
gp_scenario_15         0.79           0.71       0.680
gp_scenario_16         0.83           0.79       0.760
gp_scenario_17         0.78           0.55       0.510
gp_scenario_18         0.83           0.75       0.690
gp_scenario_19         0.76           0.74       0.700
gp_scenario_20         0.78           0.70       0.660
gp_scenario_21         0.82           0.79       0.770
gp_scenario_22         0.83           0.72       0.680
gp_scenario_23         0.77           0.69       0.660
gp_scenario_24         0.82           0.68       0.630
gp_scenario_25         0.80           0.67       0.590
gp_scenario_26         0.80           0.73       0.690
gp_scenario_27         0.84           0.73       0.680
gp_scenario_28         0.79           0.72       0.670
gp_scenario_29         0.78           0.65       0.610
gp_scenario_30         0.82           0.75       0.700
gp_scenario_31         0.80           0.67       0.640
gp_scenario_32         0.84           0.71       0.660
gp_scenario_33         0.82           0.78       0.750
gp_scenario_34         0.82           0.70       0.640
gp_scenario_35         0.77           0.73       0.710
gp_scenario_36         0.81           0.74       0.710
gp_scenario_37         0.83           0.73       0.690
gp_scenario_38         0.79           0.66       0.630
gp_scenario_39         0.83           0.76       0.730
gp_scenario_40         0.83           0.72       0.650
gp_scenario_41         0.80           0.73       0.710
gp_scenario_42         0.84           0.76       0.720
gp_scenario_43         0.80           0.73       0.680
gp_scenario_44         0.80           0.71       0.650
gp_scenario_45         0.84           0.70       0.680
gp_scenario_46         0.78           0.67       0.630
gp_scenario_47         0.81           0.72       0.680
gp_scenario_48         0.84           0.75       0.720
gp_scenario_49         0.82           0.71       0.670
gp_scenario_50         0.78           0.66       0.590
gp_scenario_51         0.81           0.69       0.650
gp_scenario_52         0.81           0.74       0.710
gp_scenario_53         0.82           0.72       0.670
gp_scenario_54         0.81           0.79       0.750
gp_scenario_55         0.83           0.74       0.710
gp_scenario_56         0.82           0.71       0.680
gp_scenario_57         0.80           0.76       0.720
gp_scenario_58         0.84           0.74       0.690
gp_scenario_59         0.75           0.71       0.680
gp_scenario_60         0.87           0.73       0.680
gp_scenario_61         0.81           0.67       0.610
gp_scenario_62         0.87           0.79       0.760
gp_scenario_63         0.82           0.77       0.750
gp_scenario_64         0.81           0.70       0.640
gp_scenario_65         0.75           0.67       0.610
gp_scenario_66         0.83           0.70       0.640
gp_scenario_67         0.81           0.77       0.740
gp_scenario_68         0.81           0.76       0.730
gp_scenario_69         0.79           0.71       0.680
gp_scenario_70         0.83           0.73       0.680
gp_scenario_71         0.80           0.66       0.600
gp_scenario_72         0.84           0.79       0.770
gp_scenario_73         0.84           0.74       0.710
gp_scenario_74         0.77           0.68       0.610
gp_scenario_75         0.83           0.74       0.700
gp_scenario_76         0.78           0.79       0.760
gp_scenario_77         0.85           0.75       0.730
gp_scenario_78         0.81           0.71       0.670
gp_scenario_79         0.81           0.63       0.590
gp_scenario_80         0.79           0.73       0.670
gp_scenario_81         0.82           0.75       0.710
gp_scenario_82         0.84           0.73       0.680
gp_scenario_83         0.84           0.73       0.680
gp_scenario_84         0.85           0.73       0.710
gp_scenario_85         0.74           0.70       0.670
gp_scenario_86         0.80           0.69       0.660
gp_scenario_87         0.85           0.76       0.720
gp_scenario_88         0.82           0.74       0.700
gp_scenario_89         0.84           0.67       0.620
gp_scenario_90         0.81           0.77       0.730
gp_scenario_91         0.87           0.78       0.750
gp_scenario_92         0.83           0.70       0.660
gp_scenario_93         0.73           0.67       0.640
gp_scenario_94         0.79           0.67       0.610
gp_scenario_95         0.86           0.80       0.750
gp_scenario_96         0.80           0.68       0.650
gp_scenario_97         0.74           0.62       0.550
gp_scenario_98         0.86           0.76       0.720
gp_scenario_99         0.85           0.74       0.690
gp_scenario_100        0.79           0.73       0.690
h2_median              0.82           0.73       0.680
h2_iqr                 0.04           0.05       0.062
