Le chargement a nécessité le package : Matrix

Attachement du package : ‘tidyr’

Les objets suivants sont masqués depuis ‘package:Matrix’:

    expand, pack, unpack

Le chargement a nécessité le package : foreach
Le chargement a nécessité le package : iterators
Le chargement a nécessité le package : parallel
Le chargement a nécessité le package : rngtools
This build of rgl does not include OpenGL functions.  Use
 rglwidget() to display results, e.g. via options(rgl.printRglwidget = TRUE).
Le chargement a nécessité le package : Rcpp
Le chargement a nécessité le package : RcppZiggurat
Le chargement a nécessité le package : RcppParallel

Attachement du package : ‘RcppParallel’

L'objet suivant est masqué depuis ‘package:Rcpp’:

    LdFlags


Rfast: 2.1.0
 ___ __ __ __ __    __ __ __ __ __ _             _               __ __ __ __ __     __ __ __ __ __ __   
|  __ __ __ __  |  |  __ __ __ __ _/            / \             |  __ __ __ __ /   /__ __ _   _ __ __\  
| |           | |  | |                         / _ \            | |                        / /          
| |           | |  | |                        / / \ \           | |                       / /          
| |           | |  | |                       / /   \ \          | |                      / /          
| |__ __ __ __| |  | |__ __ __ __           / /     \ \         | |__ __ __ __ _        / /__/\          
|    __ __ __ __|  |  __ __ __ __|         / /__ _ __\ \        |_ __ __ __ _   |      / ___  /           
|   \              | |                    / _ _ _ _ _ _ \                     | |      \/  / /       
| |\ \             | |                   / /           \ \                    | |         / /          
| | \ \            | |                  / /             \ \                   | |        / /          
| |  \ \           | |                 / /               \ \                  | |       / /          
| |   \ \__ __ _   | |                / /                 \ \     _ __ __ __ _| |      / /          
|_|    \__ __ __\  |_|               /_/                   \_\   /_ __ __ __ ___|      \/             team

Attachement du package : ‘Rfast’

Les objets suivants sont masqués depuis ‘package:robustbase’:

    colMedians, rowMedians

L'objet suivant est masqué depuis ‘package:data.table’:

    transpose

Le chargement a nécessité le package : lattice

Attachement du package : ‘plotly’

L'objet suivant est masqué depuis ‘package:ggplot2’:

    last_plot

L'objet suivant est masqué depuis ‘package:MASS’:

    select

L'objet suivant est masqué depuis ‘package:stats’:

    filter

L'objet suivant est masqué depuis ‘package:graphics’:

    layout


Attachement du package : ‘dplyr’

L'objet suivant est masqué depuis ‘package:Rfast’:

    nth

Les objets suivants sont masqués depuis ‘package:data.table’:

    between, first, last

L'objet suivant est masqué depuis ‘package:MASS’:

    select

Les objets suivants sont masqués depuis ‘package:stats’:

    filter, lag

Les objets suivants sont masqués depuis ‘package:base’:

    intersect, setdiff, setequal, union


Attachement du package : ‘kernlab’

L'objet suivant est masqué depuis ‘package:ggplot2’:

    alpha

Le chargement a nécessité le package : corpcor

Attachement du package : ‘corpcor’

L'objet suivant est masqué depuis ‘package:matrixcalc’:

    is.positive.definite

Loaded glmnet 4.1-8

Loaded mixOmics 6.25.1
Thank you for using mixOmics!
Tutorials: http://mixomics.org
Bookdown vignette: https://mixomicsteam.github.io/Bookdown
Questions, issues: Follow the prompts at http://mixomics.org/contact-us
Cite us:  citation('mixOmics')

[1] "kernel: linear"
[1] "trait: ZN"
Growing trees.. Progress: 99%. Estimated remaining time: 0 seconds.
Growing trees.. Progress: 100%. Estimated remaining time: 0 seconds.
$opt_results
   whitening_method alpha_ prediction_method   mean_pa white_reg_combination
6          Cholesky    0.1                rf 0.5680492          Cholesky/0.1
12         Cholesky    0.1               svr 0.6512316          Cholesky/0.1
18         Cholesky    0.1             gblup 0.6070312          Cholesky/0.1
24         Cholesky    0.1              rkhs 0.6473553          Cholesky/0.1
30         Cholesky    0.1             lasso 0.5569971          Cholesky/0.1

$opt_alpha_
[1] 0.1

$opt_whitening_method
[1] "Cholesky"

[1] "Execution time for wiser computation of ZN with linear kernel : 52.6"
[1] "x_mat_tilde_mult_xi_test[1:10]: 6.89333572861939e-14, 1.17244504849092e-14, 1.4999872681833e-14, -4.60207399803365e-16, 1.11442604446108e-14"
[1] "mean of x_mat_tilde_mult_xi_test: 3.41334836572692e-15"
[1] "median of x_mat_tilde_mult_xi_test: 1.38015971942089e-15"
                RF_wiser SVR_wiser GBLUP_wiser RKHS_wiser LASSO_wiser
gp_scenario_1       0.56      0.69       0.670       0.70        0.63
gp_scenario_2       0.63      0.67       0.620       0.68        0.60
gp_scenario_3       0.57      0.70       0.710       0.73        0.65
gp_scenario_4       0.72      0.81       0.730       0.81        0.70
gp_scenario_5       0.59      0.74       0.730       0.75        0.68
gp_scenario_6       0.65      0.74       0.680       0.72        0.67
gp_scenario_7       0.57      0.71       0.700       0.73        0.65
gp_scenario_8       0.50      0.69       0.590       0.65        0.66
gp_scenario_9       0.69      0.71       0.640       0.70        0.68
gp_scenario_10      0.52      0.69       0.720       0.72        0.61
gp_scenario_11      0.52      0.68       0.630       0.68        0.60
gp_scenario_12      0.66      0.71       0.620       0.68        0.73
gp_scenario_13      0.63      0.72       0.670       0.72        0.64
gp_scenario_14      0.74      0.76       0.730       0.77        0.78
gp_scenario_15      0.46      0.65       0.620       0.67        0.56
gp_scenario_16      0.56      0.72       0.660       0.71        0.63
gp_scenario_17      0.42      0.66       0.610       0.65        0.56
gp_scenario_18      0.63      0.76       0.690       0.73        0.60
gp_scenario_19      0.58      0.68       0.670       0.70        0.72
gp_scenario_20      0.60      0.72       0.710       0.74        0.65
gp_scenario_21      0.65      0.70       0.680       0.71        0.66
gp_scenario_22      0.60      0.74       0.700       0.74        0.77
gp_scenario_23      0.63      0.77       0.720       0.77        0.62
gp_scenario_24      0.68      0.74       0.700       0.74        0.69
gp_scenario_25      0.55      0.70       0.700       0.72        0.69
gp_scenario_26      0.64      0.68       0.660       0.68        0.65
gp_scenario_27      0.62      0.76       0.720       0.77        0.62
gp_scenario_28      0.62      0.71       0.670       0.72        0.65
gp_scenario_29      0.62      0.72       0.660       0.72        0.57
gp_scenario_30      0.65      0.78       0.730       0.79        0.60
gp_scenario_31      0.58      0.72       0.680       0.72        0.62
gp_scenario_32      0.53      0.61       0.580       0.62        0.58
gp_scenario_33      0.58      0.65       0.570       0.64        0.61
gp_scenario_34      0.73      0.81       0.750       0.81        0.75
gp_scenario_35      0.62      0.70       0.720       0.72        0.58
gp_scenario_36      0.56      0.66       0.630       0.67        0.58
gp_scenario_37      0.67      0.72       0.700       0.73        0.64
gp_scenario_38      0.63      0.72       0.710       0.75        0.70
gp_scenario_39      0.67      0.79       0.760       0.79        0.71
gp_scenario_40      0.50      0.54       0.520       0.54        0.54
gp_scenario_41      0.67      0.76       0.770       0.79        0.66
gp_scenario_42      0.72      0.77       0.710       0.78        0.66
gp_scenario_43      0.63      0.76       0.690       0.76        0.68
gp_scenario_44      0.46      0.60       0.560       0.60        0.56
gp_scenario_45      0.52      0.61       0.540       0.59        0.59
gp_scenario_46      0.59      0.67       0.640       0.69        0.72
gp_scenario_47      0.63      0.74       0.720       0.76        0.63
gp_scenario_48      0.69      0.77       0.710       0.76        0.63
gp_scenario_49      0.61      0.76       0.710       0.77        0.63
gp_scenario_50      0.62      0.68       0.640       0.67        0.56
gp_scenario_51      0.59      0.76       0.710       0.76        0.69
gp_scenario_52      0.58      0.72       0.680       0.72        0.66
gp_scenario_53      0.56      0.70       0.740       0.73        0.62
gp_scenario_54      0.54      0.72       0.680       0.72        0.72
gp_scenario_55      0.71      0.76       0.700       0.74        0.66
gp_scenario_56      0.54      0.68       0.690       0.71        0.59
gp_scenario_57      0.50      0.73       0.700       0.74        0.63
gp_scenario_58      0.58      0.69       0.620       0.68        0.57
gp_scenario_59      0.67      0.78       0.780       0.80        0.71
gp_scenario_60      0.60      0.70       0.650       0.69        0.61
gp_scenario_61      0.49      0.72       0.700       0.73        0.57
gp_scenario_62      0.67      0.73       0.660       0.71        0.68
gp_scenario_63      0.73      0.77       0.740       0.78        0.73
gp_scenario_64      0.53      0.68       0.660       0.69        0.63
gp_scenario_65      0.62      0.73       0.670       0.72        0.64
gp_scenario_66      0.52      0.70       0.660       0.72        0.62
gp_scenario_67      0.78      0.77       0.740       0.78        0.71
gp_scenario_68      0.77      0.85       0.780       0.85        0.71
gp_scenario_69      0.69      0.80       0.750       0.79        0.73
gp_scenario_70      0.33      0.44       0.410       0.43        0.38
gp_scenario_71      0.66      0.74       0.710       0.75        0.71
gp_scenario_72      0.62      0.73       0.700       0.74        0.62
gp_scenario_73      0.48      0.65       0.610       0.64        0.49
gp_scenario_74      0.54      0.75       0.690       0.75        0.67
gp_scenario_75      0.72      0.74       0.700       0.74        0.71
gp_scenario_76      0.58      0.68       0.680       0.69        0.62
gp_scenario_77      0.64      0.75       0.720       0.76        0.64
gp_scenario_78      0.64      0.74       0.740       0.75        0.64
gp_scenario_79      0.52      0.65       0.610       0.66        0.68
gp_scenario_80      0.64      0.74       0.710       0.75        0.67
gp_scenario_81      0.61      0.71       0.670       0.69        0.63
gp_scenario_82      0.59      0.71       0.640       0.70        0.66
gp_scenario_83      0.53      0.73       0.710       0.73        0.67
gp_scenario_84      0.64      0.74       0.730       0.74        0.67
gp_scenario_85      0.48      0.71       0.690       0.72        0.58
gp_scenario_86      0.57      0.74       0.670       0.72        0.54
gp_scenario_87      0.53      0.73       0.720       0.76        0.70
gp_scenario_88      0.60      0.62       0.600       0.62        0.62
gp_scenario_89      0.55      0.72       0.700       0.73        0.62
gp_scenario_90      0.54      0.70       0.660       0.69        0.61
gp_scenario_91      0.73      0.78       0.760       0.79        0.73
gp_scenario_92      0.65      0.69       0.630       0.68        0.62
gp_scenario_93      0.59      0.60       0.620       0.62        0.54
gp_scenario_94      0.50      0.75       0.710       0.74        0.58
gp_scenario_95      0.58      0.72       0.660       0.71        0.61
gp_scenario_96      0.57      0.70       0.690       0.71        0.58
gp_scenario_97      0.58      0.73       0.690       0.74        0.67
gp_scenario_98      0.68      0.74       0.680       0.73        0.70
gp_scenario_99      0.53      0.65       0.600       0.66        0.62
gp_scenario_100     0.51      0.73       0.690       0.73        0.64
pa_median           0.60      0.72       0.690       0.72        0.64
pa_iqr              0.11      0.05       0.052       0.06        0.07
                RF_ls_means SVR_ls_means GBLUP_ls_means RKHS_ls_means
gp_scenario_1          0.42         0.30           0.24          0.30
gp_scenario_2          0.51         0.40           0.35          0.43
gp_scenario_3          0.55         0.50           0.41          0.50
gp_scenario_4          0.41         0.39           0.35          0.41
gp_scenario_5          0.41         0.36           0.29          0.37
gp_scenario_6          0.14         0.33           0.40          0.32
gp_scenario_7          0.51         0.51           0.47          0.49
gp_scenario_8          0.38         0.33           0.29          0.34
gp_scenario_9          0.59         0.50           0.42          0.52
gp_scenario_10         0.53         0.45           0.42          0.44
gp_scenario_11         0.44         0.38           0.32          0.38
gp_scenario_12         0.51         0.30           0.23          0.30
gp_scenario_13         0.43         0.32           0.24          0.33
gp_scenario_14         0.57         0.50           0.43          0.51
gp_scenario_15         0.38         0.43           0.37          0.48
gp_scenario_16         0.38         0.41           0.30          0.42
gp_scenario_17         0.57         0.49           0.48          0.51
gp_scenario_18         0.33         0.28           0.27          0.27
gp_scenario_19         0.59         0.56           0.49          0.55
gp_scenario_20         0.33         0.40           0.32          0.42
gp_scenario_21         0.45         0.31           0.26          0.34
gp_scenario_22         0.56         0.64           0.60          0.59
gp_scenario_23         0.42         0.39           0.28          0.43
gp_scenario_24         0.40         0.35           0.31          0.36
gp_scenario_25         0.36         0.31           0.29          0.31
gp_scenario_26         0.41         0.32           0.29          0.34
gp_scenario_27         0.46         0.48           0.37          0.50
gp_scenario_28         0.46         0.46           0.43          0.47
gp_scenario_29         0.35         0.33           0.26          0.34
gp_scenario_30         0.53         0.51           0.44          0.54
gp_scenario_31         0.49         0.48           0.42          0.48
gp_scenario_32         0.28         0.17           0.12          0.17
gp_scenario_33         0.47         0.56           0.51          0.58
gp_scenario_34         0.38         0.28           0.25          0.35
gp_scenario_35         0.38         0.40           0.38          0.38
gp_scenario_36         0.28         0.20           0.21          0.21
gp_scenario_37         0.35         0.45           0.36          0.45
gp_scenario_38         0.46         0.39           0.43          0.48
gp_scenario_39         0.47         0.49           0.45          0.50
gp_scenario_40         0.38         0.28           0.26          0.32
gp_scenario_41         0.27         0.34           0.30          0.37
gp_scenario_42         0.40         0.44           0.37          0.45
gp_scenario_43         0.55         0.48           0.45          0.50
gp_scenario_44         0.47         0.31           0.23          0.32
gp_scenario_45         0.44         0.37           0.23          0.36
gp_scenario_46         0.47         0.47           0.39          0.50
gp_scenario_47         0.46         0.48           0.40          0.51
gp_scenario_48         0.36         0.28           0.26          0.29
gp_scenario_49         0.42         0.57           0.53          0.56
gp_scenario_50         0.36         0.39           0.31          0.37
gp_scenario_51         0.33         0.32           0.32          0.36
gp_scenario_52         0.53         0.51           0.44          0.49
gp_scenario_53         0.41         0.45           0.51          0.48
gp_scenario_54         0.33         0.36           0.33          0.36
gp_scenario_55         0.37         0.47           0.46          0.46
gp_scenario_56         0.35         0.37           0.45          0.40
gp_scenario_57         0.49         0.42           0.33          0.47
gp_scenario_58         0.41         0.38           0.33          0.39
gp_scenario_59         0.49         0.50           0.49          0.48
gp_scenario_60         0.53         0.38           0.32          0.39
gp_scenario_61         0.57         0.57           0.53          0.51
gp_scenario_62         0.43         0.39           0.37          0.41
gp_scenario_63         0.42         0.44           0.38          0.43
gp_scenario_64         0.37         0.41           0.38          0.44
gp_scenario_65         0.36         0.39           0.34          0.42
gp_scenario_66         0.38         0.43           0.40          0.44
gp_scenario_67         0.26         0.15           0.14          0.15
gp_scenario_68         0.51         0.53           0.40          0.56
gp_scenario_69         0.58         0.62           0.51          0.59
gp_scenario_70         0.52         0.29           0.17          0.31
gp_scenario_71         0.63         0.57           0.44          0.65
gp_scenario_72         0.35         0.33           0.26          0.33
gp_scenario_73         0.44         0.49           0.42          0.49
gp_scenario_74         0.32         0.31           0.27          0.33
gp_scenario_75         0.38         0.25           0.20          0.26
gp_scenario_76         0.37         0.35           0.30          0.34
gp_scenario_77         0.54         0.51           0.47          0.51
gp_scenario_78         0.41         0.49           0.48          0.48
gp_scenario_79         0.49         0.43           0.35          0.45
gp_scenario_80         0.35         0.29           0.23          0.29
gp_scenario_81         0.45         0.33           0.22          0.30
gp_scenario_82         0.39         0.21           0.13          0.23
gp_scenario_83         0.43         0.49           0.44          0.50
gp_scenario_84         0.45         0.59           0.58          0.60
gp_scenario_85         0.45         0.29           0.21          0.31
gp_scenario_86         0.46         0.33           0.21          0.35
gp_scenario_87         0.43         0.44           0.43          0.48
gp_scenario_88         0.33         0.27           0.22          0.27
gp_scenario_89         0.54         0.48           0.40          0.48
gp_scenario_90         0.49         0.43           0.36          0.45
gp_scenario_91         0.47         0.42           0.41          0.47
gp_scenario_92         0.35         0.29           0.27          0.28
gp_scenario_93         0.50         0.46           0.40          0.44
gp_scenario_94         0.40         0.49           0.47          0.48
gp_scenario_95         0.49         0.40           0.31          0.41
gp_scenario_96         0.38         0.36           0.31          0.37
gp_scenario_97         0.59         0.48           0.39          0.50
gp_scenario_98         0.47         0.51           0.40          0.54
gp_scenario_99         0.48         0.35           0.25          0.36
gp_scenario_100        0.30         0.25           0.16          0.24
pa_median              0.43         0.40           0.36          0.42
pa_iqr                 0.11         0.15           0.16          0.15
                LASSO_ls_means
gp_scenario_1             0.36
gp_scenario_2             0.40
gp_scenario_3             0.50
gp_scenario_4             0.49
gp_scenario_5             0.46
gp_scenario_6             0.22
gp_scenario_7             0.50
gp_scenario_8             0.42
gp_scenario_9             0.57
gp_scenario_10            0.37
gp_scenario_11            0.42
gp_scenario_12            0.42
gp_scenario_13            0.42
gp_scenario_14            0.52
gp_scenario_15            0.43
gp_scenario_16            0.41
gp_scenario_17            0.47
gp_scenario_18            0.43
gp_scenario_19            0.57
gp_scenario_20            0.43
gp_scenario_21            0.37
gp_scenario_22            0.57
gp_scenario_23            0.53
gp_scenario_24            0.44
gp_scenario_25            0.27
gp_scenario_26            0.52
gp_scenario_27            0.50
gp_scenario_28            0.57
gp_scenario_29            0.34
gp_scenario_30            0.40
gp_scenario_31            0.43
gp_scenario_32            0.38
gp_scenario_33            0.50
gp_scenario_34            0.26
gp_scenario_35            0.41
gp_scenario_36            0.13
gp_scenario_37            0.36
gp_scenario_38            0.51
gp_scenario_39            0.52
gp_scenario_40            0.35
gp_scenario_41            0.29
gp_scenario_42            0.36
gp_scenario_43            0.46
gp_scenario_44            0.35
gp_scenario_45            0.43
gp_scenario_46            0.56
gp_scenario_47            0.43
gp_scenario_48            0.36
gp_scenario_49            0.37
gp_scenario_50            0.35
gp_scenario_51            0.36
gp_scenario_52            0.54
gp_scenario_53            0.45
gp_scenario_54            0.46
gp_scenario_55            0.38
gp_scenario_56            0.44
gp_scenario_57            0.42
gp_scenario_58            0.33
gp_scenario_59            0.44
gp_scenario_60            0.51
gp_scenario_61            0.55
gp_scenario_62            0.45
gp_scenario_63            0.41
gp_scenario_64            0.38
gp_scenario_65            0.41
gp_scenario_66            0.43
gp_scenario_67            0.29
gp_scenario_68            0.45
gp_scenario_69            0.58
gp_scenario_70            0.51
gp_scenario_71            0.52
gp_scenario_72            0.44
gp_scenario_73            0.50
gp_scenario_74            0.29
gp_scenario_75            0.37
gp_scenario_76            0.36
gp_scenario_77            0.56
gp_scenario_78            0.41
gp_scenario_79            0.58
gp_scenario_80            0.30
gp_scenario_81            0.34
gp_scenario_82            0.40
gp_scenario_83            0.49
gp_scenario_84            0.44
gp_scenario_85            0.34
gp_scenario_86            0.40
gp_scenario_87            0.37
gp_scenario_88            0.31
gp_scenario_89            0.54
gp_scenario_90            0.46
gp_scenario_91            0.52
gp_scenario_92            0.34
gp_scenario_93            0.38
gp_scenario_94            0.49
gp_scenario_95            0.41
gp_scenario_96            0.35
gp_scenario_97            0.52
gp_scenario_98            0.48
gp_scenario_99            0.31
gp_scenario_100           0.32
pa_median                 0.42
pa_iqr                    0.14
                GBLUP_wiser GBLUP_ls_means
gp_scenario_1          0.85           0.59
gp_scenario_2          0.84           0.49
gp_scenario_3          0.86           0.52
gp_scenario_4          0.81           0.56
gp_scenario_5          0.82           0.60
gp_scenario_6          0.85           0.54
gp_scenario_7          0.84           0.48
gp_scenario_8          0.88           0.62
gp_scenario_9          0.84           0.50
gp_scenario_10         0.82           0.59
gp_scenario_11         0.82           0.50
gp_scenario_12         0.86           0.62
gp_scenario_13         0.86           0.63
gp_scenario_14         0.84           0.49
gp_scenario_15         0.84           0.53
gp_scenario_16         0.85           0.58
gp_scenario_17         0.84           0.44
gp_scenario_18         0.84           0.60
gp_scenario_19         0.84           0.50
gp_scenario_20         0.83           0.54
gp_scenario_21         0.85           0.62
gp_scenario_22         0.85           0.35
gp_scenario_23         0.81           0.57
gp_scenario_24         0.83           0.55
gp_scenario_25         0.82           0.62
gp_scenario_26         0.85           0.59
gp_scenario_27         0.84           0.48
gp_scenario_28         0.84           0.47
gp_scenario_29         0.85           0.63
gp_scenario_30         0.82           0.54
gp_scenario_31         0.85           0.52
gp_scenario_32         0.88           0.68
gp_scenario_33         0.85           0.38
gp_scenario_34         0.83           0.66
gp_scenario_35         0.80           0.51
gp_scenario_36         0.84           0.61
gp_scenario_37         0.82           0.48
gp_scenario_38         0.85           0.55
gp_scenario_39         0.83           0.45
gp_scenario_40         0.85           0.63
gp_scenario_41         0.83           0.60
gp_scenario_42         0.80           0.51
gp_scenario_43         0.86           0.49
gp_scenario_44         0.85           0.62
gp_scenario_45         0.89           0.57
gp_scenario_46         0.83           0.50
gp_scenario_47         0.85           0.51
gp_scenario_48         0.83           0.62
gp_scenario_49         0.82           0.39
gp_scenario_50         0.87           0.64
gp_scenario_51         0.82           0.52
gp_scenario_52         0.82           0.49
gp_scenario_53         0.83           0.53
gp_scenario_54         0.84           0.55
gp_scenario_55         0.86           0.56
gp_scenario_56         0.79           0.49
gp_scenario_57         0.83           0.57
gp_scenario_58         0.86           0.59
gp_scenario_59         0.80           0.46
gp_scenario_60         0.89           0.62
gp_scenario_61         0.83           0.49
gp_scenario_62         0.87           0.60
gp_scenario_63         0.82           0.50
gp_scenario_64         0.86           0.54
gp_scenario_65         0.83           0.58
gp_scenario_66         0.82           0.50
gp_scenario_67         0.83           0.67
gp_scenario_68         0.82           0.50
gp_scenario_69         0.84           0.42
gp_scenario_70         0.86           0.62
gp_scenario_71         0.81           0.44
gp_scenario_72         0.85           0.66
gp_scenario_73         0.86           0.50
gp_scenario_74         0.83           0.57
gp_scenario_75         0.85           0.63
gp_scenario_76         0.87           0.62
gp_scenario_77         0.84           0.49
gp_scenario_78         0.80           0.49
gp_scenario_79         0.86           0.51
gp_scenario_80         0.81           0.62
gp_scenario_81         0.87           0.57
gp_scenario_82         0.83           0.68
gp_scenario_83         0.83           0.46
gp_scenario_84         0.84           0.45
gp_scenario_85         0.81           0.67
gp_scenario_86         0.85           0.58
gp_scenario_87         0.82           0.55
gp_scenario_88         0.86           0.59
gp_scenario_89         0.85           0.50
gp_scenario_90         0.79           0.49
gp_scenario_91         0.83           0.55
gp_scenario_92         0.85           0.61
gp_scenario_93         0.85           0.55
gp_scenario_94         0.82           0.45
gp_scenario_95         0.85           0.56
gp_scenario_96         0.83           0.58
gp_scenario_97         0.80           0.50
gp_scenario_98         0.87           0.52
gp_scenario_99         0.84           0.57
gp_scenario_100        0.85           0.63
h2_median              0.84           0.55
h2_iqr                 0.03           0.10
